{"C:\\Users\\larsb\\SheepTracker\\App.js": {"path":"C:\\Users\\larsb\\SheepTracker\\App.js","statementMap":{"0":{"start":{"line":11,"column":26},"end":{"line":11,"column":36}},"1":{"start":{"line":12,"column":30},"end":{"line":12,"column":45}},"2":{"start":{"line":14,"column":22},"end":{"line":17,"column":3}},"3":{"start":{"line":15,"column":17},"end":{"line":15,"column":44}},"4":{"start":{"line":16,"column":4},"end":{"line":16,"column":18}},"5":{"start":{"line":19,"column":2},"end":{"line":19,"column":92}},"6":{"start":{"line":19,"column":13},"end":{"line":19,"column":92}},"7":{"start":{"line":19,"column":73},"end":{"line":19,"column":89}},"8":{"start":{"line":21,"column":2},"end":{"line":27,"column":4}}},"fnMap":{"0":{"name":"App","decl":{"start":{"line":10,"column":24},"end":{"line":10,"column":27}},"loc":{"start":{"line":10,"column":30},"end":{"line":28,"column":1}},"line":10},"1":{"name":"(anonymous_1)","decl":{"start":{"line":14,"column":22},"end":{"line":14,"column":23}},"loc":{"start":{"line":14,"column":34},"end":{"line":17,"column":3}},"line":14},"2":{"name":"(anonymous_2)","decl":{"start":{"line":19,"column":67},"end":{"line":19,"column":68}},"loc":{"start":{"line":19,"column":73},"end":{"line":19,"column":89}},"line":19}},"branchMap":{"0":{"loc":{"start":{"line":19,"column":2},"end":{"line":19,"column":92}},"type":"if","locations":[{"start":{"line":19,"column":2},"end":{"line":19,"column":92}},{"start":{"line":19,"column":2},"end":{"line":19,"column":92}}],"line":19},"1":{"loc":{"start":{"line":24,"column":9},"end":{"line":24,"column":50}},"type":"cond-expr","locations":[{"start":{"line":24,"column":16},"end":{"line":24,"column":31}},{"start":{"line":24,"column":34},"end":{"line":24,"column":50}}],"line":24}},"s":{"0":0,"1":0,"2":0,"3":0,"4":0,"5":0,"6":0,"7":0,"8":0},"f":{"0":0,"1":0,"2":0},"b":{"0":[0,0],"1":[0,0]}}
,"C:\\Users\\larsb\\SheepTracker\\app\\api\\auth.js": {"path":"C:\\Users\\larsb\\SheepTracker\\app\\api\\auth.js","statementMap":{"0":{"start":{"line":3,"column":21},"end":{"line":3,"column":73}},"1":{"start":{"line":4,"column":20},"end":{"line":4,"column":72}},"2":{"start":{"line":13,"column":14},"end":{"line":13,"column":81}},"3":{"start":{"line":13,"column":30},"end":{"line":13,"column":81}},"4":{"start":{"line":20,"column":15},"end":{"line":20,"column":73}},"5":{"start":{"line":20,"column":26},"end":{"line":20,"column":73}}},"fnMap":{"0":{"name":"(anonymous_0)","decl":{"start":{"line":13,"column":14},"end":{"line":13,"column":15}},"loc":{"start":{"line":13,"column":30},"end":{"line":13,"column":81}},"line":13},"1":{"name":"(anonymous_1)","decl":{"start":{"line":20,"column":15},"end":{"line":20,"column":16}},"loc":{"start":{"line":20,"column":26},"end":{"line":20,"column":73}},"line":20}},"branchMap":{},"s":{"0":0,"1":0,"2":0,"3":0,"4":0,"5":0},"f":{"0":0,"1":0},"b":{}}
,"C:\\Users\\larsb\\SheepTracker\\app\\api\\client.js": {"path":"C:\\Users\\larsb\\SheepTracker\\app\\api\\client.js","statementMap":{"0":{"start":{"line":5,"column":18},"end":{"line":11,"column":2}},"1":{"start":{"line":21,"column":12},"end":{"line":21,"column":25}},"2":{"start":{"line":22,"column":0},"end":{"line":36,"column":2}},"3":{"start":{"line":23,"column":2},"end":{"line":28,"column":3}},"4":{"start":{"line":24,"column":4},"end":{"line":24,"column":44}},"5":{"start":{"line":25,"column":17},"end":{"line":25,"column":34}},"6":{"start":{"line":26,"column":4},"end":{"line":26,"column":39}},"7":{"start":{"line":26,"column":13},"end":{"line":26,"column":39}},"8":{"start":{"line":27,"column":4},"end":{"line":27,"column":34}},"9":{"start":{"line":29,"column":2},"end":{"line":29,"column":37}},"10":{"start":{"line":30,"column":19},"end":{"line":30,"column":54}},"11":{"start":{"line":31,"column":2},"end":{"line":33,"column":3}},"12":{"start":{"line":32,"column":4},"end":{"line":32,"column":59}},"13":{"start":{"line":32,"column":36},"end":{"line":32,"column":57}},"14":{"start":{"line":34,"column":2},"end":{"line":34,"column":42}},"15":{"start":{"line":35,"column":2},"end":{"line":35,"column":18}},"16":{"start":{"line":47,"column":13},"end":{"line":47,"column":27}},"17":{"start":{"line":48,"column":0},"end":{"line":62,"column":2}},"18":{"start":{"line":49,"column":2},"end":{"line":55,"column":3}},"19":{"start":{"line":50,"column":4},"end":{"line":52,"column":5}},"20":{"start":{"line":51,"column":6},"end":{"line":51,"column":87}},"21":{"start":{"line":51,"column":24},"end":{"line":51,"column":85}},"22":{"start":{"line":51,"column":48},"end":{"line":51,"column":84}},"23":{"start":{"line":51,"column":70},"end":{"line":51,"column":83}},"24":{"start":{"line":54,"column":4},"end":{"line":54,"column":21}},"25":{"start":{"line":56,"column":19},"end":{"line":56,"column":53}},"26":{"start":{"line":57,"column":2},"end":{"line":60,"column":3}},"27":{"start":{"line":58,"column":4},"end":{"line":58,"column":40}},"28":{"start":{"line":58,"column":20},"end":{"line":58,"column":40}},"29":{"start":{"line":59,"column":4},"end":{"line":59,"column":27}},"30":{"start":{"line":61,"column":2},"end":{"line":61,"column":17}}},"fnMap":{"0":{"name":"(anonymous_0)","decl":{"start":{"line":22,"column":16},"end":{"line":22,"column":17}},"loc":{"start":{"line":22,"column":63},"end":{"line":36,"column":1}},"line":22},"1":{"name":"(anonymous_1)","decl":{"start":{"line":32,"column":26},"end":{"line":32,"column":27}},"loc":{"start":{"line":32,"column":36},"end":{"line":32,"column":57}},"line":32},"2":{"name":"(anonymous_2)","decl":{"start":{"line":48,"column":17},"end":{"line":48,"column":18}},"loc":{"start":{"line":48,"column":64},"end":{"line":62,"column":1}},"line":48},"3":{"name":"(anonymous_3)","decl":{"start":{"line":51,"column":19},"end":{"line":51,"column":20}},"loc":{"start":{"line":51,"column":24},"end":{"line":51,"column":85}},"line":51},"4":{"name":"(anonymous_4)","decl":{"start":{"line":51,"column":43},"end":{"line":51,"column":44}},"loc":{"start":{"line":51,"column":48},"end":{"line":51,"column":84}},"line":51},"5":{"name":"(anonymous_5)","decl":{"start":{"line":51,"column":65},"end":{"line":51,"column":66}},"loc":{"start":{"line":51,"column":70},"end":{"line":51,"column":83}},"line":51}},"branchMap":{"0":{"loc":{"start":{"line":23,"column":2},"end":{"line":28,"column":3}},"type":"if","locations":[{"start":{"line":23,"column":2},"end":{"line":28,"column":3}},{"start":{"line":23,"column":2},"end":{"line":28,"column":3}}],"line":23},"1":{"loc":{"start":{"line":26,"column":4},"end":{"line":26,"column":39}},"type":"if","locations":[{"start":{"line":26,"column":4},"end":{"line":26,"column":39}},{"start":{"line":26,"column":4},"end":{"line":26,"column":39}}],"line":26},"2":{"loc":{"start":{"line":31,"column":2},"end":{"line":33,"column":3}},"type":"if","locations":[{"start":{"line":31,"column":2},"end":{"line":33,"column":3}},{"start":{"line":31,"column":2},"end":{"line":33,"column":3}}],"line":31},"3":{"loc":{"start":{"line":50,"column":4},"end":{"line":52,"column":5}},"type":"if","locations":[{"start":{"line":50,"column":4},"end":{"line":52,"column":5}},{"start":{"line":50,"column":4},"end":{"line":52,"column":5}}],"line":50},"4":{"loc":{"start":{"line":57,"column":2},"end":{"line":60,"column":3}},"type":"if","locations":[{"start":{"line":57,"column":2},"end":{"line":60,"column":3}},{"start":{"line":57,"column":2},"end":{"line":60,"column":3}}],"line":57},"5":{"loc":{"start":{"line":57,"column":5},"end":{"line":57,"column":24}},"type":"binary-expr","locations":[{"start":{"line":57,"column":5},"end":{"line":57,"column":16}},{"start":{"line":57,"column":20},"end":{"line":57,"column":24}}],"line":57},"6":{"loc":{"start":{"line":58,"column":4},"end":{"line":58,"column":40}},"type":"if","locations":[{"start":{"line":58,"column":4},"end":{"line":58,"column":40}},{"start":{"line":58,"column":4},"end":{"line":58,"column":40}}],"line":58}},"s":{"0":0,"1":0,"2":0,"3":0,"4":0,"5":0,"6":0,"7":0,"8":0,"9":0,"10":0,"11":0,"12":0,"13":0,"14":0,"15":0,"16":0,"17":0,"18":0,"19":0,"20":0,"21":0,"22":0,"23":0,"24":0,"25":0,"26":0,"27":0,"28":0,"29":0,"30":0},"f":{"0":0,"1":0,"2":0,"3":0,"4":0,"5":0},"b":{"0":[0,0],"1":[0,0],"2":[0,0],"3":[0,0],"4":[0,0],"5":[0,0],"6":[0,0]}}
,"C:\\Users\\larsb\\SheepTracker\\app\\api\\reports.js": {"path":"C:\\Users\\larsb\\SheepTracker\\app\\api\\reports.js","statementMap":{"0":{"start":{"line":3,"column":27},"end":{"line":3,"column":79}},"1":{"start":{"line":5,"column":27},"end":{"line":5,"column":79}},"2":{"start":{"line":7,"column":29},"end":{"line":7,"column":81}},"3":{"start":{"line":16,"column":19},"end":{"line":16,"column":120}},"4":{"start":{"line":16,"column":56},"end":{"line":16,"column":120}},"5":{"start":{"line":24,"column":19},"end":{"line":24,"column":112}},"6":{"start":{"line":24,"column":57},"end":{"line":24,"column":112}},"7":{"start":{"line":31,"column":21},"end":{"line":31,"column":93}},"8":{"start":{"line":31,"column":29},"end":{"line":31,"column":93}}},"fnMap":{"0":{"name":"(anonymous_0)","decl":{"start":{"line":16,"column":19},"end":{"line":16,"column":20}},"loc":{"start":{"line":16,"column":56},"end":{"line":16,"column":120}},"line":16},"1":{"name":"(anonymous_1)","decl":{"start":{"line":24,"column":19},"end":{"line":24,"column":20}},"loc":{"start":{"line":24,"column":57},"end":{"line":24,"column":112}},"line":24},"2":{"name":"(anonymous_2)","decl":{"start":{"line":31,"column":21},"end":{"line":31,"column":22}},"loc":{"start":{"line":31,"column":29},"end":{"line":31,"column":93}},"line":31}},"branchMap":{"0":{"loc":{"start":{"line":16,"column":34},"end":{"line":16,"column":51}},"type":"default-arg","locations":[{"start":{"line":16,"column":46},"end":{"line":16,"column":51}}],"line":16},"1":{"loc":{"start":{"line":24,"column":34},"end":{"line":24,"column":52}},"type":"default-arg","locations":[{"start":{"line":24,"column":48},"end":{"line":24,"column":52}}],"line":24}},"s":{"0":0,"1":0,"2":0,"3":0,"4":0,"5":0,"6":0,"7":0,"8":0},"f":{"0":0,"1":0,"2":0},"b":{"0":[0],"1":[0]}}
,"C:\\Users\\larsb\\SheepTracker\\app\\api\\users.js": {"path":"C:\\Users\\larsb\\SheepTracker\\app\\api\\users.js","statementMap":{"0":{"start":{"line":3,"column":29},"end":{"line":3,"column":81}},"1":{"start":{"line":10,"column":17},"end":{"line":10,"column":74}},"2":{"start":{"line":10,"column":31},"end":{"line":10,"column":74}}},"fnMap":{"0":{"name":"(anonymous_0)","decl":{"start":{"line":10,"column":17},"end":{"line":10,"column":18}},"loc":{"start":{"line":10,"column":31},"end":{"line":10,"column":74}},"line":10}},"branchMap":{},"s":{"0":0,"1":0,"2":0},"f":{"0":0},"b":{}}
,"C:\\Users\\larsb\\SheepTracker\\app\\auth\\context.js": {"path":"C:\\Users\\larsb\\SheepTracker\\app\\auth\\context.js","statementMap":{"0":{"start":{"line":3,"column":20},"end":{"line":3,"column":41}}},"fnMap":{},"branchMap":{},"s":{"0":0},"f":{},"b":{}}
,"C:\\Users\\larsb\\SheepTracker\\app\\auth\\storage.js": {"path":"C:\\Users\\larsb\\SheepTracker\\app\\auth\\storage.js","statementMap":{"0":{"start":{"line":4,"column":12},"end":{"line":4,"column":23}},"1":{"start":{"line":10,"column":19},"end":{"line":16,"column":1}},"2":{"start":{"line":11,"column":4},"end":{"line":15,"column":5}},"3":{"start":{"line":12,"column":8},"end":{"line":12,"column":54}},"4":{"start":{"line":14,"column":8},"end":{"line":14,"column":63}},"5":{"start":{"line":22,"column":17},"end":{"line":28,"column":1}},"6":{"start":{"line":23,"column":4},"end":{"line":27,"column":5}},"7":{"start":{"line":24,"column":8},"end":{"line":24,"column":51}},"8":{"start":{"line":26,"column":8},"end":{"line":26,"column":62}},"9":{"start":{"line":34,"column":16},"end":{"line":37,"column":1}},"10":{"start":{"line":35,"column":18},"end":{"line":35,"column":34}},"11":{"start":{"line":36,"column":4},"end":{"line":36,"column":43}},"12":{"start":{"line":43,"column":20},"end":{"line":49,"column":1}},"13":{"start":{"line":44,"column":4},"end":{"line":48,"column":5}},"14":{"start":{"line":45,"column":8},"end":{"line":45,"column":47}},"15":{"start":{"line":47,"column":8},"end":{"line":47,"column":59}}},"fnMap":{"0":{"name":"(anonymous_0)","decl":{"start":{"line":10,"column":19},"end":{"line":10,"column":20}},"loc":{"start":{"line":10,"column":38},"end":{"line":16,"column":1}},"line":10},"1":{"name":"(anonymous_1)","decl":{"start":{"line":22,"column":17},"end":{"line":22,"column":18}},"loc":{"start":{"line":22,"column":29},"end":{"line":28,"column":1}},"line":22},"2":{"name":"(anonymous_2)","decl":{"start":{"line":34,"column":16},"end":{"line":34,"column":17}},"loc":{"start":{"line":34,"column":28},"end":{"line":37,"column":1}},"line":34},"3":{"name":"(anonymous_3)","decl":{"start":{"line":43,"column":20},"end":{"line":43,"column":21}},"loc":{"start":{"line":43,"column":32},"end":{"line":49,"column":1}},"line":43}},"branchMap":{"0":{"loc":{"start":{"line":36,"column":11},"end":{"line":36,"column":42}},"type":"cond-expr","locations":[{"start":{"line":36,"column":19},"end":{"line":36,"column":35}},{"start":{"line":36,"column":38},"end":{"line":36,"column":42}}],"line":36}},"s":{"0":0,"1":0,"2":0,"3":0,"4":0,"5":0,"6":0,"7":0,"8":0,"9":0,"10":0,"11":0,"12":0,"13":0,"14":0,"15":0},"f":{"0":0,"1":0,"2":0,"3":0},"b":{"0":[0,0]}}
,"C:\\Users\\larsb\\SheepTracker\\app\\auth\\useAuth.js": {"path":"C:\\Users\\larsb\\SheepTracker\\app\\auth\\useAuth.js","statementMap":{"0":{"start":{"line":10,"column":16},"end":{"line":34,"column":1}},"1":{"start":{"line":11,"column":28},"end":{"line":11,"column":51}},"2":{"start":{"line":19,"column":16},"end":{"line":22,"column":3}},"3":{"start":{"line":20,"column":4},"end":{"line":20,"column":34}},"4":{"start":{"line":21,"column":4},"end":{"line":21,"column":38}},"5":{"start":{"line":28,"column":17},"end":{"line":31,"column":3}},"6":{"start":{"line":29,"column":4},"end":{"line":29,"column":18}},"7":{"start":{"line":30,"column":4},"end":{"line":30,"column":30}},"8":{"start":{"line":33,"column":2},"end":{"line":33,"column":33}}},"fnMap":{"0":{"name":"(anonymous_0)","decl":{"start":{"line":10,"column":16},"end":{"line":10,"column":17}},"loc":{"start":{"line":10,"column":22},"end":{"line":34,"column":1}},"line":10},"1":{"name":"(anonymous_1)","decl":{"start":{"line":19,"column":16},"end":{"line":19,"column":17}},"loc":{"start":{"line":19,"column":31},"end":{"line":22,"column":3}},"line":19},"2":{"name":"(anonymous_2)","decl":{"start":{"line":28,"column":17},"end":{"line":28,"column":18}},"loc":{"start":{"line":28,"column":23},"end":{"line":31,"column":3}},"line":28}},"branchMap":{},"s":{"0":0,"1":0,"2":0,"3":0,"4":0,"5":0,"6":0,"7":0,"8":0},"f":{"0":0,"1":0,"2":0},"b":{}}
,"C:\\Users\\larsb\\SheepTracker\\app\\components\\AppActivityIndicator.js": {"path":"C:\\Users\\larsb\\SheepTracker\\app\\components\\AppActivityIndicator.js","statementMap":{"0":{"start":{"line":7,"column":29},"end":{"line":20,"column":1}},"1":{"start":{"line":8,"column":2},"end":{"line":8,"column":28}},"2":{"start":{"line":8,"column":16},"end":{"line":8,"column":28}},"3":{"start":{"line":9,"column":2},"end":{"line":19,"column":4}},"4":{"start":{"line":22,"column":15},"end":{"line":31,"column":2}}},"fnMap":{"0":{"name":"(anonymous_0)","decl":{"start":{"line":7,"column":29},"end":{"line":7,"column":30}},"loc":{"start":{"line":7,"column":69},"end":{"line":20,"column":1}},"line":7}},"branchMap":{"0":{"loc":{"start":{"line":7,"column":32},"end":{"line":7,"column":47}},"type":"default-arg","locations":[{"start":{"line":7,"column":42},"end":{"line":7,"column":47}}],"line":7},"1":{"loc":{"start":{"line":8,"column":2},"end":{"line":8,"column":28}},"type":"if","locations":[{"start":{"line":8,"column":2},"end":{"line":8,"column":28}},{"start":{"line":8,"column":2},"end":{"line":8,"column":28}}],"line":8}},"s":{"0":0,"1":0,"2":0,"3":0,"4":0},"f":{"0":0},"b":{"0":[0],"1":[0,0]}}
,"C:\\Users\\larsb\\SheepTracker\\app\\components\\AppButton.js": {"path":"C:\\Users\\larsb\\SheepTracker\\app\\components\\AppButton.js","statementMap":{"0":{"start":{"line":8,"column":18},"end":{"line":41,"column":1}},"1":{"start":{"line":21,"column":2},"end":{"line":40,"column":4}},"2":{"start":{"line":43,"column":15},"end":{"line":63,"column":2}}},"fnMap":{"0":{"name":"(anonymous_0)","decl":{"start":{"line":8,"column":18},"end":{"line":8,"column":19}},"loc":{"start":{"line":20,"column":6},"end":{"line":41,"column":1}},"line":20}},"branchMap":{"0":{"loc":{"start":{"line":19,"column":2},"end":{"line":19,"column":21}},"type":"default-arg","locations":[{"start":{"line":19,"column":17},"end":{"line":19,"column":21}}],"line":19},"1":{"loc":{"start":{"line":22,"column":87},"end":{"line":22,"column":114}},"type":"cond-expr","locations":[{"start":{"line":22,"column":98},"end":{"line":22,"column":106}},{"start":{"line":22,"column":109},"end":{"line":22,"column":114}}],"line":22},"2":{"loc":{"start":{"line":23,"column":7},"end":{"line":25,"column":7}},"type":"binary-expr","locations":[{"start":{"line":23,"column":7},"end":{"line":23,"column":15}},{"start":{"line":23,"column":19},"end":{"line":23,"column":31}},{"start":{"line":24,"column":8},"end":{"line":24,"column":77}}],"line":23},"3":{"loc":{"start":{"line":26,"column":7},"end":{"line":35,"column":7}},"type":"binary-expr","locations":[{"start":{"line":26,"column":7},"end":{"line":26,"column":17}},{"start":{"line":27,"column":8},"end":{"line":34,"column":10}}],"line":26},"4":{"loc":{"start":{"line":30,"column":19},"end":{"line":30,"column":67}},"type":"cond-expr","locations":[{"start":{"line":30,"column":31},"end":{"line":30,"column":40}},{"start":{"line":30,"column":43},"end":{"line":30,"column":67}}],"line":30},"5":{"loc":{"start":{"line":31,"column":24},"end":{"line":31,"column":55}},"type":"cond-expr","locations":[{"start":{"line":31,"column":37},"end":{"line":31,"column":47}},{"start":{"line":31,"column":50},"end":{"line":31,"column":55}}],"line":31},"6":{"loc":{"start":{"line":36,"column":7},"end":{"line":38,"column":7}},"type":"binary-expr","locations":[{"start":{"line":36,"column":7},"end":{"line":36,"column":15}},{"start":{"line":36,"column":19},"end":{"line":36,"column":32}},{"start":{"line":37,"column":8},"end":{"line":37,"column":77}}],"line":36}},"s":{"0":0,"1":0,"2":0},"f":{"0":0},"b":{"0":[0],"1":[0,0],"2":[0,0,0],"3":[0,0],"4":[0,0],"5":[0,0],"6":[0,0,0]}}
,"C:\\Users\\larsb\\SheepTracker\\app\\components\\AppText.js": {"path":"C:\\Users\\larsb\\SheepTracker\\app\\components\\AppText.js","statementMap":{"0":{"start":{"line":11,"column":16},"end":{"line":23,"column":1}},"1":{"start":{"line":12,"column":2},"end":{"line":21,"column":6}},"2":{"start":{"line":13,"column":4},"end":{"line":21,"column":6}},"3":{"start":{"line":22,"column":2},"end":{"line":22,"column":53}},"4":{"start":{"line":25,"column":15},"end":{"line":31,"column":2}}},"fnMap":{"0":{"name":"(anonymous_0)","decl":{"start":{"line":11,"column":16},"end":{"line":11,"column":17}},"loc":{"start":{"line":11,"column":67},"end":{"line":23,"column":1}},"line":11}},"branchMap":{"0":{"loc":{"start":{"line":12,"column":2},"end":{"line":21,"column":6}},"type":"if","locations":[{"start":{"line":12,"column":2},"end":{"line":21,"column":6}},{"start":{"line":12,"column":2},"end":{"line":21,"column":6}}],"line":12}},"s":{"0":0,"1":0,"2":0,"3":0,"4":0},"f":{"0":0},"b":{"0":[0,0]}}
,"C:\\Users\\larsb\\SheepTracker\\app\\components\\AppTextInput.js": {"path":"C:\\Users\\larsb\\SheepTracker\\app\\components\\AppTextInput.js","statementMap":{"0":{"start":{"line":7,"column":21},"end":{"line":48,"column":1}},"1":{"start":{"line":18,"column":38},"end":{"line":18,"column":48}},"2":{"start":{"line":20,"column":2},"end":{"line":22,"column":7}},"3":{"start":{"line":21,"column":4},"end":{"line":21,"column":24}},"4":{"start":{"line":24,"column":2},"end":{"line":47,"column":4}},"5":{"start":{"line":42,"column":40},"end":{"line":42,"column":72}},"6":{"start":{"line":42,"column":73},"end":{"line":42,"column":114}},"7":{"start":{"line":42,"column":87},"end":{"line":42,"column":114}},"8":{"start":{"line":50,"column":15},"end":{"line":70,"column":2}}},"fnMap":{"0":{"name":"(anonymous_0)","decl":{"start":{"line":7,"column":21},"end":{"line":7,"column":22}},"loc":{"start":{"line":17,"column":6},"end":{"line":48,"column":1}},"line":17},"1":{"name":"(anonymous_1)","decl":{"start":{"line":20,"column":12},"end":{"line":20,"column":13}},"loc":{"start":{"line":20,"column":16},"end":{"line":22,"column":3}},"line":20},"2":{"name":"(anonymous_2)","decl":{"start":{"line":42,"column":18},"end":{"line":42,"column":19}},"loc":{"start":{"line":42,"column":39},"end":{"line":42,"column":115}},"line":42}},"branchMap":{"0":{"loc":{"start":{"line":10,"column":2},"end":{"line":10,"column":26}},"type":"default-arg","locations":[{"start":{"line":10,"column":17},"end":{"line":10,"column":26}}],"line":10},"1":{"loc":{"start":{"line":15,"column":2},"end":{"line":15,"column":29}},"type":"default-arg","locations":[{"start":{"line":15,"column":20},"end":{"line":15,"column":29}}],"line":15},"2":{"loc":{"start":{"line":25,"column":50},"end":{"line":25,"column":86}},"type":"cond-expr","locations":[{"start":{"line":25,"column":58},"end":{"line":25,"column":66}},{"start":{"line":25,"column":69},"end":{"line":25,"column":86}}],"line":25},"3":{"loc":{"start":{"line":26,"column":7},"end":{"line":33,"column":7}},"type":"binary-expr","locations":[{"start":{"line":26,"column":7},"end":{"line":26,"column":15}},{"start":{"line":27,"column":8},"end":{"line":32,"column":10}}],"line":26},"4":{"loc":{"start":{"line":42,"column":73},"end":{"line":42,"column":114}},"type":"if","locations":[{"start":{"line":42,"column":73},"end":{"line":42,"column":114}},{"start":{"line":42,"column":73},"end":{"line":42,"column":114}}],"line":42}},"s":{"0":0,"1":0,"2":0,"3":0,"4":0,"5":0,"6":0,"7":0,"8":0},"f":{"0":0,"1":0,"2":0},"b":{"0":[0],"1":[0],"2":[0,0],"3":[0,0],"4":[0,0]}}
,"C:\\Users\\larsb\\SheepTracker\\app\\components\\BottomNav.js": {"path":"C:\\Users\\larsb\\SheepTracker\\app\\components\\BottomNav.js","statementMap":{"0":{"start":{"line":8,"column":18},"end":{"line":63,"column":1}},"1":{"start":{"line":9,"column":21},"end":{"line":9,"column":36}},"2":{"start":{"line":11,"column":2},"end":{"line":62,"column":4}},"3":{"start":{"line":20,"column":12},"end":{"line":20,"column":32}},"4":{"start":{"line":21,"column":12},"end":{"line":21,"column":37}},"5":{"start":{"line":22,"column":12},"end":{"line":22,"column":60}},"6":{"start":{"line":47,"column":12},"end":{"line":47,"column":32}},"7":{"start":{"line":48,"column":12},"end":{"line":48,"column":33}},"8":{"start":{"line":49,"column":12},"end":{"line":49,"column":62}},"9":{"start":{"line":65,"column":15},"end":{"line":102,"column":2}}},"fnMap":{"0":{"name":"(anonymous_0)","decl":{"start":{"line":8,"column":18},"end":{"line":8,"column":19}},"loc":{"start":{"line":8,"column":89},"end":{"line":63,"column":1}},"line":8},"1":{"name":"(anonymous_1)","decl":{"start":{"line":19,"column":19},"end":{"line":19,"column":20}},"loc":{"start":{"line":19,"column":25},"end":{"line":23,"column":11}},"line":19},"2":{"name":"(anonymous_2)","decl":{"start":{"line":46,"column":19},"end":{"line":46,"column":20}},"loc":{"start":{"line":46,"column":25},"end":{"line":50,"column":11}},"line":46}},"branchMap":{"0":{"loc":{"start":{"line":30,"column":14},"end":{"line":30,"column":74}},"type":"cond-expr","locations":[{"start":{"line":30,"column":33},"end":{"line":30,"column":50}},{"start":{"line":30,"column":53},"end":{"line":30,"column":74}}],"line":30},"1":{"loc":{"start":{"line":57,"column":14},"end":{"line":57,"column":74}},"type":"cond-expr","locations":[{"start":{"line":57,"column":33},"end":{"line":57,"column":50}},{"start":{"line":57,"column":53},"end":{"line":57,"column":74}}],"line":57},"2":{"loc":{"start":{"line":87,"column":20},"end":{"line":87,"column":53}},"type":"cond-expr","locations":[{"start":{"line":87,"column":48},"end":{"line":87,"column":49}},{"start":{"line":87,"column":52},"end":{"line":87,"column":53}}],"line":87}},"s":{"0":0,"1":0,"2":0,"3":0,"4":0,"5":0,"6":0,"7":0,"8":0,"9":0},"f":{"0":0,"1":0,"2":0},"b":{"0":[0,0],"1":[0,0],"2":[0,0]}}
,"C:\\Users\\larsb\\SheepTracker\\app\\components\\Dialog.js": {"path":"C:\\Users\\larsb\\SheepTracker\\app\\components\\Dialog.js","statementMap":{"0":{"start":{"line":8,"column":15},"end":{"line":51,"column":1}},"1":{"start":{"line":20,"column":2},"end":{"line":50,"column":4}},"2":{"start":{"line":53,"column":15},"end":{"line":99,"column":2}}},"fnMap":{"0":{"name":"(anonymous_0)","decl":{"start":{"line":8,"column":15},"end":{"line":8,"column":16}},"loc":{"start":{"line":19,"column":6},"end":{"line":51,"column":1}},"line":19}},"branchMap":{"0":{"loc":{"start":{"line":23,"column":21},"end":{"line":23,"column":59}},"type":"cond-expr","locations":[{"start":{"line":23,"column":37},"end":{"line":23,"column":50}},{"start":{"line":23,"column":53},"end":{"line":23,"column":59}}],"line":23},"1":{"loc":{"start":{"line":34,"column":26},"end":{"line":34,"column":60}},"type":"cond-expr","locations":[{"start":{"line":34,"column":39},"end":{"line":34,"column":49}},{"start":{"line":34,"column":52},"end":{"line":34,"column":60}}],"line":34},"2":{"loc":{"start":{"line":41,"column":26},"end":{"line":41,"column":58}},"type":"cond-expr","locations":[{"start":{"line":41,"column":40},"end":{"line":41,"column":51}},{"start":{"line":41,"column":54},"end":{"line":41,"column":58}}],"line":41}},"s":{"0":0,"1":0,"2":0},"f":{"0":0},"b":{"0":[0,0],"1":[0,0],"2":[0,0]}}
,"C:\\Users\\larsb\\SheepTracker\\app\\components\\Dropdown.js": {"path":"C:\\Users\\larsb\\SheepTracker\\app\\components\\Dropdown.js","statementMap":{"0":{"start":{"line":9,"column":17},"end":{"line":57,"column":1}},"1":{"start":{"line":16,"column":43},"end":{"line":16,"column":58}},"2":{"start":{"line":17,"column":42},"end":{"line":17,"column":84}},"3":{"start":{"line":19,"column":29},"end":{"line":21,"column":1}},"4":{"start":{"line":20,"column":4},"end":{"line":20,"column":38}},"5":{"start":{"line":23,"column":20},"end":{"line":29,"column":1}},"6":{"start":{"line":24,"column":4},"end":{"line":24,"column":26}},"7":{"start":{"line":25,"column":4},"end":{"line":25,"column":27}},"8":{"start":{"line":26,"column":4},"end":{"line":28,"column":5}},"9":{"start":{"line":27,"column":8},"end":{"line":27,"column":26}},"10":{"start":{"line":31,"column":22},"end":{"line":39,"column":1}},"11":{"start":{"line":32,"column":4},"end":{"line":38,"column":5}},"12":{"start":{"line":33,"column":8},"end":{"line":37,"column":11}},"13":{"start":{"line":34,"column":12},"end":{"line":36,"column":31}},"14":{"start":{"line":34,"column":88},"end":{"line":34,"column":107}},"15":{"start":{"line":41,"column":0},"end":{"line":56,"column":2}},"16":{"start":{"line":46,"column":65},"end":{"line":46,"column":87}},"17":{"start":{"line":59,"column":15},"end":{"line":91,"column":2}}},"fnMap":{"0":{"name":"(anonymous_0)","decl":{"start":{"line":9,"column":17},"end":{"line":9,"column":18}},"loc":{"start":{"line":14,"column":6},"end":{"line":57,"column":1}},"line":14},"1":{"name":"(anonymous_1)","decl":{"start":{"line":19,"column":29},"end":{"line":19,"column":30}},"loc":{"start":{"line":19,"column":35},"end":{"line":21,"column":1}},"line":19},"2":{"name":"(anonymous_2)","decl":{"start":{"line":23,"column":20},"end":{"line":23,"column":21}},"loc":{"start":{"line":23,"column":29},"end":{"line":29,"column":1}},"line":23},"3":{"name":"(anonymous_3)","decl":{"start":{"line":31,"column":22},"end":{"line":31,"column":23}},"loc":{"start":{"line":31,"column":28},"end":{"line":39,"column":1}},"line":31},"4":{"name":"(anonymous_4)","decl":{"start":{"line":33,"column":28},"end":{"line":33,"column":29}},"loc":{"start":{"line":34,"column":12},"end":{"line":36,"column":31}},"line":34},"5":{"name":"(anonymous_5)","decl":{"start":{"line":34,"column":81},"end":{"line":34,"column":82}},"loc":{"start":{"line":34,"column":87},"end":{"line":34,"column":108}},"line":34},"6":{"name":"(anonymous_6)","decl":{"start":{"line":46,"column":59},"end":{"line":46,"column":60}},"loc":{"start":{"line":46,"column":65},"end":{"line":46,"column":87}},"line":46}},"branchMap":{"0":{"loc":{"start":{"line":17,"column":51},"end":{"line":17,"column":83}},"type":"cond-expr","locations":[{"start":{"line":17,"column":66},"end":{"line":17,"column":70}},{"start":{"line":17,"column":73},"end":{"line":17,"column":83}}],"line":17},"1":{"loc":{"start":{"line":26,"column":4},"end":{"line":28,"column":5}},"type":"if","locations":[{"start":{"line":26,"column":4},"end":{"line":28,"column":5}},{"start":{"line":26,"column":4},"end":{"line":28,"column":5}}],"line":26},"2":{"loc":{"start":{"line":32,"column":4},"end":{"line":38,"column":5}},"type":"if","locations":[{"start":{"line":32,"column":4},"end":{"line":38,"column":5}},{"start":{"line":32,"column":4},"end":{"line":38,"column":5}}],"line":32},"3":{"loc":{"start":{"line":47,"column":27},"end":{"line":47,"column":88}},"type":"cond-expr","locations":[{"start":{"line":47,"column":60},"end":{"line":47,"column":72}},{"start":{"line":47,"column":75},"end":{"line":47,"column":88}}],"line":47},"4":{"loc":{"start":{"line":47,"column":27},"end":{"line":47,"column":57}},"type":"binary-expr","locations":[{"start":{"line":47,"column":27},"end":{"line":47,"column":39}},{"start":{"line":47,"column":43},"end":{"line":47,"column":57}}],"line":47},"5":{"loc":{"start":{"line":48,"column":28},"end":{"line":48,"column":80}},"type":"cond-expr","locations":[{"start":{"line":48,"column":45},"end":{"line":48,"column":60}},{"start":{"line":48,"column":63},"end":{"line":48,"column":80}}],"line":48},"6":{"loc":{"start":{"line":50,"column":9},"end":{"line":53,"column":25}},"type":"binary-expr","locations":[{"start":{"line":50,"column":9},"end":{"line":50,"column":23}},{"start":{"line":51,"column":12},"end":{"line":53,"column":25}}],"line":50}},"s":{"0":0,"1":0,"2":0,"3":0,"4":0,"5":0,"6":0,"7":0,"8":0,"9":0,"10":0,"11":0,"12":0,"13":0,"14":0,"15":0,"16":0,"17":0},"f":{"0":0,"1":0,"2":0,"3":0,"4":0,"5":0,"6":0},"b":{"0":[0,0],"1":[0,0],"2":[0,0],"3":[0,0],"4":[0,0],"5":[0,0],"6":[0,0]}}
,"C:\\Users\\larsb\\SheepTracker\\app\\components\\Header.js": {"path":"C:\\Users\\larsb\\SheepTracker\\app\\components\\Header.js","statementMap":{"0":{"start":{"line":12,"column":15},"end":{"line":35,"column":1}},"1":{"start":{"line":13,"column":17},"end":{"line":13,"column":26}},"2":{"start":{"line":15,"column":2},"end":{"line":34,"column":4}},"3":{"start":{"line":37,"column":15},"end":{"line":68,"column":2}}},"fnMap":{"0":{"name":"(anonymous_0)","decl":{"start":{"line":12,"column":15},"end":{"line":12,"column":16}},"loc":{"start":{"line":12,"column":73},"end":{"line":35,"column":1}},"line":12}},"branchMap":{"0":{"loc":{"start":{"line":12,"column":41},"end":{"line":12,"column":55}},"type":"default-arg","locations":[{"start":{"line":12,"column":51},"end":{"line":12,"column":55}}],"line":12},"1":{"loc":{"start":{"line":17,"column":7},"end":{"line":23,"column":7}},"type":"binary-expr","locations":[{"start":{"line":17,"column":7},"end":{"line":17,"column":14}},{"start":{"line":18,"column":8},"end":{"line":22,"column":10}}],"line":17},"2":{"loc":{"start":{"line":26,"column":9},"end":{"line":26,"column":101}},"type":"binary-expr","locations":[{"start":{"line":26,"column":9},"end":{"line":26,"column":38}},{"start":{"line":26,"column":42},"end":{"line":26,"column":101}}],"line":26}},"s":{"0":0,"1":0,"2":0,"3":0},"f":{"0":0},"b":{"0":[0],"1":[0,0],"2":[0,0]}}
,"C:\\Users\\larsb\\SheepTracker\\app\\components\\HeaderSubText.js": {"path":"C:\\Users\\larsb\\SheepTracker\\app\\components\\HeaderSubText.js","statementMap":{"0":{"start":{"line":7,"column":22},"end":{"line":9,"column":1}},"1":{"start":{"line":8,"column":2},"end":{"line":8,"column":62}},"2":{"start":{"line":11,"column":15},"end":{"line":19,"column":2}}},"fnMap":{"0":{"name":"(anonymous_0)","decl":{"start":{"line":7,"column":22},"end":{"line":7,"column":23}},"loc":{"start":{"line":7,"column":45},"end":{"line":9,"column":1}},"line":7}},"branchMap":{},"s":{"0":0,"1":0,"2":0},"f":{"0":0},"b":{}}
,"C:\\Users\\larsb\\SheepTracker\\app\\components\\HeaderText.js": {"path":"C:\\Users\\larsb\\SheepTracker\\app\\components\\HeaderText.js","statementMap":{"0":{"start":{"line":7,"column":19},"end":{"line":9,"column":1}},"1":{"start":{"line":8,"column":2},"end":{"line":8,"column":59}},"2":{"start":{"line":11,"column":15},"end":{"line":19,"column":2}}},"fnMap":{"0":{"name":"(anonymous_0)","decl":{"start":{"line":7,"column":19},"end":{"line":7,"column":20}},"loc":{"start":{"line":7,"column":39},"end":{"line":9,"column":1}},"line":7}},"branchMap":{},"s":{"0":0,"1":0,"2":0},"f":{"0":0},"b":{}}
,"C:\\Users\\larsb\\SheepTracker\\app\\components\\Icon.js": {"path":"C:\\Users\\larsb\\SheepTracker\\app\\components\\Icon.js","statementMap":{"0":{"start":{"line":7,"column":13},"end":{"line":27,"column":1}},"1":{"start":{"line":14,"column":2},"end":{"line":26,"column":3}},"2":{"start":{"line":15,"column":4},"end":{"line":19,"column":6}},"3":{"start":{"line":21,"column":4},"end":{"line":25,"column":6}}},"fnMap":{"0":{"name":"(anonymous_0)","decl":{"start":{"line":7,"column":13},"end":{"line":7,"column":14}},"loc":{"start":{"line":13,"column":6},"end":{"line":27,"column":1}},"line":13}},"branchMap":{"0":{"loc":{"start":{"line":8,"column":2},"end":{"line":8,"column":30}},"type":"default-arg","locations":[{"start":{"line":8,"column":13},"end":{"line":8,"column":30}}],"line":8},"1":{"loc":{"start":{"line":9,"column":2},"end":{"line":9,"column":33}},"type":"default-arg","locations":[{"start":{"line":9,"column":14},"end":{"line":9,"column":33}}],"line":9},"2":{"loc":{"start":{"line":11,"column":2},"end":{"line":11,"column":11}},"type":"default-arg","locations":[{"start":{"line":11,"column":7},"end":{"line":11,"column":11}}],"line":11},"3":{"loc":{"start":{"line":14,"column":2},"end":{"line":26,"column":3}},"type":"if","locations":[{"start":{"line":14,"column":2},"end":{"line":26,"column":3}},{"start":{"line":14,"column":2},"end":{"line":26,"column":3}}],"line":14}},"s":{"0":0,"1":0,"2":0,"3":0},"f":{"0":0},"b":{"0":[0],"1":[0],"2":[0],"3":[0,0]}}
,"C:\\Users\\larsb\\SheepTracker\\app\\components\\InternetBar.js": {"path":"C:\\Users\\larsb\\SheepTracker\\app\\components\\InternetBar.js","statementMap":{"0":{"start":{"line":8,"column":19},"end":{"line":23,"column":1}},"1":{"start":{"line":9,"column":18},"end":{"line":9,"column":30}},"2":{"start":{"line":11,"column":2},"end":{"line":21,"column":3}},"3":{"start":{"line":12,"column":4},"end":{"line":20,"column":6}},"4":{"start":{"line":22,"column":2},"end":{"line":22,"column":14}},"5":{"start":{"line":25,"column":15},"end":{"line":38,"column":2}}},"fnMap":{"0":{"name":"(anonymous_0)","decl":{"start":{"line":8,"column":19},"end":{"line":8,"column":20}},"loc":{"start":{"line":8,"column":24},"end":{"line":23,"column":1}},"line":8}},"branchMap":{"0":{"loc":{"start":{"line":11,"column":2},"end":{"line":21,"column":3}},"type":"if","locations":[{"start":{"line":11,"column":2},"end":{"line":21,"column":3}},{"start":{"line":11,"column":2},"end":{"line":21,"column":3}}],"line":11},"1":{"loc":{"start":{"line":11,"column":6},"end":{"line":11,"column":73}},"type":"binary-expr","locations":[{"start":{"line":11,"column":6},"end":{"line":11,"column":32}},{"start":{"line":11,"column":36},"end":{"line":11,"column":73}}],"line":11},"2":{"loc":{"start":{"line":14,"column":9},"end":{"line":18,"column":9}},"type":"binary-expr","locations":[{"start":{"line":14,"column":9},"end":{"line":14,"column":37}},{"start":{"line":15,"column":10},"end":{"line":17,"column":17}}],"line":14}},"s":{"0":0,"1":0,"2":0,"3":0,"4":0,"5":0},"f":{"0":0},"b":{"0":[0,0],"1":[0,0],"2":[0,0]}}
,"C:\\Users\\larsb\\SheepTracker\\app\\components\\Logo.js": {"path":"C:\\Users\\larsb\\SheepTracker\\app\\components\\Logo.js","statementMap":{"0":{"start":{"line":7,"column":13},"end":{"line":16,"column":1}},"1":{"start":{"line":8,"column":3},"end":{"line":15,"column":5}},"2":{"start":{"line":18,"column":16},"end":{"line":37,"column":2}}},"fnMap":{"0":{"name":"(anonymous_0)","decl":{"start":{"line":7,"column":13},"end":{"line":7,"column":14}},"loc":{"start":{"line":7,"column":26},"end":{"line":16,"column":1}},"line":7}},"branchMap":{},"s":{"0":0,"1":0,"2":0},"f":{"0":0},"b":{}}
,"C:\\Users\\larsb\\SheepTracker\\app\\components\\ReportItem.js": {"path":"C:\\Users\\larsb\\SheepTracker\\app\\components\\ReportItem.js","statementMap":{"0":{"start":{"line":9,"column":19},"end":{"line":149,"column":1}},"1":{"start":{"line":11,"column":24},"end":{"line":51,"column":3}},"2":{"start":{"line":12,"column":4},"end":{"line":50,"column":5}},"3":{"start":{"line":13,"column":6},"end":{"line":42,"column":7}},"4":{"start":{"line":14,"column":17},"end":{"line":14,"column":38}},"5":{"start":{"line":15,"column":8},"end":{"line":41,"column":9}},"6":{"start":{"line":17,"column":10},"end":{"line":22,"column":12}},"7":{"start":{"line":25,"column":23},"end":{"line":25,"column":48}},"8":{"start":{"line":25,"column":37},"end":{"line":25,"column":47}},"9":{"start":{"line":26,"column":24},"end":{"line":26,"column":50}},"10":{"start":{"line":26,"column":38},"end":{"line":26,"column":49}},"11":{"start":{"line":27,"column":25},"end":{"line":27,"column":42}},"12":{"start":{"line":28,"column":25},"end":{"line":28,"column":42}},"13":{"start":{"line":29,"column":26},"end":{"line":29,"column":44}},"14":{"start":{"line":30,"column":26},"end":{"line":30,"column":44}},"15":{"start":{"line":31,"column":25},"end":{"line":31,"column":46}},"16":{"start":{"line":32,"column":26},"end":{"line":32,"column":49}},"17":{"start":{"line":33,"column":27},"end":{"line":33,"column":68}},"18":{"start":{"line":34,"column":28},"end":{"line":34,"column":71}},"19":{"start":{"line":35,"column":10},"end":{"line":40,"column":12}},"20":{"start":{"line":44,"column":6},"end":{"line":49,"column":8}},"21":{"start":{"line":53,"column":22},"end":{"line":64,"column":3}},"22":{"start":{"line":54,"column":4},"end":{"line":63,"column":5}},"23":{"start":{"line":55,"column":6},"end":{"line":62,"column":8}},"24":{"start":{"line":66,"column":23},"end":{"line":89,"column":3}},"25":{"start":{"line":67,"column":4},"end":{"line":88,"column":5}},"26":{"start":{"line":68,"column":6},"end":{"line":87,"column":7}},"27":{"start":{"line":69,"column":19},"end":{"line":69,"column":40}},"28":{"start":{"line":70,"column":8},"end":{"line":84,"column":9}},"29":{"start":{"line":71,"column":26},"end":{"line":74,"column":11}},"30":{"start":{"line":75,"column":10},"end":{"line":83,"column":12}},"31":{"start":{"line":76,"column":12},"end":{"line":81,"column":21}},"32":{"start":{"line":86,"column":8},"end":{"line":86,"column":15}},"33":{"start":{"line":91,"column":2},"end":{"line":148,"column":4}},"34":{"start":{"line":151,"column":15},"end":{"line":207,"column":2}}},"fnMap":{"0":{"name":"(anonymous_0)","decl":{"start":{"line":9,"column":19},"end":{"line":9,"column":20}},"loc":{"start":{"line":9,"column":42},"end":{"line":149,"column":1}},"line":9},"1":{"name":"(anonymous_1)","decl":{"start":{"line":11,"column":24},"end":{"line":11,"column":25}},"loc":{"start":{"line":11,"column":36},"end":{"line":51,"column":3}},"line":11},"2":{"name":"(anonymous_2)","decl":{"start":{"line":25,"column":30},"end":{"line":25,"column":31}},"loc":{"start":{"line":25,"column":37},"end":{"line":25,"column":47}},"line":25},"3":{"name":"(anonymous_3)","decl":{"start":{"line":26,"column":31},"end":{"line":26,"column":32}},"loc":{"start":{"line":26,"column":38},"end":{"line":26,"column":49}},"line":26},"4":{"name":"(anonymous_4)","decl":{"start":{"line":53,"column":22},"end":{"line":53,"column":23}},"loc":{"start":{"line":53,"column":34},"end":{"line":64,"column":3}},"line":53},"5":{"name":"(anonymous_5)","decl":{"start":{"line":66,"column":23},"end":{"line":66,"column":24}},"loc":{"start":{"line":66,"column":35},"end":{"line":89,"column":3}},"line":66},"6":{"name":"(anonymous_6)","decl":{"start":{"line":75,"column":31},"end":{"line":75,"column":32}},"loc":{"start":{"line":76,"column":12},"end":{"line":81,"column":21}},"line":76}},"branchMap":{"0":{"loc":{"start":{"line":13,"column":6},"end":{"line":42,"column":7}},"type":"if","locations":[{"start":{"line":13,"column":6},"end":{"line":42,"column":7}},{"start":{"line":13,"column":6},"end":{"line":42,"column":7}}],"line":13},"1":{"loc":{"start":{"line":15,"column":8},"end":{"line":41,"column":9}},"type":"if","locations":[{"start":{"line":15,"column":8},"end":{"line":41,"column":9}},{"start":{"line":15,"column":8},"end":{"line":41,"column":9}}],"line":15},"2":{"loc":{"start":{"line":38,"column":27},"end":{"line":38,"column":62}},"type":"cond-expr","locations":[{"start":{"line":38,"column":46},"end":{"line":38,"column":54}},{"start":{"line":38,"column":57},"end":{"line":38,"column":62}}],"line":38},"3":{"loc":{"start":{"line":39,"column":28},"end":{"line":39,"column":65}},"type":"cond-expr","locations":[{"start":{"line":39,"column":48},"end":{"line":39,"column":57}},{"start":{"line":39,"column":60},"end":{"line":39,"column":65}}],"line":39},"4":{"loc":{"start":{"line":54,"column":4},"end":{"line":63,"column":5}},"type":"if","locations":[{"start":{"line":54,"column":4},"end":{"line":63,"column":5}},{"start":{"line":54,"column":4},"end":{"line":63,"column":5}}],"line":54},"5":{"loc":{"start":{"line":67,"column":4},"end":{"line":88,"column":5}},"type":"if","locations":[{"start":{"line":67,"column":4},"end":{"line":88,"column":5}},{"start":{"line":67,"column":4},"end":{"line":88,"column":5}}],"line":67},"6":{"loc":{"start":{"line":70,"column":8},"end":{"line":84,"column":9}},"type":"if","locations":[{"start":{"line":70,"column":8},"end":{"line":84,"column":9}},{"start":{"line":70,"column":8},"end":{"line":84,"column":9}}],"line":70},"7":{"loc":{"start":{"line":79,"column":24},"end":{"line":79,"column":58}},"type":"cond-expr","locations":[{"start":{"line":79,"column":40},"end":{"line":79,"column":47}},{"start":{"line":79,"column":50},"end":{"line":79,"column":58}}],"line":79}},"s":{"0":0,"1":0,"2":0,"3":0,"4":0,"5":0,"6":0,"7":0,"8":0,"9":0,"10":0,"11":0,"12":0,"13":0,"14":0,"15":0,"16":0,"17":0,"18":0,"19":0,"20":0,"21":0,"22":0,"23":0,"24":0,"25":0,"26":0,"27":0,"28":0,"29":0,"30":0,"31":0,"32":0,"33":0,"34":0},"f":{"0":0,"1":0,"2":0,"3":0,"4":0,"5":0,"6":0},"b":{"0":[0,0],"1":[0,0],"2":[0,0],"3":[0,0],"4":[0,0],"5":[0,0],"6":[0,0],"7":[0,0]}}
,"C:\\Users\\larsb\\SheepTracker\\app\\components\\ReportItemDeleteAction.js": {"path":"C:\\Users\\larsb\\SheepTracker\\app\\components\\ReportItemDeleteAction.js","statementMap":{"0":{"start":{"line":10,"column":31},"end":{"line":59,"column":1}},"1":{"start":{"line":11,"column":18},"end":{"line":11,"column":30}},"2":{"start":{"line":12,"column":23},"end":{"line":12,"column":53}},"3":{"start":{"line":14,"column":23},"end":{"line":47,"column":3}},"4":{"start":{"line":15,"column":4},"end":{"line":46,"column":5}},"5":{"start":{"line":16,"column":6},"end":{"line":26,"column":7}},"6":{"start":{"line":28,"column":6},"end":{"line":45,"column":8}},"7":{"start":{"line":39,"column":14},"end":{"line":39,"column":52}},"8":{"start":{"line":49,"column":2},"end":{"line":58,"column":4}},"9":{"start":{"line":55,"column":23},"end":{"line":55,"column":37}},"10":{"start":{"line":61,"column":15},"end":{"line":71,"column":2}}},"fnMap":{"0":{"name":"(anonymous_0)","decl":{"start":{"line":10,"column":31},"end":{"line":10,"column":32}},"loc":{"start":{"line":10,"column":45},"end":{"line":59,"column":1}},"line":10},"1":{"name":"(anonymous_1)","decl":{"start":{"line":14,"column":23},"end":{"line":14,"column":24}},"loc":{"start":{"line":14,"column":29},"end":{"line":47,"column":3}},"line":14},"2":{"name":"(anonymous_2)","decl":{"start":{"line":38,"column":21},"end":{"line":38,"column":22}},"loc":{"start":{"line":38,"column":27},"end":{"line":40,"column":13}},"line":38},"3":{"name":"(anonymous_3)","decl":{"start":{"line":55,"column":17},"end":{"line":55,"column":18}},"loc":{"start":{"line":55,"column":23},"end":{"line":55,"column":37}},"line":55}},"branchMap":{"0":{"loc":{"start":{"line":15,"column":4},"end":{"line":46,"column":5}},"type":"if","locations":[{"start":{"line":15,"column":4},"end":{"line":46,"column":5}},{"start":{"line":15,"column":4},"end":{"line":46,"column":5}}],"line":15},"1":{"loc":{"start":{"line":15,"column":7},"end":{"line":15,"column":73}},"type":"binary-expr","locations":[{"start":{"line":15,"column":7},"end":{"line":15,"column":32}},{"start":{"line":15,"column":36},"end":{"line":15,"column":73}}],"line":15}},"s":{"0":0,"1":0,"2":0,"3":0,"4":0,"5":0,"6":0,"7":0,"8":0,"9":0,"10":0},"f":{"0":0,"1":0,"2":0,"3":0},"b":{"0":[0,0],"1":[0,0]}}
,"C:\\Users\\larsb\\SheepTracker\\app\\components\\Screen.js": {"path":"C:\\Users\\larsb\\SheepTracker\\app\\components\\Screen.js","statementMap":{"0":{"start":{"line":7,"column":15},"end":{"line":11,"column":1}},"1":{"start":{"line":8,"column":2},"end":{"line":10,"column":4}},"2":{"start":{"line":13,"column":15},"end":{"line":19,"column":2}}},"fnMap":{"0":{"name":"(anonymous_0)","decl":{"start":{"line":7,"column":15},"end":{"line":7,"column":16}},"loc":{"start":{"line":7,"column":40},"end":{"line":11,"column":1}},"line":7}},"branchMap":{},"s":{"0":0,"1":0,"2":0},"f":{"0":0},"b":{}}
,"C:\\Users\\larsb\\SheepTracker\\app\\components\\forms\\AppForm.js": {"path":"C:\\Users\\larsb\\SheepTracker\\app\\components\\forms\\AppForm.js","statementMap":{"0":{"start":{"line":6,"column":2},"end":{"line":16,"column":4}},"1":{"start":{"line":13,"column":15},"end":{"line":13,"column":30}}},"fnMap":{"0":{"name":"AppForm","decl":{"start":{"line":5,"column":9},"end":{"line":5,"column":16}},"loc":{"start":{"line":5,"column":74},"end":{"line":17,"column":1}},"line":5},"1":{"name":"(anonymous_1)","decl":{"start":{"line":13,"column":9},"end":{"line":13,"column":10}},"loc":{"start":{"line":13,"column":15},"end":{"line":13,"column":30}},"line":13}},"branchMap":{},"s":{"0":0,"1":0},"f":{"0":0,"1":0},"b":{}}
,"C:\\Users\\larsb\\SheepTracker\\app\\components\\forms\\AppFormField.js": {"path":"C:\\Users\\larsb\\SheepTracker\\app\\components\\forms\\AppFormField.js","statementMap":{"0":{"start":{"line":15,"column":6},"end":{"line":15,"column":24}},"1":{"start":{"line":17,"column":2},"end":{"line":29,"column":4}},"2":{"start":{"line":20,"column":22},"end":{"line":20,"column":48}},"3":{"start":{"line":21,"column":32},"end":{"line":21,"column":62}}},"fnMap":{"0":{"name":"AppFormField","decl":{"start":{"line":8,"column":9},"end":{"line":8,"column":21}},"loc":{"start":{"line":8,"column":52},"end":{"line":30,"column":1}},"line":8},"1":{"name":"(anonymous_1)","decl":{"start":{"line":20,"column":16},"end":{"line":20,"column":17}},"loc":{"start":{"line":20,"column":22},"end":{"line":20,"column":48}},"line":20},"2":{"name":"(anonymous_2)","decl":{"start":{"line":21,"column":22},"end":{"line":21,"column":23}},"loc":{"start":{"line":21,"column":32},"end":{"line":21,"column":62}},"line":21}},"branchMap":{},"s":{"0":0,"1":0,"2":0,"3":0},"f":{"0":0,"1":0,"2":0},"b":{}}
,"C:\\Users\\larsb\\SheepTracker\\app\\components\\forms\\ErrorMessage.js": {"path":"C:\\Users\\larsb\\SheepTracker\\app\\components\\forms\\ErrorMessage.js","statementMap":{"0":{"start":{"line":8,"column":2},"end":{"line":8,"column":38}},"1":{"start":{"line":8,"column":26},"end":{"line":8,"column":38}},"2":{"start":{"line":10,"column":2},"end":{"line":10,"column":52}},"3":{"start":{"line":13,"column":15},"end":{"line":17,"column":2}}},"fnMap":{"0":{"name":"ErrorMessage","decl":{"start":{"line":7,"column":9},"end":{"line":7,"column":21}},"loc":{"start":{"line":7,"column":42},"end":{"line":11,"column":1}},"line":7}},"branchMap":{"0":{"loc":{"start":{"line":8,"column":2},"end":{"line":8,"column":38}},"type":"if","locations":[{"start":{"line":8,"column":2},"end":{"line":8,"column":38}},{"start":{"line":8,"column":2},"end":{"line":8,"column":38}}],"line":8},"1":{"loc":{"start":{"line":8,"column":6},"end":{"line":8,"column":24}},"type":"binary-expr","locations":[{"start":{"line":8,"column":6},"end":{"line":8,"column":12}},{"start":{"line":8,"column":16},"end":{"line":8,"column":24}}],"line":8}},"s":{"0":0,"1":0,"2":0,"3":0},"f":{"0":0},"b":{"0":[0,0],"1":[0,0]}}
,"C:\\Users\\larsb\\SheepTracker\\app\\components\\forms\\SubmitButton.js": {"path":"C:\\Users\\larsb\\SheepTracker\\app\\components\\forms\\SubmitButton.js","statementMap":{"0":{"start":{"line":7,"column":27},"end":{"line":7,"column":45}},"1":{"start":{"line":8,"column":2},"end":{"line":10,"column":4}}},"fnMap":{"0":{"name":"SubmitButton","decl":{"start":{"line":6,"column":9},"end":{"line":6,"column":21}},"loc":{"start":{"line":6,"column":55},"end":{"line":11,"column":1}},"line":6}},"branchMap":{},"s":{"0":0,"1":0},"f":{"0":0},"b":{}}
,"C:\\Users\\larsb\\SheepTracker\\app\\components\\forms\\index.js": {"path":"C:\\Users\\larsb\\SheepTracker\\app\\components\\forms\\index.js","statementMap":{},"fnMap":{},"branchMap":{},"s":{},"f":{},"b":{}}
,"C:\\Users\\larsb\\SheepTracker\\app\\config\\appColors.js": {"path":"C:\\Users\\larsb\\SheepTracker\\app\\config\\appColors.js","statementMap":{},"fnMap":{},"branchMap":{},"s":{},"f":{},"b":{}}
,"C:\\Users\\larsb\\SheepTracker\\app\\config\\appSizes.js": {"path":"C:\\Users\\larsb\\SheepTracker\\app\\config\\appSizes.js","statementMap":{},"fnMap":{},"branchMap":{},"s":{},"f":{},"b":{}}
,"C:\\Users\\larsb\\SheepTracker\\app\\config\\appStyles.js": {"path":"C:\\Users\\larsb\\SheepTracker\\app\\config\\appStyles.js","statementMap":{},"fnMap":{},"branchMap":{"0":{"loc":{"start":{"line":4,"column":14},"end":{"line":4,"column":61}},"type":"cond-expr","locations":[{"start":{"line":4,"column":42},"end":{"line":4,"column":50}},{"start":{"line":4,"column":53},"end":{"line":4,"column":61}}],"line":4}},"s":{},"f":{},"b":{"0":[0,0]}}
,"C:\\Users\\larsb\\SheepTracker\\app\\config\\index.js": {"path":"C:\\Users\\larsb\\SheepTracker\\app\\config\\index.js","statementMap":{},"fnMap":{},"branchMap":{},"s":{},"f":{},"b":{}}
,"C:\\Users\\larsb\\SheepTracker\\app\\config\\settings.js": {"path":"C:\\Users\\larsb\\SheepTracker\\app\\config\\settings.js","statementMap":{"0":{"start":{"line":1,"column":17},"end":{"line":10,"column":1}},"1":{"start":{"line":12,"column":27},"end":{"line":15,"column":1}},"2":{"start":{"line":13,"column":4},"end":{"line":13,"column":36}},"3":{"start":{"line":13,"column":16},"end":{"line":13,"column":36}},"4":{"start":{"line":14,"column":4},"end":{"line":14,"column":25}}},"fnMap":{"0":{"name":"(anonymous_0)","decl":{"start":{"line":12,"column":27},"end":{"line":12,"column":28}},"loc":{"start":{"line":12,"column":33},"end":{"line":15,"column":1}},"line":12}},"branchMap":{"0":{"loc":{"start":{"line":13,"column":4},"end":{"line":13,"column":36}},"type":"if","locations":[{"start":{"line":13,"column":4},"end":{"line":13,"column":36}},{"start":{"line":13,"column":4},"end":{"line":13,"column":36}}],"line":13}},"s":{"0":0,"1":0,"2":0,"3":0,"4":0},"f":{"0":0},"b":{"0":[0,0]}}
,"C:\\Users\\larsb\\SheepTracker\\app\\env\\keys.js": {"path":"C:\\Users\\larsb\\SheepTracker\\app\\env\\keys.js","statementMap":{"0":{"start":{"line":2,"column":17},"end":{"line":2,"column":26}},"1":{"start":{"line":3,"column":19},"end":{"line":3,"column":30}},"2":{"start":{"line":4,"column":16},"end":{"line":4,"column":68}},"3":{"start":{"line":5,"column":20},"end":{"line":5,"column":102}},"4":{"start":{"line":11,"column":27},"end":{"line":11,"column":79}},"5":{"start":{"line":12,"column":27},"end":{"line":12,"column":79}},"6":{"start":{"line":13,"column":29},"end":{"line":13,"column":81}},"7":{"start":{"line":14,"column":29},"end":{"line":14,"column":81}}},"fnMap":{},"branchMap":{},"s":{"0":0,"1":0,"2":0,"3":0,"4":0,"5":0,"6":0,"7":0},"f":{},"b":{}}
,"C:\\Users\\larsb\\SheepTracker\\app\\hooks\\index.js": {"path":"C:\\Users\\larsb\\SheepTracker\\app\\hooks\\index.js","statementMap":{},"fnMap":{},"branchMap":{},"s":{},"f":{},"b":{}}
,"C:\\Users\\larsb\\SheepTracker\\app\\hooks\\useApi.js": {"path":"C:\\Users\\larsb\\SheepTracker\\app\\hooks\\useApi.js","statementMap":{"0":{"start":{"line":4,"column":26},"end":{"line":4,"column":38}},"1":{"start":{"line":5,"column":28},"end":{"line":5,"column":43}},"2":{"start":{"line":6,"column":32},"end":{"line":6,"column":47}},"3":{"start":{"line":8,"column":18},"end":{"line":15,"column":3}},"4":{"start":{"line":9,"column":4},"end":{"line":9,"column":21}},"5":{"start":{"line":10,"column":21},"end":{"line":10,"column":43}},"6":{"start":{"line":11,"column":4},"end":{"line":11,"column":27}},"7":{"start":{"line":12,"column":4},"end":{"line":12,"column":27}},"8":{"start":{"line":13,"column":4},"end":{"line":13,"column":22}},"9":{"start":{"line":14,"column":4},"end":{"line":14,"column":20}},"10":{"start":{"line":17,"column":2},"end":{"line":17,"column":43}}},"fnMap":{"0":{"name":"(anonymous_0)","decl":{"start":{"line":3,"column":24},"end":{"line":3,"column":25}},"loc":{"start":{"line":3,"column":37},"end":{"line":18,"column":1}},"line":3},"1":{"name":"(anonymous_1)","decl":{"start":{"line":8,"column":18},"end":{"line":8,"column":19}},"loc":{"start":{"line":8,"column":37},"end":{"line":15,"column":3}},"line":8}},"branchMap":{},"s":{"0":0,"1":0,"2":0,"3":0,"4":0,"5":0,"6":0,"7":0,"8":0,"9":0,"10":0},"f":{"0":0,"1":0},"b":{}}
,"C:\\Users\\larsb\\SheepTracker\\app\\hooks\\useTimer.js": {"path":"C:\\Users\\larsb\\SheepTracker\\app\\hooks\\useTimer.js","statementMap":{"0":{"start":{"line":5,"column":36},"end":{"line":5,"column":54}},"1":{"start":{"line":6,"column":32},"end":{"line":6,"column":46}},"2":{"start":{"line":9,"column":2},"end":{"line":17,"column":9}},"3":{"start":{"line":10,"column":21},"end":{"line":12,"column":12}},"4":{"start":{"line":11,"column":6},"end":{"line":11,"column":41}},"5":{"start":{"line":11,"column":18},"end":{"line":11,"column":41}},"6":{"start":{"line":14,"column":4},"end":{"line":16,"column":6}},"7":{"start":{"line":15,"column":6},"end":{"line":15,"column":30}},"8":{"start":{"line":19,"column":16},"end":{"line":19,"column":39}},"9":{"start":{"line":19,"column":22},"end":{"line":19,"column":39}},"10":{"start":{"line":21,"column":17},"end":{"line":21,"column":39}},"11":{"start":{"line":21,"column":23},"end":{"line":21,"column":39}},"12":{"start":{"line":23,"column":2},"end":{"line":23,"column":38}}},"fnMap":{"0":{"name":"(anonymous_0)","decl":{"start":{"line":4,"column":26},"end":{"line":4,"column":27}},"loc":{"start":{"line":4,"column":32},"end":{"line":24,"column":1}},"line":4},"1":{"name":"(anonymous_1)","decl":{"start":{"line":9,"column":12},"end":{"line":9,"column":13}},"loc":{"start":{"line":9,"column":18},"end":{"line":17,"column":3}},"line":9},"2":{"name":"(anonymous_2)","decl":{"start":{"line":10,"column":33},"end":{"line":10,"column":34}},"loc":{"start":{"line":10,"column":39},"end":{"line":12,"column":5}},"line":10},"3":{"name":"(anonymous_3)","decl":{"start":{"line":14,"column":11},"end":{"line":14,"column":12}},"loc":{"start":{"line":14,"column":17},"end":{"line":16,"column":5}},"line":14},"4":{"name":"(anonymous_4)","decl":{"start":{"line":19,"column":16},"end":{"line":19,"column":17}},"loc":{"start":{"line":19,"column":22},"end":{"line":19,"column":39}},"line":19},"5":{"name":"(anonymous_5)","decl":{"start":{"line":21,"column":17},"end":{"line":21,"column":18}},"loc":{"start":{"line":21,"column":23},"end":{"line":21,"column":39}},"line":21}},"branchMap":{"0":{"loc":{"start":{"line":11,"column":6},"end":{"line":11,"column":41}},"type":"if","locations":[{"start":{"line":11,"column":6},"end":{"line":11,"column":41}},{"start":{"line":11,"column":6},"end":{"line":11,"column":41}}],"line":11}},"s":{"0":0,"1":0,"2":0,"3":0,"4":0,"5":0,"6":0,"7":0,"8":0,"9":0,"10":0,"11":0,"12":0},"f":{"0":0,"1":0,"2":0,"3":0,"4":0,"5":0},"b":{"0":[0,0]}}
,"C:\\Users\\larsb\\SheepTracker\\app\\hooks\\useTitle.js": {"path":"C:\\Users\\larsb\\SheepTracker\\app\\hooks\\useTitle.js","statementMap":{"0":{"start":{"line":4,"column":28},"end":{"line":4,"column":52}},"1":{"start":{"line":6,"column":2},"end":{"line":6,"column":28}}},"fnMap":{"0":{"name":"(anonymous_0)","decl":{"start":{"line":3,"column":26},"end":{"line":3,"column":27}},"loc":{"start":{"line":3,"column":32},"end":{"line":7,"column":1}},"line":3}},"branchMap":{},"s":{"0":0,"1":0},"f":{"0":0},"b":{}}
,"C:\\Users\\larsb\\SheepTracker\\app\\navigation\\AppNavigator.js": {"path":"C:\\Users\\larsb\\SheepTracker\\app\\navigation\\AppNavigator.js","statementMap":{"0":{"start":{"line":7,"column":14},"end":{"line":7,"column":36}},"1":{"start":{"line":9,"column":21},"end":{"line":14,"column":3}},"2":{"start":{"line":10,"column":4},"end":{"line":13,"column":22}}},"fnMap":{"0":{"name":"(anonymous_0)","decl":{"start":{"line":9,"column":21},"end":{"line":9,"column":22}},"loc":{"start":{"line":10,"column":4},"end":{"line":13,"column":22}},"line":10}},"branchMap":{},"s":{"0":0,"1":0,"2":0},"f":{"0":0},"b":{}}
,"C:\\Users\\larsb\\SheepTracker\\app\\navigation\\AuthNavigator.js": {"path":"C:\\Users\\larsb\\SheepTracker\\app\\navigation\\AuthNavigator.js","statementMap":{"0":{"start":{"line":7,"column":14},"end":{"line":7,"column":36}},"1":{"start":{"line":9,"column":22},"end":{"line":14,"column":1}},"2":{"start":{"line":10,"column":2},"end":{"line":13,"column":20}}},"fnMap":{"0":{"name":"(anonymous_0)","decl":{"start":{"line":9,"column":22},"end":{"line":9,"column":23}},"loc":{"start":{"line":10,"column":2},"end":{"line":13,"column":20}},"line":10}},"branchMap":{},"s":{"0":0,"1":0,"2":0},"f":{"0":0},"b":{}}
,"C:\\Users\\larsb\\SheepTracker\\app\\screens\\AccountScreen.js": {"path":"C:\\Users\\larsb\\SheepTracker\\app\\screens\\AccountScreen.js","statementMap":{"0":{"start":{"line":13,"column":22},"end":{"line":28,"column":1}},"1":{"start":{"line":14,"column":25},"end":{"line":14,"column":34}},"2":{"start":{"line":15,"column":2},"end":{"line":27,"column":4}},"3":{"start":{"line":25,"column":54},"end":{"line":25,"column":62}},"4":{"start":{"line":30,"column":15},"end":{"line":55,"column":2}}},"fnMap":{"0":{"name":"(anonymous_0)","decl":{"start":{"line":13,"column":22},"end":{"line":13,"column":23}},"loc":{"start":{"line":13,"column":28},"end":{"line":28,"column":1}},"line":13},"1":{"name":"(anonymous_1)","decl":{"start":{"line":25,"column":48},"end":{"line":25,"column":49}},"loc":{"start":{"line":25,"column":54},"end":{"line":25,"column":62}},"line":25}},"branchMap":{},"s":{"0":0,"1":0,"2":0,"3":0,"4":0},"f":{"0":0,"1":0},"b":{}}
,"C:\\Users\\larsb\\SheepTracker\\app\\screens\\HomeScreen.js": {"path":"C:\\Users\\larsb\\SheepTracker\\app\\screens\\HomeScreen.js","statementMap":{"0":{"start":{"line":17,"column":21},"end":{"line":17,"column":43}},"1":{"start":{"line":24,"column":23},"end":{"line":50,"column":1}},"2":{"start":{"line":25,"column":2},"end":{"line":49,"column":4}},"3":{"start":{"line":57,"column":19},"end":{"line":104,"column":1}},"4":{"start":{"line":58,"column":38},"end":{"line":58,"column":53}},"5":{"start":{"line":59,"column":40},"end":{"line":59,"column":51}},"6":{"start":{"line":60,"column":21},"end":{"line":60,"column":36}},"7":{"start":{"line":61,"column":16},"end":{"line":61,"column":26}},"8":{"start":{"line":67,"column":23},"end":{"line":69,"column":3}},"9":{"start":{"line":68,"column":4},"end":{"line":68,"column":31}},"10":{"start":{"line":75,"column":22},"end":{"line":78,"column":3}},"11":{"start":{"line":76,"column":4},"end":{"line":76,"column":34}},"12":{"start":{"line":77,"column":4},"end":{"line":77,"column":19}},"13":{"start":{"line":80,"column":2},"end":{"line":103,"column":4}}},"fnMap":{"0":{"name":"(anonymous_0)","decl":{"start":{"line":24,"column":23},"end":{"line":24,"column":24}},"loc":{"start":{"line":24,"column":29},"end":{"line":50,"column":1}},"line":24},"1":{"name":"(anonymous_1)","decl":{"start":{"line":57,"column":19},"end":{"line":57,"column":20}},"loc":{"start":{"line":57,"column":25},"end":{"line":104,"column":1}},"line":57},"2":{"name":"(anonymous_2)","decl":{"start":{"line":67,"column":23},"end":{"line":67,"column":24}},"loc":{"start":{"line":67,"column":29},"end":{"line":69,"column":3}},"line":67},"3":{"name":"(anonymous_3)","decl":{"start":{"line":75,"column":22},"end":{"line":75,"column":23}},"loc":{"start":{"line":75,"column":28},"end":{"line":78,"column":3}},"line":75}},"branchMap":{},"s":{"0":0,"1":0,"2":0,"3":0,"4":0,"5":0,"6":0,"7":0,"8":0,"9":0,"10":0,"11":0,"12":0,"13":0},"f":{"0":0,"1":0,"2":0,"3":0},"b":{}}
,"C:\\Users\\larsb\\SheepTracker\\app\\screens\\LoginScreen.js": {"path":"C:\\Users\\larsb\\SheepTracker\\app\\screens\\LoginScreen.js","statementMap":{"0":{"start":{"line":19,"column":25},"end":{"line":21,"column":2}},"1":{"start":{"line":28,"column":20},"end":{"line":140,"column":1}},"2":{"start":{"line":29,"column":18},"end":{"line":29,"column":27}},"3":{"start":{"line":30,"column":17},"end":{"line":30,"column":39}},"4":{"start":{"line":31,"column":19},"end":{"line":31,"column":40}},"5":{"start":{"line":32,"column":21},"end":{"line":32,"column":36}},"6":{"start":{"line":33,"column":40},"end":{"line":33,"column":55}},"7":{"start":{"line":34,"column":36},"end":{"line":34,"column":51}},"8":{"start":{"line":35,"column":42},"end":{"line":35,"column":54}},"9":{"start":{"line":43,"column":23},"end":{"line":50,"column":3}},"10":{"start":{"line":44,"column":19},"end":{"line":44,"column":60}},"11":{"start":{"line":45,"column":4},"end":{"line":49,"column":5}},"12":{"start":{"line":46,"column":6},"end":{"line":46,"column":25}},"13":{"start":{"line":48,"column":6},"end":{"line":48,"column":27}},"14":{"start":{"line":58,"column":27},"end":{"line":62,"column":3}},"15":{"start":{"line":59,"column":4},"end":{"line":59,"column":23}},"16":{"start":{"line":60,"column":4},"end":{"line":60,"column":27}},"17":{"start":{"line":61,"column":4},"end":{"line":61,"column":32}},"18":{"start":{"line":69,"column":33},"end":{"line":72,"column":3}},"19":{"start":{"line":70,"column":17},"end":{"line":70,"column":76}},"20":{"start":{"line":71,"column":4},"end":{"line":71,"column":22}},"21":{"start":{"line":75,"column":2},"end":{"line":139,"column":4}},"22":{"start":{"line":130,"column":14},"end":{"line":130,"column":36}},"23":{"start":{"line":131,"column":14},"end":{"line":131,"column":34}},"24":{"start":{"line":132,"column":14},"end":{"line":132,"column":34}},"25":{"start":{"line":142,"column":15},"end":{"line":180,"column":2}}},"fnMap":{"0":{"name":"(anonymous_0)","decl":{"start":{"line":28,"column":20},"end":{"line":28,"column":21}},"loc":{"start":{"line":28,"column":26},"end":{"line":140,"column":1}},"line":28},"1":{"name":"(anonymous_1)","decl":{"start":{"line":43,"column":23},"end":{"line":43,"column":24}},"loc":{"start":{"line":43,"column":40},"end":{"line":50,"column":3}},"line":43},"2":{"name":"(anonymous_2)","decl":{"start":{"line":58,"column":27},"end":{"line":58,"column":28}},"loc":{"start":{"line":58,"column":46},"end":{"line":62,"column":3}},"line":58},"3":{"name":"(anonymous_3)","decl":{"start":{"line":69,"column":33},"end":{"line":69,"column":34}},"loc":{"start":{"line":69,"column":45},"end":{"line":72,"column":3}},"line":69},"4":{"name":"(anonymous_4)","decl":{"start":{"line":129,"column":21},"end":{"line":129,"column":22}},"loc":{"start":{"line":129,"column":27},"end":{"line":133,"column":15}},"line":129}},"branchMap":{"0":{"loc":{"start":{"line":45,"column":4},"end":{"line":49,"column":5}},"type":"if","locations":[{"start":{"line":45,"column":4},"end":{"line":49,"column":5}},{"start":{"line":45,"column":4},"end":{"line":49,"column":5}}],"line":45},"1":{"loc":{"start":{"line":79,"column":9},"end":{"line":79,"column":76}},"type":"binary-expr","locations":[{"start":{"line":79,"column":9},"end":{"line":79,"column":19}},{"start":{"line":79,"column":23},"end":{"line":79,"column":76}}],"line":79},"2":{"loc":{"start":{"line":80,"column":9},"end":{"line":80,"column":79}},"type":"binary-expr","locations":[{"start":{"line":80,"column":9},"end":{"line":80,"column":18}},{"start":{"line":80,"column":22},"end":{"line":80,"column":79}}],"line":80},"3":{"loc":{"start":{"line":81,"column":9},"end":{"line":81,"column":80}},"type":"binary-expr","locations":[{"start":{"line":81,"column":9},"end":{"line":81,"column":18}},{"start":{"line":81,"column":22},"end":{"line":81,"column":80}}],"line":81},"4":{"loc":{"start":{"line":82,"column":9},"end":{"line":99,"column":18}},"type":"binary-expr","locations":[{"start":{"line":82,"column":9},"end":{"line":82,"column":19}},{"start":{"line":82,"column":23},"end":{"line":99,"column":18}}],"line":82},"5":{"loc":{"start":{"line":100,"column":9},"end":{"line":117,"column":18}},"type":"binary-expr","locations":[{"start":{"line":100,"column":9},"end":{"line":100,"column":18}},{"start":{"line":100,"column":22},"end":{"line":117,"column":18}}],"line":100},"6":{"loc":{"start":{"line":119,"column":11},"end":{"line":124,"column":12}},"type":"binary-expr","locations":[{"start":{"line":119,"column":11},"end":{"line":119,"column":21}},{"start":{"line":119,"column":25},"end":{"line":124,"column":12}}],"line":119},"7":{"loc":{"start":{"line":125,"column":11},"end":{"line":135,"column":12}},"type":"binary-expr","locations":[{"start":{"line":125,"column":11},"end":{"line":125,"column":20}},{"start":{"line":125,"column":23},"end":{"line":135,"column":12}}],"line":125}},"s":{"0":0,"1":0,"2":0,"3":0,"4":0,"5":0,"6":0,"7":0,"8":0,"9":0,"10":0,"11":0,"12":0,"13":0,"14":0,"15":0,"16":0,"17":0,"18":0,"19":0,"20":0,"21":0,"22":0,"23":0,"24":0,"25":0},"f":{"0":0,"1":0,"2":0,"3":0,"4":0},"b":{"0":[0,0],"1":[0,0],"2":[0,0],"3":[0,0],"4":[0,0],"5":[0,0],"6":[0,0],"7":[0,0]}}
,"C:\\Users\\larsb\\SheepTracker\\app\\screens\\ObservationScreen.js": {"path":"C:\\Users\\larsb\\SheepTracker\\app\\screens\\ObservationScreen.js","statementMap":{"0":{"start":{"line":34,"column":26},"end":{"line":508,"column":1}},"1":{"start":{"line":35,"column":48},"end":{"line":35,"column":75}},"2":{"start":{"line":36,"column":44},"end":{"line":36,"column":58}},"3":{"start":{"line":37,"column":40},"end":{"line":37,"column":50}},"4":{"start":{"line":38,"column":30},"end":{"line":38,"column":41}},"5":{"start":{"line":39,"column":34},"end":{"line":39,"column":45}},"6":{"start":{"line":40,"column":38},"end":{"line":40,"column":53}},"7":{"start":{"line":41,"column":18},"end":{"line":41,"column":30}},"8":{"start":{"line":44,"column":44},"end":{"line":44,"column":58}},"9":{"start":{"line":45,"column":26},"end":{"line":45,"column":62}},"10":{"start":{"line":46,"column":38},"end":{"line":46,"column":53}},"11":{"start":{"line":47,"column":42},"end":{"line":47,"column":57}},"12":{"start":{"line":48,"column":34},"end":{"line":48,"column":46}},"13":{"start":{"line":49,"column":46},"end":{"line":49,"column":58}},"14":{"start":{"line":50,"column":59},"end":{"line":50,"column":74}},"15":{"start":{"line":52,"column":21},"end":{"line":57,"column":3}},"16":{"start":{"line":63,"column":33},"end":{"line":77,"column":3}},"17":{"start":{"line":64,"column":4},"end":{"line":67,"column":9}},"18":{"start":{"line":65,"column":25},"end":{"line":65,"column":63}},"19":{"start":{"line":66,"column":6},"end":{"line":66,"column":45}},"20":{"start":{"line":68,"column":4},"end":{"line":70,"column":5}},"21":{"start":{"line":69,"column":6},"end":{"line":69,"column":26}},"22":{"start":{"line":71,"column":4},"end":{"line":73,"column":5}},"23":{"start":{"line":72,"column":6},"end":{"line":72,"column":22}},"24":{"start":{"line":74,"column":4},"end":{"line":76,"column":5}},"25":{"start":{"line":75,"column":6},"end":{"line":75,"column":59}},"26":{"start":{"line":83,"column":18},"end":{"line":97,"column":3}},"27":{"start":{"line":84,"column":4},"end":{"line":96,"column":5}},"28":{"start":{"line":85,"column":6},"end":{"line":89,"column":7}},"29":{"start":{"line":86,"column":8},"end":{"line":86,"column":31}},"30":{"start":{"line":88,"column":8},"end":{"line":88,"column":31}},"31":{"start":{"line":90,"column":10},"end":{"line":96,"column":5}},"32":{"start":{"line":91,"column":6},"end":{"line":95,"column":7}},"33":{"start":{"line":92,"column":8},"end":{"line":92,"column":30}},"34":{"start":{"line":94,"column":8},"end":{"line":94,"column":32}},"35":{"start":{"line":103,"column":25},"end":{"line":111,"column":3}},"36":{"start":{"line":104,"column":24},"end":{"line":104,"column":41}},"37":{"start":{"line":105,"column":4},"end":{"line":110,"column":5}},"38":{"start":{"line":106,"column":6},"end":{"line":106,"column":78}},"39":{"start":{"line":107,"column":6},"end":{"line":107,"column":36}},"40":{"start":{"line":109,"column":6},"end":{"line":109,"column":25}},"41":{"start":{"line":117,"column":25},"end":{"line":125,"column":3}},"42":{"start":{"line":118,"column":24},"end":{"line":118,"column":41}},"43":{"start":{"line":119,"column":4},"end":{"line":124,"column":5}},"44":{"start":{"line":120,"column":6},"end":{"line":120,"column":76}},"45":{"start":{"line":121,"column":6},"end":{"line":121,"column":36}},"46":{"start":{"line":123,"column":6},"end":{"line":123,"column":25}},"47":{"start":{"line":131,"column":19},"end":{"line":140,"column":3}},"48":{"start":{"line":132,"column":4},"end":{"line":139,"column":5}},"49":{"start":{"line":133,"column":6},"end":{"line":133,"column":38}},"50":{"start":{"line":134,"column":6},"end":{"line":134,"column":23}},"51":{"start":{"line":136,"column":6},"end":{"line":136,"column":53}},"52":{"start":{"line":137,"column":6},"end":{"line":137,"column":23}},"53":{"start":{"line":138,"column":6},"end":{"line":138,"column":16}},"54":{"start":{"line":146,"column":19},"end":{"line":152,"column":3}},"55":{"start":{"line":147,"column":4},"end":{"line":147,"column":40}},"56":{"start":{"line":147,"column":33},"end":{"line":147,"column":40}},"57":{"start":{"line":148,"column":4},"end":{"line":148,"column":32}},"58":{"start":{"line":148,"column":25},"end":{"line":148,"column":32}},"59":{"start":{"line":149,"column":4},"end":{"line":149,"column":51}},"60":{"start":{"line":150,"column":4},"end":{"line":150,"column":21}},"61":{"start":{"line":151,"column":4},"end":{"line":151,"column":14}},"62":{"start":{"line":158,"column":20},"end":{"line":164,"column":3}},"63":{"start":{"line":159,"column":4},"end":{"line":163,"column":5}},"64":{"start":{"line":160,"column":6},"end":{"line":160,"column":53}},"65":{"start":{"line":162,"column":6},"end":{"line":162,"column":53}},"66":{"start":{"line":170,"column":26},"end":{"line":194,"column":3}},"67":{"start":{"line":171,"column":4},"end":{"line":193,"column":5}},"68":{"start":{"line":172,"column":6},"end":{"line":192,"column":13}},"69":{"start":{"line":175,"column":41},"end":{"line":175,"column":85}},"70":{"start":{"line":176,"column":39},"end":{"line":176,"column":78}},"71":{"start":{"line":180,"column":67},"end":{"line":180,"column":113}},"72":{"start":{"line":189,"column":70},"end":{"line":189,"column":116}},"73":{"start":{"line":200,"column":24},"end":{"line":208,"column":3}},"74":{"start":{"line":201,"column":4},"end":{"line":207,"column":7}},"75":{"start":{"line":202,"column":6},"end":{"line":206,"column":7}},"76":{"start":{"line":203,"column":8},"end":{"line":203,"column":146}},"77":{"start":{"line":205,"column":8},"end":{"line":205,"column":142}},"78":{"start":{"line":215,"column":29},"end":{"line":217,"column":3}},"79":{"start":{"line":216,"column":4},"end":{"line":216,"column":71}},"80":{"start":{"line":223,"column":22},"end":{"line":229,"column":3}},"81":{"start":{"line":224,"column":4},"end":{"line":228,"column":5}},"82":{"start":{"line":225,"column":18},"end":{"line":225,"column":80}},"83":{"start":{"line":226,"column":6},"end":{"line":226,"column":25}},"84":{"start":{"line":227,"column":6},"end":{"line":227,"column":28}},"85":{"start":{"line":236,"column":22},"end":{"line":267,"column":3}},"86":{"start":{"line":237,"column":4},"end":{"line":266,"column":5}},"87":{"start":{"line":238,"column":22},"end":{"line":238,"column":61}},"88":{"start":{"line":240,"column":8},"end":{"line":240,"column":64}},"89":{"start":{"line":241,"column":17},"end":{"line":244,"column":7}},"90":{"start":{"line":246,"column":6},"end":{"line":265,"column":7}},"91":{"start":{"line":247,"column":23},"end":{"line":253,"column":10}},"92":{"start":{"line":254,"column":28},"end":{"line":254,"column":49}},"93":{"start":{"line":255,"column":8},"end":{"line":262,"column":9}},"94":{"start":{"line":257,"column":10},"end":{"line":257,"column":42}},"95":{"start":{"line":260,"column":10},"end":{"line":260,"column":36}},"96":{"start":{"line":261,"column":10},"end":{"line":261,"column":22}},"97":{"start":{"line":264,"column":8},"end":{"line":264,"column":25}},"98":{"start":{"line":273,"column":31},"end":{"line":277,"column":3}},"99":{"start":{"line":274,"column":4},"end":{"line":274,"column":27}},"100":{"start":{"line":275,"column":4},"end":{"line":275,"column":24}},"101":{"start":{"line":276,"column":4},"end":{"line":276,"column":20}},"102":{"start":{"line":283,"column":19},"end":{"line":301,"column":3}},"103":{"start":{"line":284,"column":4},"end":{"line":284,"column":34}},"104":{"start":{"line":285,"column":14},"end":{"line":285,"column":41}},"105":{"start":{"line":286,"column":4},"end":{"line":299,"column":5}},"106":{"start":{"line":287,"column":6},"end":{"line":287,"column":28}},"107":{"start":{"line":288,"column":6},"end":{"line":294,"column":7}},"108":{"start":{"line":289,"column":8},"end":{"line":289,"column":37}},"109":{"start":{"line":290,"column":8},"end":{"line":290,"column":30}},"110":{"start":{"line":292,"column":8},"end":{"line":292,"column":38}},"111":{"start":{"line":293,"column":8},"end":{"line":293,"column":31}},"112":{"start":{"line":295,"column":6},"end":{"line":295,"column":39}},"113":{"start":{"line":296,"column":6},"end":{"line":296,"column":29}},"114":{"start":{"line":297,"column":6},"end":{"line":297,"column":27}},"115":{"start":{"line":298,"column":6},"end":{"line":298,"column":22}},"116":{"start":{"line":300,"column":4},"end":{"line":300,"column":35}},"117":{"start":{"line":307,"column":23},"end":{"line":315,"column":3}},"118":{"start":{"line":308,"column":4},"end":{"line":314,"column":5}},"119":{"start":{"line":309,"column":6},"end":{"line":313,"column":9}},"120":{"start":{"line":310,"column":8},"end":{"line":312,"column":15}},"121":{"start":{"line":317,"column":2},"end":{"line":507,"column":4}},"122":{"start":{"line":327,"column":42},"end":{"line":327,"column":95}},"123":{"start":{"line":341,"column":46},"end":{"line":341,"column":76}},"124":{"start":{"line":341,"column":77},"end":{"line":341,"column":86}},"125":{"start":{"line":344,"column":105},"end":{"line":344,"column":129}},"126":{"start":{"line":371,"column":25},"end":{"line":371,"column":44}},"127":{"start":{"line":396,"column":38},"end":{"line":396,"column":79}},"128":{"start":{"line":396,"column":80},"end":{"line":396,"column":89}},"129":{"start":{"line":403,"column":40},"end":{"line":403,"column":70}},"130":{"start":{"line":403,"column":71},"end":{"line":403,"column":80}},"131":{"start":{"line":408,"column":101},"end":{"line":408,"column":125}},"132":{"start":{"line":446,"column":10},"end":{"line":446,"column":28}},"133":{"start":{"line":451,"column":27},"end":{"line":451,"column":47}},"134":{"start":{"line":457,"column":14},"end":{"line":461,"column":16}},"135":{"start":{"line":468,"column":25},"end":{"line":468,"column":38}},"136":{"start":{"line":476,"column":27},"end":{"line":476,"column":49}},"137":{"start":{"line":491,"column":27},"end":{"line":491,"column":37}},"138":{"start":{"line":510,"column":15},"end":{"line":616,"column":2}}},"fnMap":{"0":{"name":"(anonymous_0)","decl":{"start":{"line":34,"column":26},"end":{"line":34,"column":27}},"loc":{"start":{"line":34,"column":106},"end":{"line":508,"column":1}},"line":34},"1":{"name":"(anonymous_1)","decl":{"start":{"line":63,"column":33},"end":{"line":63,"column":34}},"loc":{"start":{"line":63,"column":39},"end":{"line":77,"column":3}},"line":63},"2":{"name":"(anonymous_2)","decl":{"start":{"line":64,"column":5},"end":{"line":64,"column":6}},"loc":{"start":{"line":64,"column":17},"end":{"line":67,"column":5}},"line":64},"3":{"name":"(anonymous_3)","decl":{"start":{"line":83,"column":18},"end":{"line":83,"column":19}},"loc":{"start":{"line":83,"column":24},"end":{"line":97,"column":3}},"line":83},"4":{"name":"(anonymous_4)","decl":{"start":{"line":103,"column":25},"end":{"line":103,"column":26}},"loc":{"start":{"line":103,"column":37},"end":{"line":111,"column":3}},"line":103},"5":{"name":"(anonymous_5)","decl":{"start":{"line":117,"column":25},"end":{"line":117,"column":26}},"loc":{"start":{"line":117,"column":37},"end":{"line":125,"column":3}},"line":117},"6":{"name":"(anonymous_6)","decl":{"start":{"line":131,"column":19},"end":{"line":131,"column":20}},"loc":{"start":{"line":131,"column":46},"end":{"line":140,"column":3}},"line":131},"7":{"name":"(anonymous_7)","decl":{"start":{"line":146,"column":19},"end":{"line":146,"column":20}},"loc":{"start":{"line":146,"column":46},"end":{"line":152,"column":3}},"line":146},"8":{"name":"(anonymous_8)","decl":{"start":{"line":158,"column":20},"end":{"line":158,"column":21}},"loc":{"start":{"line":158,"column":59},"end":{"line":164,"column":3}},"line":158},"9":{"name":"(anonymous_9)","decl":{"start":{"line":170,"column":26},"end":{"line":170,"column":27}},"loc":{"start":{"line":170,"column":32},"end":{"line":194,"column":3}},"line":170},"10":{"name":"(anonymous_10)","decl":{"start":{"line":171,"column":27},"end":{"line":171,"column":28}},"loc":{"start":{"line":172,"column":6},"end":{"line":192,"column":13}},"line":172},"11":{"name":"(anonymous_11)","decl":{"start":{"line":175,"column":30},"end":{"line":175,"column":31}},"loc":{"start":{"line":175,"column":41},"end":{"line":175,"column":85}},"line":175},"12":{"name":"(anonymous_12)","decl":{"start":{"line":176,"column":28},"end":{"line":176,"column":29}},"loc":{"start":{"line":176,"column":39},"end":{"line":176,"column":78}},"line":176},"13":{"name":"(anonymous_13)","decl":{"start":{"line":180,"column":61},"end":{"line":180,"column":62}},"loc":{"start":{"line":180,"column":67},"end":{"line":180,"column":113}},"line":180},"14":{"name":"(anonymous_14)","decl":{"start":{"line":189,"column":64},"end":{"line":189,"column":65}},"loc":{"start":{"line":189,"column":70},"end":{"line":189,"column":116}},"line":189},"15":{"name":"(anonymous_15)","decl":{"start":{"line":200,"column":24},"end":{"line":200,"column":25}},"loc":{"start":{"line":200,"column":30},"end":{"line":208,"column":3}},"line":200},"16":{"name":"(anonymous_16)","decl":{"start":{"line":201,"column":27},"end":{"line":201,"column":28}},"loc":{"start":{"line":201,"column":34},"end":{"line":207,"column":5}},"line":201},"17":{"name":"(anonymous_17)","decl":{"start":{"line":215,"column":29},"end":{"line":215,"column":30}},"loc":{"start":{"line":215,"column":39},"end":{"line":217,"column":3}},"line":215},"18":{"name":"(anonymous_18)","decl":{"start":{"line":223,"column":22},"end":{"line":223,"column":23}},"loc":{"start":{"line":223,"column":34},"end":{"line":229,"column":3}},"line":223},"19":{"name":"(anonymous_19)","decl":{"start":{"line":236,"column":22},"end":{"line":236,"column":23}},"loc":{"start":{"line":236,"column":39},"end":{"line":267,"column":3}},"line":236},"20":{"name":"(anonymous_20)","decl":{"start":{"line":273,"column":31},"end":{"line":273,"column":32}},"loc":{"start":{"line":273,"column":37},"end":{"line":277,"column":3}},"line":273},"21":{"name":"(anonymous_21)","decl":{"start":{"line":283,"column":19},"end":{"line":283,"column":20}},"loc":{"start":{"line":283,"column":31},"end":{"line":301,"column":3}},"line":283},"22":{"name":"(anonymous_22)","decl":{"start":{"line":307,"column":23},"end":{"line":307,"column":24}},"loc":{"start":{"line":307,"column":29},"end":{"line":315,"column":3}},"line":307},"23":{"name":"(anonymous_23)","decl":{"start":{"line":309,"column":33},"end":{"line":309,"column":34}},"loc":{"start":{"line":310,"column":8},"end":{"line":312,"column":15}},"line":310},"24":{"name":"(anonymous_24)","decl":{"start":{"line":327,"column":32},"end":{"line":327,"column":33}},"loc":{"start":{"line":327,"column":42},"end":{"line":327,"column":95}},"line":327},"25":{"name":"(anonymous_25)","decl":{"start":{"line"
[...]
ne":398,"column":208}},{"start":{"line":398,"column":211},"end":{"line":398,"column":233}}],"line":398},"27":{"loc":{"start":{"line":411,"column":10},"end":{"line":422,"column":19}},"type":"binary-expr","locations":[{"start":{"line":411,"column":10},"end":{"line":411,"column":29}},{"start":{"line":412,"column":12},"end":{"line":422,"column":19}}],"line":411},"28":{"loc":{"start":{"line":412,"column":161},"end":{"line":412,"column":192}},"type":"cond-expr","locations":[{"start":{"line":412,"column":187},"end":{"line":412,"column":188}},{"start":{"line":412,"column":191},"end":{"line":412,"column":192}}],"line":412},"29":{"loc":{"start":{"line":451,"column":27},"end":{"line":451,"column":71}},"type":"cond-expr","locations":[{"start":{"line":451,"column":45},"end":{"line":451,"column":60}},{"start":{"line":451,"column":63},"end":{"line":451,"column":71}}],"line":451},"30":{"loc":{"start":{"line":454,"column":11},"end":{"line":454,"column":103}},"type":"binary-expr","locations":[{"start":{"line":454,"column":11},"end":{"line":454,"column":28}},{"start":{"line":454,"column":32},"end":{"line":454,"column":103}}],"line":454},"31":{"loc":{"start":{"line":458,"column":9},"end":{"line":458,"column":151}},"type":"binary-expr","locations":[{"start":{"line":458,"column":9},"end":{"line":458,"column":24}},{"start":{"line":458,"column":28},"end":{"line":458,"column":151}}],"line":458},"32":{"loc":{"start":{"line":487,"column":9},"end":{"line":487,"column":210}},"type":"binary-expr","locations":[{"start":{"line":487,"column":9},"end":{"line":487,"column":24}},{"start":{"line":487,"column":27},"end":{"line":487,"column":210}}],"line":487},"33":{"loc":{"start":{"line":530,"column":9},"end":{"line":540,"column":15}},"type":"binary-expr","locations":[{"start":{"line":530,"column":9},"end":{"line":530,"column":26}},{"start":{"line":531,"column":8},"end":{"line":540,"column":15}}],"line":530}},"s":{"0":0,"1":0,"2":0,"3":0,"4":0,"5":0,"6":0,"7":0,"8":0,"9":0,"10":0,"11":0,"12":0,"13":0,"14":0,"15":0,"16":0,"17":0,"18":0,"19":0,"20":0,"21":0,"22":0,"23":0,"24":0,"25":0,"26":0,"27":0,"28":0,"29":0,"30":0,"31":0,"32":0,"33":0,"34":0,"35":0,"36":0,"37":0,"38":0,"39":0,"40":0,"41":0,"42":0,"43":0,"44":0,"45":0,"46":0,"47":0,"48":0,"49":0,"50":0,"51":0,"52":0,"53":0,"54":0,"55":0,"56":0,"57":0,"58":0,"59":0,"60":0,"61":0,"62":0,"63":0,"64":0,"65":0,"66":0,"67":0,"68":0,"69":0,"70":0,"71":0,"72":0,"73":0,"74":0,"75":0,"76":0,"77":0,"78":0,"79":0,"80":0,"81":0,"82":0,"83":0,"84":0,"85":0,"86":0,"87":0,"88":0,"89":0,"90":0,"91":0,"92":0,"93":0,"94":0,"95":0,"96":0,"97":0,"98":0,"99":0,"100":0,"101":0,"102":0,"103":0,"104":0,"105":0,"106":0,"107":0,"108":0,"109":0,"110":0,"111":0,"112":0,"113":0,"114":0,"115":0,"116":0,"117":0,"118":0,"119":0,"120":0,"121":0,"122":0,"123":0,"124":0,"125":0,"126":0,"127":0,"128":0,"129":0,"130":0,"131":0,"132":0,"133":0,"134":0,"135":0,"136":0,"137":0,"138":0,"139":0,"140":0,"141":0},"f":{"0":0,"1":0,"2":0,"3":0,"4":0,"5":0,"6":0,"7":0,"8":0,"9":0,"10":0,"11":0,"12":0,"13":0,"14":0,"15":0,"16":0,"17":0,"18":0,"19":0,"20":0,"21":0,"22":0,"23":0,"24":0,"25":0,"26":0,"27":0,"28":0,"29":0,"30":0,"31":0,"32":0,"33":0,"34":0,"35":0,"36":0,"37":0,"38":0,"39":0,"40":0,"41":0,"42":0,"43":0,"44":0,"45":0,"46":0,"47":0,"48":0,"49":0,"50":0,"51":0},"b":{"0":[0,0],"1":[0],"2":[0,0],"3":[0,0],"4":[0,0],"5":[0,0],"6":[0,0],"7":[0,0],"8":[0,0],"9":[0,0],"10":[0,0],"11":[0,0],"12":[0,0],"13":[0,0],"14":[0,0],"15":[0,0],"16":[0,0],"17":[0,0],"18":[0,0],"19":[0,0],"20":[0,0],"21":[0,0],"22":[0,0],"23":[0,0],"24":[0,0],"25":[0,0],"26":[0,0],"27":[0,0],"28":[0,0],"29":[0,0],"30":[0,0],"31":[0,0],"32":[0,0],"33":[0,0]}}
,"C:\\Users\\larsb\\SheepTracker\\app\\screens\\ReportlistScreen.js": {"path":"C:\\Users\\larsb\\SheepTracker\\app\\screens\\ReportlistScreen.js","statementMap":{"0":{"start":{"line":20,"column":25},"end":{"line":151,"column":1}},"1":{"start":{"line":21,"column":21},"end":{"line":21,"column":36}},"2":{"start":{"line":22,"column":38},"end":{"line":22,"column":53}},"3":{"start":{"line":23,"column":36},"end":{"line":23,"column":47}},"4":{"start":{"line":24,"column":36},"end":{"line":24,"column":46}},"5":{"start":{"line":25,"column":18},"end":{"line":25,"column":30}},"6":{"start":{"line":26,"column":17},"end":{"line":26,"column":26}},"7":{"start":{"line":27,"column":21},"end":{"line":27,"column":49}},"8":{"start":{"line":28,"column":22},"end":{"line":28,"column":50}},"9":{"start":{"line":34,"column":2},"end":{"line":36,"column":9}},"10":{"start":{"line":35,"column":4},"end":{"line":35,"column":21}},"11":{"start":{"line":42,"column":22},"end":{"line":73,"column":3}},"12":{"start":{"line":43,"column":4},"end":{"line":72,"column":7}},"13":{"start":{"line":44,"column":6},"end":{"line":71,"column":8}},"14":{"start":{"line":45,"column":8},"end":{"line":70,"column":9}},"15":{"start":{"line":46,"column":10},"end":{"line":69,"column":12}},"16":{"start":{"line":47,"column":28},"end":{"line":47,"column":63}},"17":{"start":{"line":49,"column":14},"end":{"line":49,"column":70}},"18":{"start":{"line":50,"column":23},"end":{"line":53,"column":13}},"19":{"start":{"line":54,"column":27},"end":{"line":60,"column":14}},"20":{"start":{"line":61,"column":32},"end":{"line":61,"column":53}},"21":{"start":{"line":62,"column":12},"end":{"line":68,"column":13}},"22":{"start":{"line":63,"column":14},"end":{"line":63,"column":52}},"23":{"start":{"line":64,"column":14},"end":{"line":64,"column":49}},"24":{"start":{"line":67,"column":14},"end":{"line":67,"column":41}},"25":{"start":{"line":79,"column":25},"end":{"line":88,"column":3}},"26":{"start":{"line":80,"column":4},"end":{"line":80,"column":42}},"27":{"start":{"line":81,"column":29},"end":{"line":81,"column":53}},"28":{"start":{"line":82,"column":23},"end":{"line":82,"column":90}},"29":{"start":{"line":83,"column":4},"end":{"line":86,"column":5}},"30":{"start":{"line":84,"column":6},"end":{"line":84,"column":42}},"31":{"start":{"line":85,"column":6},"end":{"line":85,"column":57}},"32":{"start":{"line":87,"column":4},"end":{"line":87,"column":54}},"33":{"start":{"line":94,"column":24},"end":{"line":106,"column":3}},"34":{"start":{"line":95,"column":4},"end":{"line":105,"column":5}},"35":{"start":{"line":96,"column":29},"end":{"line":96,"column":64}},"36":{"start":{"line":97,"column":6},"end":{"line":97,"column":81}},"37":{"start":{"line":97,"column":37},"end":{"line":97,"column":80}},"38":{"start":{"line":98,"column":6},"end":{"line":104,"column":9}},"39":{"start":{"line":99,"column":8},"end":{"line":103,"column":10}},"40":{"start":{"line":102,"column":26},"end":{"line":102,"column":73}},"41":{"start":{"line":108,"column":2},"end":{"line":150,"column":4}},"42":{"start":{"line":119,"column":27},"end":{"line":119,"column":43}},"43":{"start":{"line":132,"column":29},"end":{"line":132,"column":45}},"44":{"start":{"line":146,"column":123},"end":{"line":146,"column":150}},"45":{"start":{"line":153,"column":15},"end":{"line":174,"column":2}}},"fnMap":{"0":{"name":"(anonymous_0)","decl":{"start":{"line":20,"column":25},"end":{"line":20,"column":26}},"loc":{"start":{"line":20,"column":31},"end":{"line":151,"column":1}},"line":20},"1":{"name":"(anonymous_1)","decl":{"start":{"line":34,"column":13},"end":{"line":34,"column":14}},"loc":{"start":{"line":34,"column":19},"end":{"line":36,"column":3}},"line":34},"2":{"name":"(anonymous_2)","decl":{"start":{"line":42,"column":22},"end":{"line":42,"column":23}},"loc":{"start":{"line":42,"column":50},"end":{"line":73,"column":3}},"line":42},"3":{"name":"(anonymous_3)","decl":{"start":{"line":43,"column":30},"end":{"line":43,"column":31}},"loc":{"start":{"line":43,"column":35},"end":{"line":72,"column":5}},"line":43},"4":{"name":"(anonymous_4)","decl":{"start":{"line":44,"column":25},"end":{"line":44,"column":26}},"loc":{"start":{"line":44,"column":30},"end":{"line":71,"column":7}},"line":44},"5":{"name":"(anonymous_5)","decl":{"start":{"line":46,"column":28},"end":{"line":46,"column":29}},"loc":{"start":{"line":46,"column":41},"end":{"line":69,"column":11}},"line":46},"6":{"name":"(anonymous_6)","decl":{"start":{"line":79,"column":25},"end":{"line":79,"column":26}},"loc":{"start":{"line":79,"column":37},"end":{"line":88,"column":3}},"line":79},"7":{"name":"(anonymous_7)","decl":{"start":{"line":94,"column":24},"end":{"line":94,"column":25}},"loc":{"start":{"line":94,"column":30},"end":{"line":106,"column":3}},"line":94},"8":{"name":"(anonymous_8)","decl":{"start":{"line":97,"column":32},"end":{"line":97,"column":33}},"loc":{"start":{"line":97,"column":37},"end":{"line":97,"column":80}},"line":97},"9":{"name":"(anonymous_9)","decl":{"start":{"line":98,"column":53},"end":{"line":98,"column":54}},"loc":{"start":{"line":99,"column":8},"end":{"line":103,"column":10}},"line":99},"10":{"name":"(anonymous_10)","decl":{"start":{"line":102,"column":19},"end":{"line":102,"column":20}},"loc":{"start":{"line":102,"column":25},"end":{"line":102,"column":74}},"line":102},"11":{"name":"(anonymous_11)","decl":{"start":{"line":119,"column":21},"end":{"line":119,"column":22}},"loc":{"start":{"line":119,"column":27},"end":{"line":119,"column":43}},"line":119},"12":{"name":"(anonymous_12)","decl":{"start":{"line":132,"column":23},"end":{"line":132,"column":24}},"loc":{"start":{"line":132,"column":29},"end":{"line":132,"column":45}},"line":132},"13":{"name":"(anonymous_13)","decl":{"start":{"line":146,"column":117},"end":{"line":146,"column":118}},"loc":{"start":{"line":146,"column":123},"end":{"line":146,"column":150}},"line":146}},"branchMap":{"0":{"loc":{"start":{"line":45,"column":8},"end":{"line":70,"column":9}},"type":"if","locations":[{"start":{"line":45,"column":8},"end":{"line":70,"column":9}},{"start":{"line":45,"column":8},"end":{"line":70,"column":9}}],"line":45},"1":{"loc":{"start":{"line":62,"column":12},"end":{"line":68,"column":13}},"type":"if","locations":[{"start":{"line":62,"column":12},"end":{"line":68,"column":13}},{"start":{"line":62,"column":12},"end":{"line":68,"column":13}}],"line":62},"2":{"loc":{"start":{"line":82,"column":23},"end":{"line":82,"column":90}},"type":"binary-expr","locations":[{"start":{"line":82,"column":23},"end":{"line":82,"column":49}},{"start":{"line":82,"column":53},"end":{"line":82,"column":90}}],"line":82},"3":{"loc":{"start":{"line":83,"column":4},"end":{"line":86,"column":5}},"type":"if","locations":[{"start":{"line":83,"column":4},"end":{"line":86,"column":5}},{"start":{"line":83,"column":4},"end":{"line":86,"column":5}}],"line":83},"4":{"loc":{"start":{"line":83,"column":7},"end":{"line":83,"column":38}},"type":"binary-expr","locations":[{"start":{"line":83,"column":7},"end":{"line":83,"column":23}},{"start":{"line":83,"column":27},"end":{"line":83,"column":38}}],"line":83},"5":{"loc":{"start":{"line":95,"column":4},"end":{"line":105,"column":5}},"type":"if","locations":[{"start":{"line":95,"column":4},"end":{"line":105,"column":5}},{"start":{"line":95,"column":4},"end":{"line":105,"column":5}}],"line":95},"6":{"loc":{"start":{"line":110,"column":7},"end":{"line":110,"column":58}},"type":"binary-expr","locations":[{"start":{"line":110,"column":7},"end":{"line":110,"column":16}},{"start":{"line":110,"column":20},"end":{"line":110,"column":58}}],"line":110},"7":{"loc":{"start":{"line":111,"column":7},"end":{"line":125,"column":7}},"type":"binary-expr","locations":[{"start":{"line":111,"column":7},"end":{"line":111,"column":23}},{"start":{"line":112,"column":8},"end":{"line":124,"column":15}}],"line":111},"8":{"loc":{"start":{"line":137,"column":9},"end":{"line":144,"column":9}},"type":"binary-expr","locations":[{"start":{"line":137,"column":9},"end":{"line":137,"column":37}},{"start":{"line":138,"column":10},"end":{"line":143,"column":17}}],"line":137},"9":{"loc":{"start":{"line":145,"column":9},"end":{"line":147,"column":15}},"type":"binary-expr","locations":[{"start":{"line":145,"column":9},"end":{"line":145,"column":76}},{"start":{"line":145,"column":80},"end":{"line":147,"column":15}}],"line":145}},"s":{"0":0,"1":0,"2":0,"3":0,"4":0,"5":0,"6":0,"7":0,"8":0,"9":0,"10":0,"11":0,"12":0,"13":0,"14":0,"15":0,"16":0,"17":0,"18":0,"19":0,"20":0,"21":0,"22":0,"23":0,"24":0,"25":0,"26":0,"27":0,"28":0,"29":0,"30":0,"31":0,"32":0,"33":0,"34":0,"35":0,"36":0,"37":0,"38":0,"39":0,"40":0,"41":0,"42":0,"43":0,"44":0,"45":0},"f":{"0":0,"1":0,"2":0,"3":0,"4":0,"5":0,"6":0,"7":0,"8":0,"9":0,"10":0,"11":0,"12":0,"13":0},"b":{"0":[0,0],"1":[0,0],"2":[0,0],"3":[0,0],"4":[0,0],"5":[0,0],"6":[0,0],"7":[0,0],"8":[0,0],"9":[0,0]}}
,"C:\\Users\\larsb\\SheepTracker\\app\\utility\\cache.js": {"path":"C:\\Users\\larsb\\SheepTracker\\app\\utility\\cache.js","statementMap":{"0":{"start":{"line":3,"column":0},"end":{"line":3,"column":20}},"1":{"start":{"line":5,"column":12},"end":{"line":14,"column":1}},"2":{"start":{"line":6,"column":2},"end":{"line":13,"column":3}},"3":{"start":{"line":7,"column":18},"end":{"line":7,"column":49}},"4":{"start":{"line":8,"column":17},"end":{"line":8,"column":34}},"5":{"start":{"line":9,"column":4},"end":{"line":9,"column":27}},"6":{"start":{"line":9,"column":15},"end":{"line":9,"column":27}},"7":{"start":{"line":10,"column":4},"end":{"line":10,"column":16}},"8":{"start":{"line":12,"column":4},"end":{"line":12,"column":23}},"9":{"start":{"line":16,"column":13},"end":{"line":28,"column":1}},"10":{"start":{"line":17,"column":2},"end":{"line":27,"column":3}},"11":{"start":{"line":18,"column":21},"end":{"line":18,"column":40}},"12":{"start":{"line":19,"column":4},"end":{"line":23,"column":5}},"13":{"start":{"line":20,"column":6},"end":{"line":20,"column":43}},"14":{"start":{"line":22,"column":6},"end":{"line":22,"column":30}},"15":{"start":{"line":24,"column":4},"end":{"line":24,"column":69}},"16":{"start":{"line":26,"column":4},"end":{"line":26,"column":60}},"17":{"start":{"line":30,"column":20},"end":{"line":34,"column":1}},"18":{"start":{"line":31,"column":20},"end":{"line":31,"column":31}},"19":{"start":{"line":32,"column":21},"end":{"line":32,"column":69}},"20":{"start":{"line":32,"column":43},"end":{"line":32,"column":68}},"21":{"start":{"line":33,"column":2},"end":{"line":33,"column":67}},"22":{"start":{"line":36,"column":21},"end":{"line":42,"column":1}},"23":{"start":{"line":37,"column":2},"end":{"line":41,"column":3}},"24":{"start":{"line":38,"column":4},"end":{"line":38,"column":77}},"25":{"start":{"line":40,"column":4},"end":{"line":40,"column":81}},"26":{"start":{"line":44,"column":19},"end":{"line":55,"column":1}},"27":{"start":{"line":45,"column":2},"end":{"line":54,"column":3}},"28":{"start":{"line":46,"column":22},"end":{"line":46,"column":33}},"29":{"start":{"line":47,"column":4},"end":{"line":47,"column":31}},"30":{"start":{"line":47,"column":19},"end":{"line":47,"column":31}},"31":{"start":{"line":48,"column":24},"end":{"line":48,"column":64}},"32":{"start":{"line":48,"column":51},"end":{"line":48,"column":63}},"33":{"start":{"line":49,"column":4},"end":{"line":49,"column":50}},"34":{"start":{"line":49,"column":31},"end":{"line":49,"column":50}},"35":{"start":{"line":50,"column":4},"end":{"line":50,"column":16}},"36":{"start":{"line":52,"column":4},"end":{"line":52,"column":56}},"37":{"start":{"line":53,"column":4},"end":{"line":53,"column":16}},"38":{"start":{"line":57,"column":31},"end":{"line":57,"column":41}},"39":{"start":{"line":58,"column":28},"end":{"line":65,"column":1}},"40":{"start":{"line":59,"column":2},"end":{"line":64,"column":3}},"41":{"start":{"line":60,"column":4},"end":{"line":60,"column":77}},"42":{"start":{"line":62,"column":4},"end":{"line":62,"column":65}},"43":{"start":{"line":67,"column":30},"end":{"line":75,"column":1}},"44":{"start":{"line":68,"column":2},"end":{"line":74,"column":3}},"45":{"start":{"line":69,"column":24},"end":{"line":69,"column":57}},"46":{"start":{"line":70,"column":4},"end":{"line":70,"column":39}},"47":{"start":{"line":70,"column":20},"end":{"line":70,"column":39}},"48":{"start":{"line":71,"column":4},"end":{"line":71,"column":14}},"49":{"start":{"line":73,"column":4},"end":{"line":73,"column":82}},"50":{"start":{"line":77,"column":32},"end":{"line":83,"column":1}},"51":{"start":{"line":78,"column":2},"end":{"line":82,"column":3}},"52":{"start":{"line":79,"column":4},"end":{"line":79,"column":58}},"53":{"start":{"line":81,"column":4},"end":{"line":81,"column":59}}},"fnMap":{"0":{"name":"(anonymous_0)","decl":{"start":{"line":5,"column":12},"end":{"line":5,"column":13}},"loc":{"start":{"line":5,"column":38},"end":{"line":14,"column":1}},"line":5},"1":{"name":"(anonymous_1)","decl":{"start":{"line":16,"column":13},"end":{"line":16,"column":14}},"loc":{"start":{"line":16,"column":29},"end":{"line":28,"column":1}},"line":16},"2":{"name":"(anonymous_2)","decl":{"start":{"line":30,"column":20},"end":{"line":30,"column":21}},"loc":{"start":{"line":30,"column":41},"end":{"line":34,"column":1}},"line":30},"3":{"name":"(anonymous_3)","decl":{"start":{"line":32,"column":38},"end":{"line":32,"column":39}},"loc":{"start":{"line":32,"column":43},"end":{"line":32,"column":68}},"line":32},"4":{"name":"(anonymous_4)","decl":{"start":{"line":36,"column":21},"end":{"line":36,"column":22}},"loc":{"start":{"line":36,"column":39},"end":{"line":42,"column":1}},"line":36},"5":{"name":"(anonymous_5)","decl":{"start":{"line":44,"column":19},"end":{"line":44,"column":20}},"loc":{"start":{"line":44,"column":31},"end":{"line":55,"column":1}},"line":44},"6":{"name":"(anonymous_6)","decl":{"start":{"line":48,"column":41},"end":{"line":48,"column":42}},"loc":{"start":{"line":48,"column":51},"end":{"line":48,"column":63}},"line":48},"7":{"name":"(anonymous_7)","decl":{"start":{"line":58,"column":28},"end":{"line":58,"column":29}},"loc":{"start":{"line":58,"column":44},"end":{"line":65,"column":1}},"line":58},"8":{"name":"(anonymous_8)","decl":{"start":{"line":67,"column":30},"end":{"line":67,"column":31}},"loc":{"start":{"line":67,"column":42},"end":{"line":75,"column":1}},"line":67},"9":{"name":"(anonymous_9)","decl":{"start":{"line":77,"column":32},"end":{"line":77,"column":33}},"loc":{"start":{"line":77,"column":44},"end":{"line":83,"column":1}},"line":77}},"branchMap":{"0":{"loc":{"start":{"line":5,"column":19},"end":{"line":5,"column":33}},"type":"default-arg","locations":[{"start":{"line":5,"column":25},"end":{"line":5,"column":33}}],"line":5},"1":{"loc":{"start":{"line":9,"column":4},"end":{"line":9,"column":27}},"type":"if","locations":[{"start":{"line":9,"column":4},"end":{"line":9,"column":27}},{"start":{"line":9,"column":4},"end":{"line":9,"column":27}}],"line":9},"2":{"loc":{"start":{"line":19,"column":4},"end":{"line":23,"column":5}},"type":"if","locations":[{"start":{"line":19,"column":4},"end":{"line":23,"column":5}},{"start":{"line":19,"column":4},"end":{"line":23,"column":5}}],"line":19},"3":{"loc":{"start":{"line":47,"column":4},"end":{"line":47,"column":31}},"type":"if","locations":[{"start":{"line":47,"column":4},"end":{"line":47,"column":31}},{"start":{"line":47,"column":4},"end":{"line":47,"column":31}}],"line":47},"4":{"loc":{"start":{"line":49,"column":4},"end":{"line":49,"column":50}},"type":"if","locations":[{"start":{"line":49,"column":4},"end":{"line":49,"column":50}},{"start":{"line":49,"column":4},"end":{"line":49,"column":50}}],"line":49},"5":{"loc":{"start":{"line":70,"column":4},"end":{"line":70,"column":39}},"type":"if","locations":[{"start":{"line":70,"column":4},"end":{"line":70,"column":39}},{"start":{"line":70,"column":4},"end":{"line":70,"column":39}}],"line":70}},"s":{"0":0,"1":0,"2":0,"3":0,"4":0,"5":0,"6":0,"7":0,"8":0,"9":0,"10":0,"11":0,"12":0,"13":0,"14":0,"15":0,"16":0,"17":0,"18":0,"19":0,"20":0,"21":0,"22":0,"23":0,"24":0,"25":0,"26":0,"27":0,"28":0,"29":0,"30":0,"31":0,"32":0,"33":0,"34":0,"35":0,"36":0,"37":0,"38":0,"39":0,"40":0,"41":0,"42":0,"43":0,"44":0,"45":0,"46":0,"47":0,"48":0,"49":0,"50":0,"51":0,"52":0,"53":0},"f":{"0":0,"1":0,"2":0,"3":0,"4":0,"5":0,"6":0,"7":0,"8":0,"9":0},"b":{"0":[0],"1":[0,0],"2":[0,0],"3":[0,0],"4":[0,0],"5":[0,0]}}
}
