{"C:\\Users\\larsb\\SheepTracker\\App.js": {"path":"C:\\Users\\larsb\\SheepTracker\\App.js","statementMap":{"0":{"start":{"line":11,"column":26},"end":{"line":11,"column":36}},"1":{"start":{"line":12,"column":30},"end":{"line":12,"column":45}},"2":{"start":{"line":14,"column":22},"end":{"line":17,"column":3}},"3":{"start":{"line":15,"column":17},"end":{"line":15,"column":44}},"4":{"start":{"line":16,"column":4},"end":{"line":16,"column":18}},"5":{"start":{"line":19,"column":2},"end":{"line":19,"column":92}},"6":{"start":{"line":19,"column":13},"end":{"line":19,"column":92}},"7":{"start":{"line":19,"column":73},"end":{"line":19,"column":89}},"8":{"start":{"line":21,"column":2},"end":{"line":27,"column":4}}},"fnMap":{"0":{"name":"App","decl":{"start":{"line":10,"column":24},"end":{"line":10,"column":27}},"loc":{"start":{"line":10,"column":30},"end":{"line":28,"column":1}},"line":10},"1":{"name":"(anonymous_1)","decl":{"start":{"line":14,"column":22},"end":{"line":14,"column":23}},"loc":{"start":{"line":14,"column":34},"end":{"line":17,"column":3}},"line":14},"2":{"name":"(anonymous_2)","decl":{"start":{"line":19,"column":67},"end":{"line":19,"column":68}},"loc":{"start":{"line":19,"column":73},"end":{"line":19,"column":89}},"line":19}},"branchMap":{"0":{"loc":{"start":{"line":19,"column":2},"end":{"line":19,"column":92}},"type":"if","locations":[{"start":{"line":19,"column":2},"end":{"line":19,"column":92}},{"start":{"line":19,"column":2},"end":{"line":19,"column":92}}],"line":19},"1":{"loc":{"start":{"line":24,"column":9},"end":{"line":24,"column":50}},"type":"cond-expr","locations":[{"start":{"line":24,"column":16},"end":{"line":24,"column":31}},{"start":{"line":24,"column":34},"end":{"line":24,"column":50}}],"line":24}},"s":{"0":0,"1":0,"2":0,"3":0,"4":0,"5":0,"6":0,"7":0,"8":0},"f":{"0":0,"1":0,"2":0},"b":{"0":[0,0],"1":[0,0]}}
,"C:\\Users\\larsb\\SheepTracker\\app\\api\\auth.js": {"path":"C:\\Users\\larsb\\SheepTracker\\app\\api\\auth.js","statementMap":{"0":{"start":{"line":3,"column":21},"end":{"line":3,"column":73}},"1":{"start":{"line":4,"column":20},"end":{"line":4,"column":72}},"2":{"start":{"line":6,"column":14},"end":{"line":6,"column":81}},"3":{"start":{"line":6,"column":30},"end":{"line":6,"column":81}},"4":{"start":{"line":7,"column":15},"end":{"line":7,"column":73}},"5":{"start":{"line":7,"column":26},"end":{"line":7,"column":73}}},"fnMap":{"0":{"name":"(anonymous_0)","decl":{"start":{"line":6,"column":14},"end":{"line":6,"column":15}},"loc":{"start":{"line":6,"column":30},"end":{"line":6,"column":81}},"line":6},"1":{"name":"(anonymous_1)","decl":{"start":{"line":7,"column":15},"end":{"line":7,"column":16}},"loc":{"start":{"line":7,"column":26},"end":{"line":7,"column":73}},"line":7}},"branchMap":{},"s":{"0":0,"1":0,"2":0,"3":0,"4":0,"5":0},"f":{"0":0,"1":0},"b":{}}
,"C:\\Users\\larsb\\SheepTracker\\app\\api\\client.js": {"path":"C:\\Users\\larsb\\SheepTracker\\app\\api\\client.js","statementMap":{"0":{"start":{"line":5,"column":18},"end":{"line":11,"column":2}},"1":{"start":{"line":14,"column":12},"end":{"line":14,"column":25}},"2":{"start":{"line":15,"column":0},"end":{"line":29,"column":2}},"3":{"start":{"line":16,"column":2},"end":{"line":21,"column":3}},"4":{"start":{"line":17,"column":4},"end":{"line":17,"column":44}},"5":{"start":{"line":18,"column":17},"end":{"line":18,"column":34}},"6":{"start":{"line":19,"column":4},"end":{"line":19,"column":39}},"7":{"start":{"line":19,"column":13},"end":{"line":19,"column":39}},"8":{"start":{"line":20,"column":4},"end":{"line":20,"column":34}},"9":{"start":{"line":22,"column":2},"end":{"line":22,"column":37}},"10":{"start":{"line":23,"column":19},"end":{"line":23,"column":54}},"11":{"start":{"line":24,"column":2},"end":{"line":26,"column":3}},"12":{"start":{"line":25,"column":4},"end":{"line":25,"column":59}},"13":{"start":{"line":25,"column":36},"end":{"line":25,"column":57}},"14":{"start":{"line":27,"column":2},"end":{"line":27,"column":42}},"15":{"start":{"line":28,"column":2},"end":{"line":28,"column":18}},"16":{"start":{"line":31,"column":13},"end":{"line":31,"column":27}},"17":{"start":{"line":32,"column":0},"end":{"line":46,"column":2}},"18":{"start":{"line":33,"column":2},"end":{"line":39,"column":3}},"19":{"start":{"line":34,"column":4},"end":{"line":36,"column":5}},"20":{"start":{"line":35,"column":6},"end":{"line":35,"column":87}},"21":{"start":{"line":35,"column":24},"end":{"line":35,"column":85}},"22":{"start":{"line":35,"column":48},"end":{"line":35,"column":84}},"23":{"start":{"line":35,"column":70},"end":{"line":35,"column":83}},"24":{"start":{"line":38,"column":4},"end":{"line":38,"column":21}},"25":{"start":{"line":40,"column":19},"end":{"line":40,"column":53}},"26":{"start":{"line":41,"column":2},"end":{"line":44,"column":3}},"27":{"start":{"line":42,"column":4},"end":{"line":42,"column":40}},"28":{"start":{"line":42,"column":20},"end":{"line":42,"column":40}},"29":{"start":{"line":43,"column":4},"end":{"line":43,"column":27}},"30":{"start":{"line":45,"column":2},"end":{"line":45,"column":17}},"31":{"start":{"line":48,"column":16},"end":{"line":48,"column":32}},"32":{"start":{"line":49,"column":0},"end":{"line":54,"column":2}},"33":{"start":{"line":50,"column":2},"end":{"line":50,"column":38}},"34":{"start":{"line":51,"column":17},"end":{"line":51,"column":23}},"35":{"start":{"line":52,"column":2},"end":{"line":52,"column":40}},"36":{"start":{"line":53,"column":2},"end":{"line":53,"column":31}}},"fnMap":{"0":{"name":"(anonymous_0)","decl":{"start":{"line":15,"column":16},"end":{"line":15,"column":17}},"loc":{"start":{"line":15,"column":63},"end":{"line":29,"column":1}},"line":15},"1":{"name":"(anonymous_1)","decl":{"start":{"line":25,"column":26},"end":{"line":25,"column":27}},"loc":{"start":{"line":25,"column":36},"end":{"line":25,"column":57}},"line":25},"2":{"name":"(anonymous_2)","decl":{"start":{"line":32,"column":17},"end":{"line":32,"column":18}},"loc":{"start":{"line":32,"column":64},"end":{"line":46,"column":1}},"line":32},"3":{"name":"(anonymous_3)","decl":{"start":{"line":35,"column":19},"end":{"line":35,"column":20}},"loc":{"start":{"line":35,"column":24},"end":{"line":35,"column":85}},"line":35},"4":{"name":"(anonymous_4)","decl":{"start":{"line":35,"column":43},"end":{"line":35,"column":44}},"loc":{"start":{"line":35,"column":48},"end":{"line":35,"column":84}},"line":35},"5":{"name":"(anonymous_5)","decl":{"start":{"line":35,"column":65},"end":{"line":35,"column":66}},"loc":{"start":{"line":35,"column":70},"end":{"line":35,"column":83}},"line":35},"6":{"name":"(anonymous_6)","decl":{"start":{"line":49,"column":19},"end":{"line":49,"column":20}},"loc":{"start":{"line":49,"column":64},"end":{"line":54,"column":1}},"line":49}},"branchMap":{"0":{"loc":{"start":{"line":16,"column":2},"end":{"line":21,"column":3}},"type":"if","locations":[{"start":{"line":16,"column":2},"end":{"line":21,"column":3}},{"start":{"line":16,"column":2},"end":{"line":21,"column":3}}],"line":16},"1":{"loc":{"start":{"line":19,"column":4},"end":{"line":19,"column":39}},"type":"if","locations":[{"start":{"line":19,"column":4},"end":{"line":19,"column":39}},{"start":{"line":19,"column":4},"end":{"line":19,"column":39}}],"line":19},"2":{"loc":{"start":{"line":24,"column":2},"end":{"line":26,"column":3}},"type":"if","locations":[{"start":{"line":24,"column":2},"end":{"line":26,"column":3}},{"start":{"line":24,"column":2},"end":{"line":26,"column":3}}],"line":24},"3":{"loc":{"start":{"line":34,"column":4},"end":{"line":36,"column":5}},"type":"if","locations":[{"start":{"line":34,"column":4},"end":{"line":36,"column":5}},{"start":{"line":34,"column":4},"end":{"line":36,"column":5}}],"line":34},"4":{"loc":{"start":{"line":41,"column":2},"end":{"line":44,"column":3}},"type":"if","locations":[{"start":{"line":41,"column":2},"end":{"line":44,"column":3}},{"start":{"line":41,"column":2},"end":{"line":44,"column":3}}],"line":41},"5":{"loc":{"start":{"line":41,"column":5},"end":{"line":41,"column":24}},"type":"binary-expr","locations":[{"start":{"line":41,"column":5},"end":{"line":41,"column":16}},{"start":{"line":41,"column":20},"end":{"line":41,"column":24}}],"line":41},"6":{"loc":{"start":{"line":42,"column":4},"end":{"line":42,"column":40}},"type":"if","locations":[{"start":{"line":42,"column":4},"end":{"line":42,"column":40}},{"start":{"line":42,"column":4},"end":{"line":42,"column":40}}],"line":42}},"s":{"0":0,"1":0,"2":0,"3":0,"4":0,"5":0,"6":0,"7":0,"8":0,"9":0,"10":0,"11":0,"12":0,"13":0,"14":0,"15":0,"16":0,"17":0,"18":0,"19":0,"20":0,"21":0,"22":0,"23":0,"24":0,"25":0,"26":0,"27":0,"28":0,"29":0,"30":0,"31":0,"32":0,"33":0,"34":0,"35":0,"36":0},"f":{"0":0,"1":0,"2":0,"3":0,"4":0,"5":0,"6":0},"b":{"0":[0,0],"1":[0,0],"2":[0,0],"3":[0,0],"4":[0,0],"5":[0,0],"6":[0,0]}}
,"C:\\Users\\larsb\\SheepTracker\\app\\api\\reports.js": {"path":"C:\\Users\\larsb\\SheepTracker\\app\\api\\reports.js","statementMap":{"0":{"start":{"line":3,"column":27},"end":{"line":3,"column":79}},"1":{"start":{"line":5,"column":27},"end":{"line":5,"column":79}},"2":{"start":{"line":7,"column":29},"end":{"line":7,"column":81}},"3":{"start":{"line":10,"column":19},"end":{"line":10,"column":120}},"4":{"start":{"line":10,"column":56},"end":{"line":10,"column":120}},"5":{"start":{"line":13,"column":19},"end":{"line":13,"column":112}},"6":{"start":{"line":13,"column":57},"end":{"line":13,"column":112}},"7":{"start":{"line":16,"column":21},"end":{"line":16,"column":93}},"8":{"start":{"line":16,"column":29},"end":{"line":16,"column":93}}},"fnMap":{"0":{"name":"(anonymous_0)","decl":{"start":{"line":10,"column":19},"end":{"line":10,"column":20}},"loc":{"start":{"line":10,"column":56},"end":{"line":10,"column":120}},"line":10},"1":{"name":"(anonymous_1)","decl":{"start":{"line":13,"column":19},"end":{"line":13,"column":20}},"loc":{"start":{"line":13,"column":57},"end":{"line":13,"column":112}},"line":13},"2":{"name":"(anonymous_2)","decl":{"start":{"line":16,"column":21},"end":{"line":16,"column":22}},"loc":{"start":{"line":16,"column":29},"end":{"line":16,"column":93}},"line":16}},"branchMap":{"0":{"loc":{"start":{"line":10,"column":34},"end":{"line":10,"column":51}},"type":"default-arg","locations":[{"start":{"line":10,"column":46},"end":{"line":10,"column":51}}],"line":10},"1":{"loc":{"start":{"line":13,"column":34},"end":{"line":13,"column":52}},"type":"default-arg","locations":[{"start":{"line":13,"column":48},"end":{"line":13,"column":52}}],"line":13}},"s":{"0":0,"1":0,"2":0,"3":0,"4":0,"5":0,"6":0,"7":0,"8":0},"f":{"0":0,"1":0,"2":0},"b":{"0":[0],"1":[0]}}
,"C:\\Users\\larsb\\SheepTracker\\app\\api\\users.js": {"path":"C:\\Users\\larsb\\SheepTracker\\app\\api\\users.js","statementMap":{"0":{"start":{"line":3,"column":29},"end":{"line":3,"column":81}},"1":{"start":{"line":5,"column":17},"end":{"line":5,"column":74}},"2":{"start":{"line":5,"column":31},"end":{"line":5,"column":74}}},"fnMap":{"0":{"name":"(anonymous_0)","decl":{"start":{"line":5,"column":17},"end":{"line":5,"column":18}},"loc":{"start":{"line":5,"column":31},"end":{"line":5,"column":74}},"line":5}},"branchMap":{},"s":{"0":0,"1":0,"2":0},"f":{"0":0},"b":{}}
,"C:\\Users\\larsb\\SheepTracker\\app\\auth\\context.js": {"path":"C:\\Users\\larsb\\SheepTracker\\app\\auth\\context.js","statementMap":{"0":{"start":{"line":3,"column":20},"end":{"line":3,"column":41}}},"fnMap":{},"branchMap":{},"s":{"0":0},"f":{},"b":{}}
,"C:\\Users\\larsb\\SheepTracker\\app\\auth\\storage.js": {"path":"C:\\Users\\larsb\\SheepTracker\\app\\auth\\storage.js","statementMap":{"0":{"start":{"line":4,"column":12},"end":{"line":4,"column":23}},"1":{"start":{"line":6,"column":19},"end":{"line":12,"column":1}},"2":{"start":{"line":7,"column":4},"end":{"line":11,"column":5}},"3":{"start":{"line":8,"column":8},"end":{"line":8,"column":54}},"4":{"start":{"line":10,"column":8},"end":{"line":10,"column":63}},"5":{"start":{"line":14,"column":17},"end":{"line":20,"column":1}},"6":{"start":{"line":15,"column":4},"end":{"line":19,"column":5}},"7":{"start":{"line":16,"column":8},"end":{"line":16,"column":51}},"8":{"start":{"line":18,"column":8},"end":{"line":18,"column":62}},"9":{"start":{"line":22,"column":16},"end":{"line":25,"column":1}},"10":{"start":{"line":23,"column":18},"end":{"line":23,"column":34}},"11":{"start":{"line":24,"column":4},"end":{"line":24,"column":43}},"12":{"start":{"line":27,"column":20},"end":{"line":33,"column":1}},"13":{"start":{"line":28,"column":4},"end":{"line":32,"column":5}},"14":{"start":{"line":29,"column":8},"end":{"line":29,"column":47}},"15":{"start":{"line":31,"column":8},"end":{"line":31,"column":59}}},"fnMap":{"0":{"name":"(anonymous_0)","decl":{"start":{"line":6,"column":19},"end":{"line":6,"column":20}},"loc":{"start":{"line":6,"column":38},"end":{"line":12,"column":1}},"line":6},"1":{"name":"(anonymous_1)","decl":{"start":{"line":14,"column":17},"end":{"line":14,"column":18}},"loc":{"start":{"line":14,"column":29},"end":{"line":20,"column":1}},"line":14},"2":{"name":"(anonymous_2)","decl":{"start":{"line":22,"column":16},"end":{"line":22,"column":17}},"loc":{"start":{"line":22,"column":28},"end":{"line":25,"column":1}},"line":22},"3":{"name":"(anonymous_3)","decl":{"start":{"line":27,"column":20},"end":{"line":27,"column":21}},"loc":{"start":{"line":27,"column":32},"end":{"line":33,"column":1}},"line":27}},"branchMap":{"0":{"loc":{"start":{"line":24,"column":11},"end":{"line":24,"column":42}},"type":"cond-expr","locations":[{"start":{"line":24,"column":19},"end":{"line":24,"column":35}},{"start":{"line":24,"column":38},"end":{"line":24,"column":42}}],"line":24}},"s":{"0":0,"1":0,"2":0,"3":0,"4":0,"5":0,"6":0,"7":0,"8":0,"9":0,"10":0,"11":0,"12":0,"13":0,"14":0,"15":0},"f":{"0":0,"1":0,"2":0,"3":0},"b":{"0":[0,0]}}
,"C:\\Users\\larsb\\SheepTracker\\app\\auth\\useAuth.js": {"path":"C:\\Users\\larsb\\SheepTracker\\app\\auth\\useAuth.js","statementMap":{"0":{"start":{"line":8,"column":28},"end":{"line":8,"column":51}},"1":{"start":{"line":10,"column":16},"end":{"line":13,"column":3}},"2":{"start":{"line":11,"column":4},"end":{"line":11,"column":34}},"3":{"start":{"line":12,"column":4},"end":{"line":12,"column":38}},"4":{"start":{"line":15,"column":17},"end":{"line":18,"column":3}},"5":{"start":{"line":16,"column":4},"end":{"line":16,"column":18}},"6":{"start":{"line":17,"column":4},"end":{"line":17,"column":30}},"7":{"start":{"line":20,"column":2},"end":{"line":20,"column":33}}},"fnMap":{"0":{"name":"(anonymous_0)","decl":{"start":{"line":7,"column":25},"end":{"line":7,"column":26}},"loc":{"start":{"line":7,"column":31},"end":{"line":21,"column":1}},"line":7},"1":{"name":"(anonymous_1)","decl":{"start":{"line":10,"column":16},"end":{"line":10,"column":17}},"loc":{"start":{"line":10,"column":31},"end":{"line":13,"column":3}},"line":10},"2":{"name":"(anonymous_2)","decl":{"start":{"line":15,"column":17},"end":{"line":15,"column":18}},"loc":{"start":{"line":15,"column":23},"end":{"line":18,"column":3}},"line":15}},"branchMap":{},"s":{"0":0,"1":0,"2":0,"3":0,"4":0,"5":0,"6":0,"7":0},"f":{"0":0,"1":0,"2":0},"b":{}}
,"C:\\Users\\larsb\\SheepTracker\\app\\components\\AppActivityIndicator.js": {"path":"C:\\Users\\larsb\\SheepTracker\\app\\components\\AppActivityIndicator.js","statementMap":{"0":{"start":{"line":8,"column":2},"end":{"line":8,"column":28}},"1":{"start":{"line":8,"column":16},"end":{"line":8,"column":28}},"2":{"start":{"line":9,"column":2},"end":{"line":19,"column":4}},"3":{"start":{"line":22,"column":15},"end":{"line":31,"column":2}}},"fnMap":{"0":{"name":"AppActivityIndicator","decl":{"start":{"line":7,"column":9},"end":{"line":7,"column":29}},"loc":{"start":{"line":7,"column":66},"end":{"line":20,"column":1}},"line":7}},"branchMap":{"0":{"loc":{"start":{"line":7,"column":32},"end":{"line":7,"column":47}},"type":"default-arg","locations":[{"start":{"line":7,"column":42},"end":{"line":7,"column":47}}],"line":7},"1":{"loc":{"start":{"line":8,"column":2},"end":{"line":8,"column":28}},"type":"if","locations":[{"start":{"line":8,"column":2},"end":{"line":8,"column":28}},{"start":{"line":8,"column":2},"end":{"line":8,"column":28}}],"line":8}},"s":{"0":0,"1":0,"2":0,"3":0},"f":{"0":0},"b":{"0":[0],"1":[0,0]}}
,"C:\\Users\\larsb\\SheepTracker\\app\\components\\AppButton.js": {"path":"C:\\Users\\larsb\\SheepTracker\\app\\components\\AppButton.js","statementMap":{"0":{"start":{"line":21,"column":2},"end":{"line":40,"column":4}},"1":{"start":{"line":43,"column":15},"end":{"line":63,"column":2}}},"fnMap":{"0":{"name":"AppButton","decl":{"start":{"line":8,"column":9},"end":{"line":8,"column":18}},"loc":{"start":{"line":20,"column":3},"end":{"line":41,"column":1}},"line":20}},"branchMap":{"0":{"loc":{"start":{"line":19,"column":2},"end":{"line":19,"column":21}},"type":"default-arg","locations":[{"start":{"line":19,"column":17},"end":{"line":19,"column":21}}],"line":19},"1":{"loc":{"start":{"line":22,"column":87},"end":{"line":22,"column":114}},"type":"cond-expr","locations":[{"start":{"line":22,"column":98},"end":{"line":22,"column":106}},{"start":{"line":22,"column":109},"end":{"line":22,"column":114}}],"line":22},"2":{"loc":{"start":{"line":23,"column":7},"end":{"line":25,"column":7}},"type":"binary-expr","locations":[{"start":{"line":23,"column":7},"end":{"line":23,"column":15}},{"start":{"line":23,"column":19},"end":{"line":23,"column":31}},{"start":{"line":24,"column":8},"end":{"line":24,"column":77}}],"line":23},"3":{"loc":{"start":{"line":26,"column":7},"end":{"line":35,"column":7}},"type":"binary-expr","locations":[{"start":{"line":26,"column":7},"end":{"line":26,"column":17}},{"start":{"line":27,"column":8},"end":{"line":34,"column":10}}],"line":26},"4":{"loc":{"start":{"line":30,"column":19},"end":{"line":30,"column":67}},"type":"cond-expr","locations":[{"start":{"line":30,"column":31},"end":{"line":30,"column":40}},{"start":{"line":30,"column":43},"end":{"line":30,"column":67}}],"line":30},"5":{"loc":{"start":{"line":31,"column":24},"end":{"line":31,"column":55}},"type":"cond-expr","locations":[{"start":{"line":31,"column":37},"end":{"line":31,"column":47}},{"start":{"line":31,"column":50},"end":{"line":31,"column":55}}],"line":31},"6":{"loc":{"start":{"line":36,"column":7},"end":{"line":38,"column":7}},"type":"binary-expr","locations":[{"start":{"line":36,"column":7},"end":{"line":36,"column":15}},{"start":{"line":36,"column":19},"end":{"line":36,"column":32}},{"start":{"line":37,"column":8},"end":{"line":37,"column":77}}],"line":36}},"s":{"0":1,"1":1},"f":{"0":1},"b":{"0":[1],"1":[0,1],"2":[1,0,0],"3":[1,0],"4":[0,0],"5":[0,0],"6":[1,0,0]},"_coverageSchema":"1a1c01bbd47fc00a2c39e90264f33305004495a9","hash":"e57be8871c89dd8719eb8553a8911be8d5c2adaa"}
,"C:\\Users\\larsb\\SheepTracker\\app\\components\\AppText.js": {"path":"C:\\Users\\larsb\\SheepTracker\\app\\components\\AppText.js","statementMap":{"0":{"start":{"line":7,"column":2},"end":{"line":16,"column":6}},"1":{"start":{"line":8,"column":4},"end":{"line":16,"column":6}},"2":{"start":{"line":17,"column":2},"end":{"line":17,"column":53}},"3":{"start":{"line":20,"column":15},"end":{"line":26,"column":2}}},"fnMap":{"0":{"name":"Apptext","decl":{"start":{"line":6,"column":9},"end":{"line":6,"column":16}},"loc":{"start":{"line":6,"column":64},"end":{"line":18,"column":1}},"line":6}},"branchMap":{"0":{"loc":{"start":{"line":7,"column":2},"end":{"line":16,"column":6}},"type":"if","locations":[{"start":{"line":7,"column":2},"end":{"line":16,"column":6}},{"start":{"line":7,"column":2},"end":{"line":16,"column":6}}],"line":7}},"s":{"0":0,"1":0,"2":0,"3":1},"f":{"0":0},"b":{"0":[0,0]},"_coverageSchema":"1a1c01bbd47fc00a2c39e90264f33305004495a9","hash":"48c96a2c44bed8bd80eecc4e85ecca2c671094b1"}
,"C:\\Users\\larsb\\SheepTracker\\app\\components\\AppTextInput.js": {"path":"C:\\Users\\larsb\\SheepTracker\\app\\components\\AppTextInput.js","statementMap":{"0":{"start":{"line":18,"column":38},"end":{"line":18,"column":48}},"1":{"start":{"line":20,"column":2},"end":{"line":22,"column":7}},"2":{"start":{"line":21,"column":4},"end":{"line":21,"column":24}},"3":{"start":{"line":24,"column":2},"end":{"line":47,"column":4}},"4":{"start":{"line":42,"column":40},"end":{"line":42,"column":72}},"5":{"start":{"line":42,"column":73},"end":{"line":42,"column":114}},"6":{"start":{"line":42,"column":87},"end":{"line":42,"column":114}},"7":{"start":{"line":50,"column":15},"end":{"line":70,"column":2}}},"fnMap":{"0":{"name":"AppTextInput","decl":{"start":{"line":7,"column":9},"end":{"line":7,"column":21}},"loc":{"start":{"line":17,"column":3},"end":{"line":48,"column":1}},"line":17},"1":{"name":"(anonymous_1)","decl":{"start":{"line":20,"column":12},"end":{"line":20,"column":13}},"loc":{"start":{"line":20,"column":16},"end":{"line":22,"column":3}},"line":20},"2":{"name":"(anonymous_2)","decl":{"start":{"line":42,"column":18},"end":{"line":42,"column":19}},"loc":{"start":{"line":42,"column":39},"end":{"line":42,"column":115}},"line":42}},"branchMap":{"0":{"loc":{"start":{"line":10,"column":2},"end":{"line":10,"column":26}},"type":"default-arg","locations":[{"start":{"line":10,"column":17},"end":{"line":10,"column":26}}],"line":10},"1":{"loc":{"start":{"line":15,"column":2},"end":{"line":15,"column":29}},"type":"default-arg","locations":[{"start":{"line":15,"column":20},"end":{"line":15,"column":29}}],"line":15},"2":{"loc":{"start":{"line":25,"column":50},"end":{"line":25,"column":86}},"type":"cond-expr","locations":[{"start":{"line":25,"column":58},"end":{"line":25,"column":66}},{"start":{"line":25,"column":69},"end":{"line":25,"column":86}}],"line":25},"3":{"loc":{"start":{"line":26,"column":7},"end":{"line":33,"column":7}},"type":"binary-expr","locations":[{"start":{"line":26,"column":7},"end":{"line":26,"column":15}},{"start":{"line":27,"column":8},"end":{"line":32,"column":10}}],"line":26},"4":{"loc":{"start":{"line":42,"column":73},"end":{"line":42,"column":114}},"type":"if","locations":[{"start":{"line":42,"column":73},"end":{"line":42,"column":114}},{"start":{"line":42,"column":73},"end":{"line":42,"column":114}}],"line":42}},"s":{"0":0,"1":0,"2":0,"3":0,"4":0,"5":0,"6":0,"7":0},"f":{"0":0,"1":0,"2":0},"b":{"0":[0],"1":[0],"2":[0,0],"3":[0,0],"4":[0,0]}}
,"C:\\Users\\larsb\\SheepTracker\\app\\components\\BottomNav.js": {"path":"C:\\Users\\larsb\\SheepTracker\\app\\components\\BottomNav.js","statementMap":{"0":{"start":{"line":9,"column":21},"end":{"line":9,"column":36}},"1":{"start":{"line":11,"column":2},"end":{"line":62,"column":4}},"2":{"start":{"line":20,"column":12},"end":{"line":20,"column":32}},"3":{"start":{"line":21,"column":12},"end":{"line":21,"column":37}},"4":{"start":{"line":22,"column":12},"end":{"line":22,"column":60}},"5":{"start":{"line":47,"column":12},"end":{"line":47,"column":32}},"6":{"start":{"line":48,"column":12},"end":{"line":48,"column":33}},"7":{"start":{"line":49,"column":12},"end":{"line":49,"column":62}},"8":{"start":{"line":65,"column":15},"end":{"line":102,"column":2}}},"fnMap":{"0":{"name":"BottomNav","decl":{"start":{"line":8,"column":9},"end":{"line":8,"column":18}},"loc":{"start":{"line":8,"column":86},"end":{"line":63,"column":1}},"line":8},"1":{"name":"(anonymous_1)","decl":{"start":{"line":19,"column":19},"end":{"line":19,"column":20}},"loc":{"start":{"line":19,"column":25},"end":{"line":23,"column":11}},"line":19},"2":{"name":"(anonymous_2)","decl":{"start":{"line":46,"column":19},"end":{"line":46,"column":20}},"loc":{"start":{"line":46,"column":25},"end":{"line":50,"column":11}},"line":46}},"branchMap":{"0":{"loc":{"start":{"line":30,"column":14},"end":{"line":30,"column":74}},"type":"cond-expr","locations":[{"start":{"line":30,"column":33},"end":{"line":30,"column":50}},{"start":{"line":30,"column":53},"end":{"line":30,"column":74}}],"line":30},"1":{"loc":{"start":{"line":57,"column":14},"end":{"line":57,"column":74}},"type":"cond-expr","locations":[{"start":{"line":57,"column":33},"end":{"line":57,"column":50}},{"start":{"line":57,"column":53},"end":{"line":57,"column":74}}],"line":57},"2":{"loc":{"start":{"line":87,"column":20},"end":{"line":87,"column":53}},"type":"cond-expr","locations":[{"start":{"line":87,"column":48},"end":{"line":87,"column":49}},{"start":{"line":87,"column":52},"end":{"line":87,"column":53}}],"line":87}},"s":{"0":0,"1":0,"2":0,"3":0,"4":0,"5":0,"6":0,"7":0,"8":0},"f":{"0":0,"1":0,"2":0},"b":{"0":[0,0],"1":[0,0],"2":[0,0]}}
,"C:\\Users\\larsb\\SheepTracker\\app\\components\\Dialog.js": {"path":"C:\\Users\\larsb\\SheepTracker\\app\\components\\Dialog.js","statementMap":{"0":{"start":{"line":20,"column":2},"end":{"line":50,"column":4}},"1":{"start":{"line":53,"column":15},"end":{"line":99,"column":2}}},"fnMap":{"0":{"name":"Dialog","decl":{"start":{"line":8,"column":9},"end":{"line":8,"column":15}},"loc":{"start":{"line":19,"column":3},"end":{"line":51,"column":1}},"line":19}},"branchMap":{"0":{"loc":{"start":{"line":23,"column":21},"end":{"line":23,"column":59}},"type":"cond-expr","locations":[{"start":{"line":23,"column":37},"end":{"line":23,"column":50}},{"start":{"line":23,"column":53},"end":{"line":23,"column":59}}],"line":23},"1":{"loc":{"start":{"line":34,"column":26},"end":{"line":34,"column":60}},"type":"cond-expr","locations":[{"start":{"line":34,"column":39},"end":{"line":34,"column":49}},{"start":{"line":34,"column":52},"end":{"line":34,"column":60}}],"line":34},"2":{"loc":{"start":{"line":41,"column":26},"end":{"line":41,"column":58}},"type":"cond-expr","locations":[{"start":{"line":41,"column":40},"end":{"line":41,"column":51}},{"start":{"line":41,"column":54},"end":{"line":41,"column":58}}],"line":41}},"s":{"0":0,"1":0},"f":{"0":0},"b":{"0":[0,0],"1":[0,0],"2":[0,0]}}
,"C:\\Users\\larsb\\SheepTracker\\app\\components\\Dropdown.js": {"path":"C:\\Users\\larsb\\SheepTracker\\app\\components\\Dropdown.js","statementMap":{"0":{"start":{"line":16,"column":43},"end":{"line":16,"column":58}},"1":{"start":{"line":17,"column":42},"end":{"line":17,"column":84}},"2":{"start":{"line":19,"column":29},"end":{"line":21,"column":1}},"3":{"start":{"line":20,"column":4},"end":{"line":20,"column":38}},"4":{"start":{"line":23,"column":20},"end":{"line":29,"column":1}},"5":{"start":{"line":24,"column":4},"end":{"line":24,"column":26}},"6":{"start":{"line":25,"column":4},"end":{"line":25,"column":27}},"7":{"start":{"line":26,"column":4},"end":{"line":28,"column":5}},"8":{"start":{"line":27,"column":8},"end":{"line":27,"column":26}},"9":{"start":{"line":31,"column":22},"end":{"line":39,"column":1}},"10":{"start":{"line":32,"column":4},"end":{"line":38,"column":5}},"11":{"start":{"line":33,"column":8},"end":{"line":37,"column":11}},"12":{"start":{"line":34,"column":12},"end":{"line":36,"column":31}},"13":{"start":{"line":34,"column":88},"end":{"line":34,"column":107}},"14":{"start":{"line":41,"column":0},"end":{"line":56,"column":2}},"15":{"start":{"line":46,"column":65},"end":{"line":46,"column":87}},"16":{"start":{"line":59,"column":15},"end":{"line":91,"column":2}}},"fnMap":{"0":{"name":"Dropdown","decl":{"start":{"line":9,"column":9},"end":{"line":9,"column":17}},"loc":{"start":{"line":14,"column":3},"end":{"line":57,"column":1}},"line":14},"1":{"name":"(anonymous_1)","decl":{"start":{"line":19,"column":29},"end":{"line":19,"column":30}},"loc":{"start":{"line":19,"column":35},"end":{"line":21,"column":1}},"line":19},"2":{"name":"(anonymous_2)","decl":{"start":{"line":23,"column":20},"end":{"line":23,"column":21}},"loc":{"start":{"line":23,"column":29},"end":{"line":29,"column":1}},"line":23},"3":{"name":"(anonymous_3)","decl":{"start":{"line":31,"column":22},"end":{"line":31,"column":23}},"loc":{"start":{"line":31,"column":28},"end":{"line":39,"column":1}},"line":31},"4":{"name":"(anonymous_4)","decl":{"start":{"line":33,"column":28},"end":{"line":33,"column":29}},"loc":{"start":{"line":34,"column":12},"end":{"line":36,"column":31}},"line":34},"5":{"name":"(anonymous_5)","decl":{"start":{"line":34,"column":81},"end":{"line":34,"column":82}},"loc":{"start":{"line":34,"column":87},"end":{"line":34,"column":108}},"line":34},"6":{"name":"(anonymous_6)","decl":{"start":{"line":46,"column":59},"end":{"line":46,"column":60}},"loc":{"start":{"line":46,"column":65},"end":{"line":46,"column":87}},"line":46}},"branchMap":{"0":{"loc":{"start":{"line":17,"column":51},"end":{"line":17,"column":83}},"type":"cond-expr","locations":[{"start":{"line":17,"column":66},"end":{"line":17,"column":70}},{"start":{"line":17,"column":73},"end":{"line":17,"column":83}}],"line":17},"1":{"loc":{"start":{"line":26,"column":4},"end":{"line":28,"column":5}},"type":"if","locations":[{"start":{"line":26,"column":4},"end":{"line":28,"column":5}},{"start":{"line":26,"column":4},"end":{"line":28,"column":5}}],"line":26},"2":{"loc":{"start":{"line":32,"column":4},"end":{"line":38,"column":5}},"type":"if","locations":[{"start":{"line":32,"column":4},"end":{"line":38,"column":5}},{"start":{"line":32,"column":4},"end":{"line":38,"column":5}}],"line":32},"3":{"loc":{"start":{"line":47,"column":27},"end":{"line":47,"column":88}},"type":"cond-expr","locations":[{"start":{"line":47,"column":60},"end":{"line":47,"column":72}},{"start":{"line":47,"column":75},"end":{"line":47,"column":88}}],"line":47},"4":{"loc":{"start":{"line":47,"column":27},"end":{"line":47,"column":57}},"type":"binary-expr","locations":[{"start":{"line":47,"column":27},"end":{"line":47,"column":39}},{"start":{"line":47,"column":43},"end":{"line":47,"column":57}}],"line":47},"5":{"loc":{"start":{"line":48,"column":28},"end":{"line":48,"column":80}},"type":"cond-expr","locations":[{"start":{"line":48,"column":45},"end":{"line":48,"column":60}},{"start":{"line":48,"column":63},"end":{"line":48,"column":80}}],"line":48},"6":{"loc":{"start":{"line":50,"column":9},"end":{"line":53,"column":25}},"type":"binary-expr","locations":[{"start":{"line":50,"column":9},"end":{"line":50,"column":23}},{"start":{"line":51,"column":12},"end":{"line":53,"column":25}}],"line":50}},"s":{"0":0,"1":0,"2":0,"3":0,"4":0,"5":0,"6":0,"7":0,"8":0,"9":0,"10":0,"11":0,"12":0,"13":0,"14":0,"15":0,"16":0},"f":{"0":0,"1":0,"2":0,"3":0,"4":0,"5":0,"6":0},"b":{"0":[0,0],"1":[0,0],"2":[0,0],"3":[0,0],"4":[0,0],"5":[0,0],"6":[0,0]}}
,"C:\\Users\\larsb\\SheepTracker\\app\\components\\Header.js": {"path":"C:\\Users\\larsb\\SheepTracker\\app\\components\\Header.js","statementMap":{"0":{"start":{"line":13,"column":17},"end":{"line":13,"column":26}},"1":{"start":{"line":15,"column":2},"end":{"line":34,"column":4}},"2":{"start":{"line":37,"column":15},"end":{"line":68,"column":2}}},"fnMap":{"0":{"name":"Header","decl":{"start":{"line":12,"column":9},"end":{"line":12,"column":15}},"loc":{"start":{"line":12,"column":70},"end":{"line":35,"column":1}},"line":12}},"branchMap":{"0":{"loc":{"start":{"line":12,"column":41},"end":{"line":12,"column":55}},"type":"default-arg","locations":[{"start":{"line":12,"column":51},"end":{"line":12,"column":55}}],"line":12},"1":{"loc":{"start":{"line":17,"column":7},"end":{"line":23,"column":7}},"type":"binary-expr","locations":[{"start":{"line":17,"column":7},"end":{"line":17,"column":14}},{"start":{"line":18,"column":8},"end":{"line":22,"column":10}}],"line":17},"2":{"loc":{"start":{"line":26,"column":9},"end":{"line":26,"column":101}},"type":"binary-expr","locations":[{"start":{"line":26,"column":9},"end":{"line":26,"column":38}},{"start":{"line":26,"column":42},"end":{"line":26,"column":101}}],"line":26}},"s":{"0":0,"1":0,"2":0},"f":{"0":0},"b":{"0":[0],"1":[0,0],"2":[0,0]}}
,"C:\\Users\\larsb\\SheepTracker\\app\\components\\HeaderSubText.js": {"path":"C:\\Users\\larsb\\SheepTracker\\app\\components\\HeaderSubText.js","statementMap":{"0":{"start":{"line":8,"column":2},"end":{"line":8,"column":62}},"1":{"start":{"line":11,"column":15},"end":{"line":19,"column":2}}},"fnMap":{"0":{"name":"HeaderSubText","decl":{"start":{"line":7,"column":9},"end":{"line":7,"column":22}},"loc":{"start":{"line":7,"column":42},"end":{"line":9,"column":1}},"line":7}},"branchMap":{},"s":{"0":0,"1":0},"f":{"0":0},"b":{}}
,"C:\\Users\\larsb\\SheepTracker\\app\\components\\HeaderText.js": {"path":"C:\\Users\\larsb\\SheepTracker\\app\\components\\HeaderText.js","statementMap":{"0":{"start":{"line":8,"column":2},"end":{"line":8,"column":59}},"1":{"start":{"line":11,"column":15},"end":{"line":19,"column":2}}},"fnMap":{"0":{"name":"HeaderText","decl":{"start":{"line":7,"column":9},"end":{"line":7,"column":19}},"loc":{"start":{"line":7,"column":36},"end":{"line":9,"column":1}},"line":7}},"branchMap":{},"s":{"0":0,"1":0},"f":{"0":0},"b":{}}
,"C:\\Users\\larsb\\SheepTracker\\app\\components\\Icon.js": {"path":"C:\\Users\\larsb\\SheepTracker\\app\\components\\Icon.js","statementMap":{"0":{"start":{"line":14,"column":2},"end":{"line":26,"column":3}},"1":{"start":{"line":15,"column":4},"end":{"line":19,"column":6}},"2":{"start":{"line":21,"column":4},"end":{"line":25,"column":6}}},"fnMap":{"0":{"name":"Icon","decl":{"start":{"line":7,"column":9},"end":{"line":7,"column":13}},"loc":{"start":{"line":13,"column":3},"end":{"line":27,"column":1}},"line":13}},"branchMap":{"0":{"loc":{"start":{"line":8,"column":2},"end":{"line":8,"column":30}},"type":"default-arg","locations":[{"start":{"line":8,"column":13},"end":{"line":8,"column":30}}],"line":8},"1":{"loc":{"start":{"line":9,"column":2},"end":{"line":9,"column":33}},"type":"default-arg","locations":[{"start":{"line":9,"column":14},"end":{"line":9,"column":33}}],"line":9},"2":{"loc":{"start":{"line":11,"column":2},"end":{"line":11,"column":11}},"type":"default-arg","locations":[{"start":{"line":11,"column":7},"end":{"line":11,"column":11}}],"line":11},"3":{"loc":{"start":{"line":14,"column":2},"end":{"line":26,"column":3}},"type":"if","locations":[{"start":{"line":14,"column":2},"end":{"line":26,"column":3}},{"start":{"line":14,"column":2},"end":{"line":26,"column":3}}],"line":14}},"s":{"0":0,"1":0,"2":0},"f":{"0":0},"b":{"0":[0],"1":[0],"2":[0],"3":[0,0]},"_coverageSchema":"1a1c01bbd47fc00a2c39e90264f33305004495a9","hash":"8c44ceb2b90de168dbcaf4462d856c91e312c12d"}
,"C:\\Users\\larsb\\SheepTracker\\app\\components\\InternetBar.js": {"path":"C:\\Users\\larsb\\SheepTracker\\app\\components\\InternetBar.js","statementMap":{"0":{"start":{"line":9,"column":18},"end":{"line":9,"column":30}},"1":{"start":{"line":11,"column":2},"end":{"line":21,"column":3}},"2":{"start":{"line":12,"column":4},"end":{"line":20,"column":6}},"3":{"start":{"line":22,"column":2},"end":{"line":22,"column":14}},"4":{"start":{"line":25,"column":15},"end":{"line":38,"column":2}}},"fnMap":{"0":{"name":"InternetBar","decl":{"start":{"line":8,"column":9},"end":{"line":8,"column":20}},"loc":{"start":{"line":8,"column":23},"end":{"line":23,"column":1}},"line":8}},"branchMap":{"0":{"loc":{"start":{"line":11,"column":2},"end":{"line":21,"column":3}},"type":"if","locations":[{"start":{"line":11,"column":2},"end":{"line":21,"column":3}},{"start":{"line":11,"column":2},"end":{"line":21,"column":3}}],"line":11},"1":{"loc":{"start":{"line":11,"column":6},"end":{"line":11,"column":73}},"type":"binary-expr","locations":[{"start":{"line":11,"column":6},"end":{"line":11,"column":32}},{"start":{"line":11,"column":36},"end":{"line":11,"column":73}}],"line":11},"2":{"loc":{"start":{"line":14,"column":9},"end":{"line":18,"column":9}},"type":"binary-expr","locations":[{"start":{"line":14,"column":9},"end":{"line":14,"column":37}},{"start":{"line":15,"column":10},"end":{"line":17,"column":17}}],"line":14}},"s":{"0":0,"1":0,"2":0,"3":0,"4":0},"f":{"0":0},"b":{"0":[0,0],"1":[0,0],"2":[0,0]}}
,"C:\\Users\\larsb\\SheepTracker\\app\\components\\Logo.js": {"path":"C:\\Users\\larsb\\SheepTracker\\app\\components\\Logo.js","statementMap":{"0":{"start":{"line":8,"column":3},"end":{"line":15,"column":5}},"1":{"start":{"line":18,"column":16},"end":{"line":37,"column":2}}},"fnMap":{"0":{"name":"Logo","decl":{"start":{"line":7,"column":9},"end":{"line":7,"column":13}},"loc":{"start":{"line":7,"column":22},"end":{"line":16,"column":1}},"line":7}},"branchMap":{},"s":{"0":0,"1":0},"f":{"0":0},"b":{}}
,"C:\\Users\\larsb\\SheepTracker\\app\\components\\ReportItem.js": {"path":"C:\\Users\\larsb\\SheepTracker\\app\\components\\ReportItem.js","statementMap":{"0":{"start":{"line":11,"column":24},"end":{"line":51,"column":3}},"1":{"start":{"line":12,"column":4},"end":{"line":50,"column":5}},"2":{"start":{"line":13,"column":6},"end":{"line":42,"column":7}},"3":{"start":{"line":14,"column":17},"end":{"line":14,"column":38}},"4":{"start":{"line":15,"column":8},"end":{"line":41,"column":9}},"5":{"start":{"line":17,"column":10},"end":{"line":22,"column":12}},"6":{"start":{"line":25,"column":23},"end":{"line":25,"column":48}},"7":{"start":{"line":25,"column":37},"end":{"line":25,"column":47}},"8":{"start":{"line":26,"column":24},"end":{"line":26,"column":50}},"9":{"start":{"line":26,"column":38},"end":{"line":26,"column":49}},"10":{"start":{"line":27,"column":25},"end":{"line":27,"column":42}},"11":{"start":{"line":28,"column":25},"end":{"line":28,"column":42}},"12":{"start":{"line":29,"column":26},"end":{"line":29,"column":44}},"13":{"start":{"line":30,"column":26},"end":{"line":30,"column":44}},"14":{"start":{"line":31,"column":25},"end":{"line":31,"column":46}},"15":{"start":{"line":32,"column":26},"end":{"line":32,"column":49}},"16":{"start":{"line":33,"column":27},"end":{"line":33,"column":68}},"17":{"start":{"line":34,"column":28},"end":{"line":34,"column":71}},"18":{"start":{"line":35,"column":10},"end":{"line":40,"column":12}},"19":{"start":{"line":44,"column":6},"end":{"line":49,"column":8}},"20":{"start":{"line":53,"column":22},"end":{"line":64,"column":3}},"21":{"start":{"line":54,"column":4},"end":{"line":63,"column":5}},"22":{"start":{"line":55,"column":6},"end":{"line":62,"column":8}},"23":{"start":{"line":66,"column":23},"end":{"line":89,"column":3}},"24":{"start":{"line":67,"column":4},"end":{"line":88,"column":5}},"25":{"start":{"line":68,"column":6},"end":{"line":87,"column":7}},"26":{"start":{"line":69,"column":19},"end":{"line":69,"column":40}},"27":{"start":{"line":70,"column":8},"end":{"line":84,"column":9}},"28":{"start":{"line":71,"column":26},"end":{"line":74,"column":11}},"29":{"start":{"line":75,"column":10},"end":{"line":83,"column":12}},"30":{"start":{"line":76,"column":12},"end":{"line":81,"column":21}},"31":{"start":{"line":86,"column":8},"end":{"line":86,"column":15}},"32":{"start":{"line":91,"column":2},"end":{"line":148,"column":4}},"33":{"start":{"line":151,"column":15},"end":{"line":207,"column":2}}},"fnMap":{"0":{"name":"ReportItem","decl":{"start":{"line":9,"column":9},"end":{"line":9,"column":19}},"loc":{"start":{"line":9,"column":39},"end":{"line":149,"column":1}},"line":9},"1":{"name":"(anonymous_1)","decl":{"start":{"line":11,"column":24},"end":{"line":11,"column":25}},"loc":{"start":{"line":11,"column":36},"end":{"line":51,"column":3}},"line":11},"2":{"name":"(anonymous_2)","decl":{"start":{"line":25,"column":30},"end":{"line":25,"column":31}},"loc":{"start":{"line":25,"column":37},"end":{"line":25,"column":47}},"line":25},"3":{"name":"(anonymous_3)","decl":{"start":{"line":26,"column":31},"end":{"line":26,"column":32}},"loc":{"start":{"line":26,"column":38},"end":{"line":26,"column":49}},"line":26},"4":{"name":"(anonymous_4)","decl":{"start":{"line":53,"column":22},"end":{"line":53,"column":23}},"loc":{"start":{"line":53,"column":34},"end":{"line":64,"column":3}},"line":53},"5":{"name":"(anonymous_5)","decl":{"start":{"line":66,"column":23},"end":{"line":66,"column":24}},"loc":{"start":{"line":66,"column":35},"end":{"line":89,"column":3}},"line":66},"6":{"name":"(anonymous_6)","decl":{"start":{"line":75,"column":31},"end":{"line":75,"column":32}},"loc":{"start":{"line":76,"column":12},"end":{"line":81,"column":21}},"line":76}},"branchMap":{"0":{"loc":{"start":{"line":13,"column":6},"end":{"line":42,"column":7}},"type":"if","locations":[{"start":{"line":13,"column":6},"end":{"line":42,"column":7}},{"start":{"line":13,"column":6},"end":{"line":42,"column":7}}],"line":13},"1":{"loc":{"start":{"line":15,"column":8},"end":{"line":41,"column":9}},"type":"if","locations":[{"start":{"line":15,"column":8},"end":{"line":41,"column":9}},{"start":{"line":15,"column":8},"end":{"line":41,"column":9}}],"line":15},"2":{"loc":{"start":{"line":38,"column":27},"end":{"line":38,"column":62}},"type":"cond-expr","locations":[{"start":{"line":38,"column":46},"end":{"line":38,"column":54}},{"start":{"line":38,"column":57},"end":{"line":38,"column":62}}],"line":38},"3":{"loc":{"start":{"line":39,"column":28},"end":{"line":39,"column":65}},"type":"cond-expr","locations":[{"start":{"line":39,"column":48},"end":{"line":39,"column":57}},{"start":{"line":39,"column":60},"end":{"line":39,"column":65}}],"line":39},"4":{"loc":{"start":{"line":54,"column":4},"end":{"line":63,"column":5}},"type":"if","locations":[{"start":{"line":54,"column":4},"end":{"line":63,"column":5}},{"start":{"line":54,"column":4},"end":{"line":63,"column":5}}],"line":54},"5":{"loc":{"start":{"line":67,"column":4},"end":{"line":88,"column":5}},"type":"if","locations":[{"start":{"line":67,"column":4},"end":{"line":88,"column":5}},{"start":{"line":67,"column":4},"end":{"line":88,"column":5}}],"line":67},"6":{"loc":{"start":{"line":70,"column":8},"end":{"line":84,"column":9}},"type":"if","locations":[{"start":{"line":70,"column":8},"end":{"line":84,"column":9}},{"start":{"line":70,"column":8},"end":{"line":84,"column":9}}],"line":70},"7":{"loc":{"start":{"line":79,"column":24},"end":{"line":79,"column":58}},"type":"cond-expr","locations":[{"start":{"line":79,"column":40},"end":{"line":79,"column":47}},{"start":{"line":79,"column":50},"end":{"line":79,"column":58}}],"line":79}},"s":{"0":0,"1":0,"2":0,"3":0,"4":0,"5":0,"6":0,"7":0,"8":0,"9":0,"10":0,"11":0,"12":0,"13":0,"14":0,"15":0,"16":0,"17":0,"18":0,"19":0,"20":0,"21":0,"22":0,"23":0,"24":0,"25":0,"26":0,"27":0,"28":0,"29":0,"30":0,"31":0,"32":0,"33":0},"f":{"0":0,"1":0,"2":0,"3":0,"4":0,"5":0,"6":0},"b":{"0":[0,0],"1":[0,0],"2":[0,0],"3":[0,0],"4":[0,0],"5":[0,0],"6":[0,0],"7":[0,0]}}
,"C:\\Users\\larsb\\SheepTracker\\app\\components\\ReportItemDeleteAction.js": {"path":"C:\\Users\\larsb\\SheepTracker\\app\\components\\ReportItemDeleteAction.js","statementMap":{"0":{"start":{"line":11,"column":18},"end":{"line":11,"column":30}},"1":{"start":{"line":12,"column":23},"end":{"line":12,"column":53}},"2":{"start":{"line":14,"column":23},"end":{"line":47,"column":3}},"3":{"start":{"line":15,"column":4},"end":{"line":46,"column":5}},"4":{"start":{"line":16,"column":6},"end":{"line":26,"column":7}},"5":{"start":{"line":28,"column":6},"end":{"line":45,"column":8}},"6":{"start":{"line":39,"column":14},"end":{"line":39,"column":52}},"7":{"start":{"line":49,"column":2},"end":{"line":58,"column":4}},"8":{"start":{"line":55,"column":23},"end":{"line":55,"column":37}},"9":{"start":{"line":61,"column":15},"end":{"line":71,"column":2}}},"fnMap":{"0":{"name":"ReportItemDeleteAction","decl":{"start":{"line":10,"column":9},"end":{"line":10,"column":31}},"loc":{"start":{"line":10,"column":42},"end":{"line":59,"column":1}},"line":10},"1":{"name":"(anonymous_1)","decl":{"start":{"line":14,"column":23},"end":{"line":14,"column":24}},"loc":{"start":{"line":14,"column":29},"end":{"line":47,"column":3}},"line":14},"2":{"name":"(anonymous_2)","decl":{"start":{"line":38,"column":21},"end":{"line":38,"column":22}},"loc":{"start":{"line":38,"column":27},"end":{"line":40,"column":13}},"line":38},"3":{"name":"(anonymous_3)","decl":{"start":{"line":55,"column":17},"end":{"line":55,"column":18}},"loc":{"start":{"line":55,"column":23},"end":{"line":55,"column":37}},"line":55}},"branchMap":{"0":{"loc":{"start":{"line":15,"column":4},"end":{"line":46,"column":5}},"type":"if","locations":[{"start":{"line":15,"column":4},"end":{"line":46,"column":5}},{"start":{"line":15,"column":4},"end":{"line":46,"column":5}}],"line":15},"1":{"loc":{"start":{"line":15,"column":7},"end":{"line":15,"column":73}},"type":"binary-expr","locations":[{"start":{"line":15,"column":7},"end":{"line":15,"column":32}},{"start":{"line":15,"column":36},"end":{"line":15,"column":73}}],"line":15}},"s":{"0":0,"1":0,"2":0,"3":0,"4":0,"5":0,"6":0,"7":0,"8":0,"9":0},"f":{"0":0,"1":0,"2":0,"3":0},"b":{"0":[0,0],"1":[0,0]}}
,"C:\\Users\\larsb\\SheepTracker\\app\\components\\Screen.js": {"path":"C:\\Users\\larsb\\SheepTracker\\app\\components\\Screen.js","statementMap":{"0":{"start":{"line":8,"column":2},"end":{"line":8,"column":80}},"1":{"start":{"line":11,"column":15},"end":{"line":17,"column":2}}},"fnMap":{"0":{"name":"Screen","decl":{"start":{"line":7,"column":9},"end":{"line":7,"column":15}},"loc":{"start":{"line":7,"column":37},"end":{"line":9,"column":1}},"line":7}},"branchMap":{},"s":{"0":0,"1":0},"f":{"0":0},"b":{}}
,"C:\\Users\\larsb\\SheepTracker\\app\\components\\forms\\AppForm.js": {"path":"C:\\Users\\larsb\\SheepTracker\\app\\components\\forms\\AppForm.js","statementMap":{"0":{"start":{"line":6,"column":2},"end":{"line":16,"column":4}},"1":{"start":{"line":13,"column":15},"end":{"line":13,"column":30}}},"fnMap":{"0":{"name":"AppForm","decl":{"start":{"line":5,"column":9},"end":{"line":5,"column":16}},"loc":{"start":{"line":5,"column":74},"end":{"line":17,"column":1}},"line":5},"1":{"name":"(anonymous_1)","decl":{"start":{"line":13,"column":9},"end":{"line":13,"column":10}},"loc":{"start":{"line":13,"column":15},"end":{"line":13,"column":30}},"line":13}},"branchMap":{},"s":{"0":0,"1":0},"f":{"0":0,"1":0},"b":{}}
,"C:\\Users\\larsb\\SheepTracker\\app\\components\\forms\\AppFormField.js": {"path":"C:\\Users\\larsb\\SheepTracker\\app\\components\\forms\\AppFormField.js","statementMap":{"0":{"start":{"line":15,"column":6},"end":{"line":15,"column":24}},"1":{"start":{"line":17,"column":2},"end":{"line":29,"column":4}},"2":{"start":{"line":20,"column":22},"end":{"line":20,"column":48}},"3":{"start":{"line":21,"column":32},"end":{"line":21,"column":62}}},"fnMap":{"0":{"name":"AppFormField","decl":{"start":{"line":8,"column":9},"end":{"line":8,"column":21}},"loc":{"start":{"line":8,"column":52},"end":{"line":30,"column":1}},"line":8},"1":{"name":"(anonymous_1)","decl":{"start":{"line":20,"column":16},"end":{"line":20,"column":17}},"loc":{"start":{"line":20,"column":22},"end":{"line":20,"column":48}},"line":20},"2":{"name":"(anonymous_2)","decl":{"start":{"line":21,"column":22},"end":{"line":21,"column":23}},"loc":{"start":{"line":21,"column":32},"end":{"line":21,"column":62}},"line":21}},"branchMap":{},"s":{"0":0,"1":0,"2":0,"3":0},"f":{"0":0,"1":0,"2":0},"b":{}}
,"C:\\Users\\larsb\\SheepTracker\\app\\components\\forms\\ErrorMessage.js": {"path":"C:\\Users\\larsb\\SheepTracker\\app\\components\\forms\\ErrorMessage.js","statementMap":{"0":{"start":{"line":8,"column":2},"end":{"line":8,"column":38}},"1":{"start":{"line":8,"column":26},"end":{"line":8,"column":38}},"2":{"start":{"line":10,"column":2},"end":{"line":10,"column":52}},"3":{"start":{"line":13,"column":15},"end":{"line":17,"column":2}}},"fnMap":{"0":{"name":"ErrorMessage","decl":{"start":{"line":7,"column":9},"end":{"line":7,"column":21}},"loc":{"start":{"line":7,"column":42},"end":{"line":11,"column":1}},"line":7}},"branchMap":{"0":{"loc":{"start":{"line":8,"column":2},"end":{"line":8,"column":38}},"type":"if","locations":[{"start":{"line":8,"column":2},"end":{"line":8,"column":38}},{"start":{"line":8,"column":2},"end":{"line":8,"column":38}}],"line":8},"1":{"loc":{"start":{"line":8,"column":6},"end":{"line":8,"column":24}},"type":"binary-expr","locations":[{"start":{"line":8,"column":6},"end":{"line":8,"column":12}},{"start":{"line":8,"column":16},"end":{"line":8,"column":24}}],"line":8}},"s":{"0":0,"1":0,"2":0,"3":0},"f":{"0":0},"b":{"0":[0,0],"1":[0,0]}}
,"C:\\Users\\larsb\\SheepTracker\\app\\components\\forms\\SubmitButton.js": {"path":"C:\\Users\\larsb\\SheepTracker\\app\\components\\forms\\SubmitButton.js","statementMap":{"0":{"start":{"line":7,"column":27},"end":{"line":7,"column":45}},"1":{"start":{"line":8,"column":2},"end":{"line":10,"column":4}}},"fnMap":{"0":{"name":"SubmitButton","decl":{"start":{"line":6,"column":9},"end":{"line":6,"column":21}},"loc":{"start":{"line":6,"column":55},"end":{"line":11,"column":1}},"line":6}},"branchMap":{},"s":{"0":0,"1":0},"f":{"0":0},"b":{}}
,"C:\\Users\\larsb\\SheepTracker\\app\\components\\forms\\index.js": {"path":"C:\\Users\\larsb\\SheepTracker\\app\\components\\forms\\index.js","statementMap":{},"fnMap":{},"branchMap":{},"s":{},"f":{},"b":{}}
,"C:\\Users\\larsb\\SheepTracker\\app\\config\\appColors.js": {"path":"C:\\Users\\larsb\\SheepTracker\\app\\config\\appColors.js","statementMap":{},"fnMap":{},"branchMap":{},"s":{},"f":{},"b":{},"_coverageSchema":"1a1c01bbd47fc00a2c39e90264f33305004495a9","hash":"afcfeb4abdb465d4b817520d6b0ec36f44dc7286"}
,"C:\\Users\\larsb\\SheepTracker\\app\\config\\appSizes.js": {"path":"C:\\Users\\larsb\\SheepTracker\\app\\config\\appSizes.js","statementMap":{},"fnMap":{},"branchMap":{},"s":{},"f":{},"b":{},"_coverageSchema":"1a1c01bbd47fc00a2c39e90264f33305004495a9","hash":"67353d651673462cb2c4a8b42797a5582e30b2df"}
,"C:\\Users\\larsb\\SheepTracker\\app\\config\\appStyles.js": {"path":"C:\\Users\\larsb\\SheepTracker\\app\\config\\appStyles.js","statementMap":{},"fnMap":{},"branchMap":{"0":{"loc":{"start":{"line":4,"column":14},"end":{"line":4,"column":61}},"type":"cond-expr","locations":[{"start":{"line":4,"column":42},"end":{"line":4,"column":50}},{"start":{"line":4,"column":53},"end":{"line":4,"column":61}}],"line":4}},"s":{},"f":{},"b":{"0":[0,1]},"_coverageSchema":"1a1c01bbd47fc00a2c39e90264f33305004495a9","hash":"bf2e23f397459592fe91e825adde09951016a6c6"}
,"C:\\Users\\larsb\\SheepTracker\\app\\config\\index.js": {"path":"C:\\Users\\larsb\\SheepTracker\\app\\config\\index.js","statementMap":{},"fnMap":{},"branchMap":{},"s":{},"f":{},"b":{},"_coverageSchema":"1a1c01bbd47fc00a2c39e90264f33305004495a9","hash":"ffe3f1c9a50b990190ee7abe7d815392fc7db570"}
,"C:\\Users\\larsb\\SheepTracker\\app\\config\\settings.js": {"path":"C:\\Users\\larsb\\SheepTracker\\app\\config\\settings.js","statementMap":{"0":{"start":{"line":1,"column":17},"end":{"line":10,"column":1}},"1":{"start":{"line":12,"column":27},"end":{"line":15,"column":1}},"2":{"start":{"line":13,"column":4},"end":{"line":13,"column":36}},"3":{"start":{"line":13,"column":16},"end":{"line":13,"column":36}},"4":{"start":{"line":14,"column":4},"end":{"line":14,"column":25}}},"fnMap":{"0":{"name":"(anonymous_0)","decl":{"start":{"line":12,"column":27},"end":{"line":12,"column":28}},"loc":{"start":{"line":12,"column":33},"end":{"line":15,"column":1}},"line":12}},"branchMap":{"0":{"loc":{"start":{"line":13,"column":4},"end":{"line":13,"column":36}},"type":"if","locations":[{"start":{"line":13,"column":4},"end":{"line":13,"column":36}},{"start":{"line":13,"column":4},"end":{"line":13,"column":36}}],"line":13}},"s":{"0":0,"1":0,"2":0,"3":0,"4":0},"f":{"0":0},"b":{"0":[0,0]}}
,"C:\\Users\\larsb\\SheepTracker\\app\\env\\keys.js": {"path":"C:\\Users\\larsb\\SheepTracker\\app\\env\\keys.js","statementMap":{"0":{"start":{"line":4,"column":17},"end":{"line":4,"column":26}},"1":{"start":{"line":5,"column":19},"end":{"line":5,"column":30}},"2":{"start":{"line":6,"column":16},"end":{"line":6,"column":68}},"3":{"start":{"line":7,"column":20},"end":{"line":7,"column":102}},"4":{"start":{"line":13,"column":27},"end":{"line":13,"column":79}},"5":{"start":{"line":14,"column":27},"end":{"line":14,"column":79}},"6":{"start":{"line":15,"column":29},"end":{"line":15,"column":81}},"7":{"start":{"line":16,"column":29},"end":{"line":16,"column":81}}},"fnMap":{},"branchMap":{},"s":{"0":0,"1":0,"2":0,"3":0,"4":0,"5":0,"6":0,"7":0},"f":{},"b":{}}
,"C:\\Users\\larsb\\SheepTracker\\app\\hooks\\index.js": {"path":"C:\\Users\\larsb\\SheepTracker\\app\\hooks\\index.js","statementMap":{},"fnMap":{},"branchMap":{},"s":{},"f":{},"b":{}}
,"C:\\Users\\larsb\\SheepTracker\\app\\hooks\\useApi.js": {"path":"C:\\Users\\larsb\\SheepTracker\\app\\hooks\\useApi.js","statementMap":{"0":{"start":{"line":4,"column":26},"end":{"line":4,"column":38}},"1":{"start":{"line":5,"column":28},"end":{"line":5,"column":43}},"2":{"start":{"line":6,"column":32},"end":{"line":6,"column":47}},"3":{"start":{"line":8,"column":18},"end":{"line":15,"column":3}},"4":{"start":{"line":9,"column":4},"end":{"line":9,"column":21}},"5":{"start":{"line":10,"column":21},"end":{"line":10,"column":43}},"6":{"start":{"line":11,"column":4},"end":{"line":11,"column":27}},"7":{"start":{"line":12,"column":4},"end":{"line":12,"column":27}},"8":{"start":{"line":13,"column":4},"end":{"line":13,"column":22}},"9":{"start":{"line":14,"column":4},"end":{"line":14,"column":20}},"10":{"start":{"line":17,"column":2},"end":{"line":17,"column":43}}},"fnMap":{"0":{"name":"(anonymous_0)","decl":{"start":{"line":3,"column":24},"end":{"line":3,"column":25}},"loc":{"start":{"line":3,"column":37},"end":{"line":18,"column":1}},"line":3},"1":{"name":"(anonymous_1)","decl":{"start":{"line":8,"column":18},"end":{"line":8,"column":19}},"loc":{"start":{"line":8,"column":37},"end":{"line":15,"column":3}},"line":8}},"branchMap":{},"s":{"0":0,"1":0,"2":0,"3":0,"4":0,"5":0,"6":0,"7":0,"8":0,"9":0,"10":0},"f":{"0":0,"1":0},"b":{}}
,"C:\\Users\\larsb\\SheepTracker\\app\\hooks\\useTimer.js": {"path":"C:\\Users\\larsb\\SheepTracker\\app\\hooks\\useTimer.js","statementMap":{"0":{"start":{"line":5,"column":36},"end":{"line":5,"column":54}},"1":{"start":{"line":6,"column":32},"end":{"line":6,"column":46}},"2":{"start":{"line":9,"column":2},"end":{"line":17,"column":9}},"3":{"start":{"line":10,"column":21},"end":{"line":12,"column":12}},"4":{"start":{"line":11,"column":6},"end":{"line":11,"column":41}},"5":{"start":{"line":11,"column":18},"end":{"line":11,"column":41}},"6":{"start":{"line":14,"column":4},"end":{"line":16,"column":6}},"7":{"start":{"line":15,"column":6},"end":{"line":15,"column":30}},"8":{"start":{"line":19,"column":16},"end":{"line":19,"column":39}},"9":{"start":{"line":19,"column":22},"end":{"line":19,"column":39}},"10":{"start":{"line":21,"column":17},"end":{"line":21,"column":39}},"11":{"start":{"line":21,"column":23},"end":{"line":21,"column":39}},"12":{"start":{"line":23,"column":2},"end":{"line":23,"column":38}}},"fnMap":{"0":{"name":"(anonymous_0)","decl":{"start":{"line":4,"column":26},"end":{"line":4,"column":27}},"loc":{"start":{"line":4,"column":32},"end":{"line":24,"column":1}},"line":4},"1":{"name":"(anonymous_1)","decl":{"start":{"line":9,"column":12},"end":{"line":9,"column":13}},"loc":{"start":{"line":9,"column":18},"end":{"line":17,"column":3}},"line":9},"2":{"name":"(anonymous_2)","decl":{"start":{"line":10,"column":33},"end":{"line":10,"column":34}},"loc":{"start":{"line":10,"column":39},"end":{"line":12,"column":5}},"line":10},"3":{"name":"(anonymous_3)","decl":{"start":{"line":14,"column":11},"end":{"line":14,"column":12}},"loc":{"start":{"line":14,"column":17},"end":{"line":16,"column":5}},"line":14},"4":{"name":"(anonymous_4)","decl":{"start":{"line":19,"column":16},"end":{"line":19,"column":17}},"loc":{"start":{"line":19,"column":22},"end":{"line":19,"column":39}},"line":19},"5":{"name":"(anonymous_5)","decl":{"start":{"line":21,"column":17},"end":{"line":21,"column":18}},"loc":{"start":{"line":21,"column":23},"end":{"line":21,"column":39}},"line":21}},"branchMap":{"0":{"loc":{"start":{"line":11,"column":6},"end":{"line":11,"column":41}},"type":"if","locations":[{"start":{"line":11,"column":6},"end":{"line":11,"column":41}},{"start":{"line":11,"column":6},"end":{"line":11,"column":41}}],"line":11}},"s":{"0":0,"1":0,"2":0,"3":0,"4":0,"5":0,"6":0,"7":0,"8":0,"9":0,"10":0,"11":0,"12":0},"f":{"0":0,"1":0,"2":0,"3":0,"4":0,"5":0},"b":{"0":[0,0]}}
,"C:\\Users\\larsb\\SheepTracker\\app\\hooks\\useTitle.js": {"path":"C:\\Users\\larsb\\SheepTracker\\app\\hooks\\useTitle.js","statementMap":{"0":{"start":{"line":4,"column":28},"end":{"line":4,"column":52}},"1":{"start":{"line":6,"column":2},"end":{"line":6,"column":28}}},"fnMap":{"0":{"name":"(anonymous_0)","decl":{"start":{"line":3,"column":26},"end":{"line":3,"column":27}},"loc":{"start":{"line":3,"column":32},"end":{"line":7,"column":1}},"line":3}},"branchMap":{},"s":{"0":0,"1":0},"f":{"0":0},"b":{}}
,"C:\\Users\\larsb\\SheepTracker\\app\\navigation\\AppNavigator.js": {"path":"C:\\Users\\larsb\\SheepTracker\\app\\navigation\\AppNavigator.js","statementMap":{"0":{"start":{"line":7,"column":14},"end":{"line":7,"column":36}},"1":{"start":{"line":9,"column":21},"end":{"line":14,"column":3}},"2":{"start":{"line":10,"column":4},"end":{"line":13,"column":22}}},"fnMap":{"0":{"name":"(anonymous_0)","decl":{"start":{"line":9,"column":21},"end":{"line":9,"column":22}},"loc":{"start":{"line":10,"column":4},"end":{"line":13,"column":22}},"line":10}},"branchMap":{},"s":{"0":0,"1":0,"2":0},"f":{"0":0},"b":{}}
,"C:\\Users\\larsb\\SheepTracker\\app\\navigation\\AuthNavigator.js": {"path":"C:\\Users\\larsb\\SheepTracker\\app\\navigation\\AuthNavigator.js","statementMap":{"0":{"start":{"line":7,"column":14},"end":{"line":7,"column":36}},"1":{"start":{"line":9,"column":22},"end":{"line":14,"column":1}},"2":{"start":{"line":10,"column":2},"end":{"line":13,"column":20}}},"fnMap":{"0":{"name":"(anonymous_0)","decl":{"start":{"line":9,"column":22},"end":{"line":9,"column":23}},"loc":{"start":{"line":10,"column":2},"end":{"line":13,"column":20}},"line":10}},"branchMap":{},"s":{"0":0,"1":0,"2":0},"f":{"0":0},"b":{}}
,"C:\\Users\\larsb\\SheepTracker\\app\\screens\\AccountScreen.js": {"path":"C:\\Users\\larsb\\SheepTracker\\app\\screens\\AccountScreen.js","statementMap":{"0":{"start":{"line":10,"column":25},"end":{"line":10,"column":34}},"1":{"start":{"line":12,"column":2},"end":{"line":24,"column":4}},"2":{"start":{"line":22,"column":54},"end":{"line":22,"column":62}},"3":{"start":{"line":27,"column":15},"end":{"line":52,"column":2}}},"fnMap":{"0":{"name":"AccountScreen","decl":{"start":{"line":9,"column":9},"end":{"line":9,"column":22}},"loc":{"start":{"line":9,"column":25},"end":{"line":25,"column":1}},"line":9},"1":{"name":"(anonymous_1)","decl":{"start":{"line":22,"column":48},"end":{"line":22,"column":49}},"loc":{"start":{"line":22,"column":54},"end":{"line":22,"column":62}},"line":22}},"branchMap":{},"s":{"0":0,"1":0,"2":0,"3":0},"f":{"0":0,"1":0},"b":{}}
,"C:\\Users\\larsb\\SheepTracker\\app\\screens\\HomeScreen.js": {"path":"C:\\Users\\larsb\\SheepTracker\\app\\screens\\HomeScreen.js","statementMap":{"0":{"start":{"line":17,"column":21},"end":{"line":17,"column":43}},"1":{"start":{"line":19,"column":23},"end":{"line":45,"column":1}},"2":{"start":{"line":20,"column":2},"end":{"line":44,"column":4}},"3":{"start":{"line":48,"column":38},"end":{"line":48,"column":53}},"4":{"start":{"line":49,"column":40},"end":{"line":49,"column":51}},"5":{"start":{"line":50,"column":21},"end":{"line":50,"column":36}},"6":{"start":{"line":52,"column":16},"end":{"line":52,"column":26}},"7":{"start":{"line":54,"column":23},"end":{"line":56,"column":3}},"8":{"start":{"line":55,"column":4},"end":{"line":55,"column":31}},"9":{"start":{"line":58,"column":22},"end":{"line":61,"column":3}},"10":{"start":{"line":59,"column":4},"end":{"line":59,"column":34}},"11":{"start":{"line":60,"column":4},"end":{"line":60,"column":19}},"12":{"start":{"line":63,"column":2},"end":{"line":86,"column":4}},"13":{"start":{"line":89,"column":15},"end":{"line":110,"column":2}}},"fnMap":{"0":{"name":"(anonymous_0)","decl":{"start":{"line":19,"column":23},"end":{"line":19,"column":24}},"loc":{"start":{"line":19,"column":29},"end":{"line":45,"column":1}},"line":19},"1":{"name":"HomeScreen","decl":{"start":{"line":47,"column":9},"end":{"line":47,"column":19}},"loc":{"start":{"line":47,"column":22},"end":{"line":87,"column":1}},"line":47},"2":{"name":"(anonymous_2)","decl":{"start":{"line":54,"column":23},"end":{"line":54,"column":24}},"loc":{"start":{"line":54,"column":29},"end":{"line":56,"column":3}},"line":54},"3":{"name":"(anonymous_3)","decl":{"start":{"line":58,"column":22},"end":{"line":58,"column":23}},"loc":{"start":{"line":58,"column":28},"end":{"line":61,"column":3}},"line":58}},"branchMap":{},"s":{"0":0,"1":0,"2":0,"3":0,"4":0,"5":0,"6":0,"7":0,"8":0,"9":0,"10":0,"11":0,"12":0,"13":0},"f":{"0":0,"1":0,"2":0,"3":0},"b":{}}
,"C:\\Users\\larsb\\SheepTracker\\app\\screens\\LoginScreen.js": {"path":"C:\\Users\\larsb\\SheepTracker\\app\\screens\\LoginScreen.js","statementMap":{"0":{"start":{"line":19,"column":25},"end":{"line":21,"column":2}},"1":{"start":{"line":24,"column":18},"end":{"line":24,"column":27}},"2":{"start":{"line":25,"column":17},"end":{"line":25,"column":39}},"3":{"start":{"line":26,"column":19},"end":{"line":26,"column":40}},"4":{"start":{"line":27,"column":21},"end":{"line":27,"column":36}},"5":{"start":{"line":28,"column":40},"end":{"line":28,"column":55}},"6":{"start":{"line":29,"column":36},"end":{"line":29,"column":51}},"7":{"start":{"line":30,"column":42},"end":{"line":30,"column":54}},"8":{"start":{"line":32,"column":23},"end":{"line":39,"column":3}},"9":{"start":{"line":33,"column":19},"end":{"line":33,"column":60}},"10":{"start":{"line":34,"column":4},"end":{"line":38,"column":5}},"11":{"start":{"line":35,"column":6},"end":{"line":35,"column":25}},"12":{"start":{"line":37,"column":6},"end":{"line":37,"column":27}},"13":{"start":{"line":41,"column":27},"end":{"line":45,"column":3}},"14":{"start":{"line":42,"column":4},"end":{"line":42,"column":23}},"15":{"start":{"line":43,"column":4},"end":{"line":43,"column":27}},"16":{"start":{"line":44,"column":4},"end":{"line":44,"column":32}},"17":{"start":{"line":47,"column":33},"end":{"line":50,"column":3}},"18":{"start":{"line":48,"column":17},"end":{"line":48,"column":76}},"19":{"start":{"line":49,"column":4},"end":{"line":49,"column":22}},"20":{"start":{"line":53,"column":2},"end":{"line":117,"column":4}},"21":{"start":{"line":108,"column":14},"end":{"line":108,"column":36}},"22":{"start":{"line":109,"column":14},"end":{"line":109,"column":34}},"23":{"start":{"line":110,"column":14},"end":{"line":110,"column":34}},"24":{"start":{"line":120,"column":15},"end":{"line":158,"column":2}}},"fnMap":{"0":{"name":"LoginScreen","decl":{"start":{"line":23,"column":9},"end":{"line":23,"column":20}},"loc":{"start":{"line":23,"column":23},"end":{"line":118,"column":1}},"line":23},"1":{"name":"(anonymous_1)","decl":{"start":{"line":32,"column":23},"end":{"line":32,"column":24}},"loc":{"start":{"line":32,"column":40},"end":{"line":39,"column":3}},"line":32},"2":{"name":"(anonymous_2)","decl":{"start":{"line":41,"column":27},"end":{"line":41,"column":28}},"loc":{"start":{"line":41,"column":46},"end":{"line":45,"column":3}},"line":41},"3":{"name":"(anonymous_3)","decl":{"start":{"line":47,"column":33},"end":{"line":47,"column":34}},"loc":{"start":{"line":47,"column":45},"end":{"line":50,"column":3}},"line":47},"4":{"name":"(anonymous_4)","decl":{"start":{"line":107,"column":21},"end":{"line":107,"column":22}},"loc":{"start":{"line":107,"column":27},"end":{"line":111,"column":15}},"line":107}},"branchMap":{"0":{"loc":{"start":{"line":34,"column":4},"end":{"line":38,"column":5}},"type":"if","locations":[{"start":{"line":34,"column":4},"end":{"line":38,"column":5}},{"start":{"line":34,"column":4},"end":{"line":38,"column":5}}],"line":34},"1":{"loc":{"start":{"line":57,"column":9},"end":{"line":57,"column":76}},"type":"binary-expr","locations":[{"start":{"line":57,"column":9},"end":{"line":57,"column":19}},{"start":{"line":57,"column":23},"end":{"line":57,"column":76}}],"line":57},"2":{"loc":{"start":{"line":58,"column":9},"end":{"line":58,"column":79}},"type":"binary-expr","locations":[{"start":{"line":58,"column":9},"end":{"line":58,"column":18}},{"start":{"line":58,"column":22},"end":{"line":58,"column":79}}],"line":58},"3":{"loc":{"start":{"line":59,"column":9},"end":{"line":59,"column":80}},"type":"binary-expr","locations":[{"start":{"line":59,"column":9},"end":{"line":59,"column":18}},{"start":{"line":59,"column":22},"end":{"line":59,"column":80}}],"line":59},"4":{"loc":{"start":{"line":60,"column":9},"end":{"line":77,"column":18}},"type":"binary-expr","locations":[{"start":{"line":60,"column":9},"end":{"line":60,"column":19}},{"start":{"line":60,"column":23},"end":{"line":77,"column":18}}],"line":60},"5":{"loc":{"start":{"line":78,"column":9},"end":{"line":95,"column":18}},"type":"binary-expr","locations":[{"start":{"line":78,"column":9},"end":{"line":78,"column":18}},{"start":{"line":78,"column":22},"end":{"line":95,"column":18}}],"line":78},"6":{"loc":{"start":{"line":97,"column":11},"end":{"line":102,"column":12}},"type":"binary-expr","locations":[{"start":{"line":97,"column":11},"end":{"line":97,"column":21}},{"start":{"line":97,"column":25},"end":{"line":102,"column":12}}],"line":97},"7":{"loc":{"start":{"line":103,"column":11},"end":{"line":113,"column":12}},"type":"binary-expr","locations":[{"start":{"line":103,"column":11},"end":{"line":103,"column":20}},{"start":{"line":103,"column":23},"end":{"line":113,"column":12}}],"line":103}},"s":{"0":0,"1":0,"2":0,"3":0,"4":0,"5":0,"6":0,"7":0,"8":0,"9":0,"10":0,"11":0,"12":0,"13":0,"14":0,"15":0,"16":0,"17":0,"18":0,"19":0,"20":0,"21":0,"22":0,"23":0,"24":0},"f":{"0":0,"1":0,"2":0,"3":0,"4":0},"b":{"0":[0,0],"1":[0,0],"2":[0,0],"3":[0,0],"4":[0,0],"5":[0,0],"6":[0,0],"7":[0,0]}}
,"C:\\Users\\larsb\\SheepTracker\\app\\screens\\ObservationScreen.js": {"path":"C:\\Users\\larsb\\SheepTracker\\app\\screens\\ObservationScreen.js","statementMap":{"0":{"start":{"line":28,"column":48},"end":{"line":28,"column":75}},"1":{"start":{"line":29,"column":44},"end":{"line":29,"column":58}},"2":{"start":{"line":30,"column":40},"end":{"line":30,"column":50}},"3":{"start":{"line":31,"column":30},"end":{"line":31,"column":41}},"4":{"start":{"line":32,"column":34},"end":{"line":32,"column":45}},"5":{"start":{"line":33,"column":38},"end":{"line":33,"column":53}},"6":{"start":{"line":34,"column":18},"end":{"line":34,"column":30}},"7":{"start":{"line":37,"column":44},"end":{"line":37,"column":58}},"8":{"start":{"line":38,"column":26},"end":{"line":38,"column":62}},"9":{"start":{"line":39,"column":38},"end":{"line":39,"column":53}},"10":{"start":{"line":40,"column":42},"end":{"line":40,"column":57}},"11":{"start":{"line":41,"column":34},"end":{"line":41,"column":46}},"12":{"start":{"line":42,"column":46},"end":{"line":42,"column":58}},"13":{"start":{"line":43,"column":59},"end":{"line":43,"column":74}},"14":{"start":{"line":45,"column":33},"end":{"line":59,"column":3}},"15":{"start":{"line":46,"column":4},"end":{"line":49,"column":9}},"16":{"start":{"line":47,"column":25},"end":{"line":47,"column":63}},"17":{"start":{"line":48,"column":6},"end":{"line":48,"column":45}},"18":{"start":{"line":50,"column":4},"end":{"line":52,"column":5}},"19":{"start":{"line":51,"column":6},"end":{"line":51,"column":26}},"20":{"start":{"line":53,"column":4},"end":{"line":55,"column":5}},"21":{"start":{"line":54,"column":6},"end":{"line":54,"column":22}},"22":{"start":{"line":56,"column":4},"end":{"line":58,"column":5}},"23":{"start":{"line":57,"column":6},"end":{"line":57,"column":46}},"24":{"start":{"line":61,"column":21},"end":{"line":66,"column":3}},"25":{"start":{"line":68,"column":2},"end":{"line":70,"column":4}},"26":{"start":{"line":69,"column":4},"end":{"line":69,"column":48}},"27":{"start":{"line":72,"column":18},"end":{"line":86,"column":3}},"28":{"start":{"line":73,"column":4},"end":{"line":85,"column":5}},"29":{"start":{"line":74,"column":6},"end":{"line":78,"column":7}},"30":{"start":{"line":75,"column":8},"end":{"line":75,"column":31}},"31":{"start":{"line":77,"column":8},"end":{"line":77,"column":31}},"32":{"start":{"line":79,"column":10},"end":{"line":85,"column":5}},"33":{"start":{"line":80,"column":6},"end":{"line":84,"column":7}},"34":{"start":{"line":81,"column":8},"end":{"line":81,"column":30}},"35":{"start":{"line":83,"column":8},"end":{"line":83,"column":32}},"36":{"start":{"line":88,"column":25},"end":{"line":96,"column":3}},"37":{"start":{"line":89,"column":24},"end":{"line":89,"column":41}},"38":{"start":{"line":90,"column":4},"end":{"line":95,"column":5}},"39":{"start":{"line":91,"column":6},"end":{"line":91,"column":78}},"40":{"start":{"line":92,"column":6},"end":{"line":92,"column":36}},"41":{"start":{"line":94,"column":6},"end":{"line":94,"column":25}},"42":{"start":{"line":98,"column":25},"end":{"line":106,"column":3}},"43":{"start":{"line":99,"column":24},"end":{"line":99,"column":41}},"44":{"start":{"line":100,"column":4},"end":{"line":105,"column":5}},"45":{"start":{"line":101,"column":6},"end":{"line":101,"column":76}},"46":{"start":{"line":102,"column":6},"end":{"line":102,"column":36}},"47":{"start":{"line":104,"column":6},"end":{"line":104,"column":25}},"48":{"start":{"line":108,"column":19},"end":{"line":118,"column":3}},"49":{"start":{"line":109,"column":4},"end":{"line":113,"column":5}},"50":{"start":{"line":110,"column":6},"end":{"line":110,"column":38}},"51":{"start":{"line":111,"column":6},"end":{"line":111,"column":23}},"52":{"start":{"line":112,"column":6},"end":{"line":112,"column":13}},"53":{"start":{"line":114,"column":4},"end":{"line":114,"column":51}},"54":{"start":{"line":115,"column":4},"end":{"line":115,"column":21}},"55":{"start":{"line":116,"column":4},"end":{"line":116,"column":14}},"56":{"start":{"line":117,"column":4},"end":{"line":117,"column":11}},"57":{"start":{"line":120,"column":19},"end":{"line":126,"column":3}},"58":{"start":{"line":121,"column":4},"end":{"line":121,"column":40}},"59":{"start":{"line":121,"column":33},"end":{"line":121,"column":40}},"60":{"start":{"line":122,"column":4},"end":{"line":122,"column":32}},"61":{"start":{"line":122,"column":25},"end":{"line":122,"column":32}},"62":{"start":{"line":123,"column":4},"end":{"line":123,"column":51}},"63":{"start":{"line":124,"column":4},"end":{"line":124,"column":21}},"64":{"start":{"line":125,"column":4},"end":{"line":125,"column":14}},"65":{"start":{"line":128,"column":20},"end":{"line":134,"column":3}},"66":{"start":{"line":129,"column":4},"end":{"line":133,"column":5}},"67":{"start":{"line":130,"column":6},"end":{"line":130,"column":53}},"68":{"start":{"line":132,"column":6},"end":{"line":132,"column":53}},"69":{"start":{"line":136,"column":26},"end":{"line":160,"column":3}},"70":{"start":{"line":137,"column":4},"end":{"line":159,"column":5}},"71":{"start":{"line":138,"column":6},"end":{"line":158,"column":13}},"72":{"start":{"line":141,"column":41},"end":{"line":141,"column":85}},"73":{"start":{"line":142,"column":39},"end":{"line":142,"column":78}},"74":{"start":{"line":146,"column":67},"end":{"line":146,"column":113}},"75":{"start":{"line":155,"column":70},"end":{"line":155,"column":116}},"76":{"start":{"line":162,"column":24},"end":{"line":170,"column":3}},"77":{"start":{"line":163,"column":4},"end":{"line":169,"column":7}},"78":{"start":{"line":164,"column":6},"end":{"line":168,"column":7}},"79":{"start":{"line":165,"column":8},"end":{"line":165,"column":146}},"80":{"start":{"line":167,"column":8},"end":{"line":167,"column":142}},"81":{"start":{"line":172,"column":29},"end":{"line":174,"column":3}},"82":{"start":{"line":173,"column":4},"end":{"line":173,"column":71}},"83":{"start":{"line":176,"column":22},"end":{"line":182,"column":3}},"84":{"start":{"line":177,"column":4},"end":{"line":181,"column":5}},"85":{"start":{"line":178,"column":18},"end":{"line":178,"column":80}},"86":{"start":{"line":179,"column":6},"end":{"line":179,"column":25}},"87":{"start":{"line":180,"column":6},"end":{"line":180,"column":28}},"88":{"start":{"line":184,"column":22},"end":{"line":215,"column":3}},"89":{"start":{"line":185,"column":4},"end":{"line":214,"column":5}},"90":{"start":{"line":186,"column":22},"end":{"line":186,"column":61}},"91":{"start":{"line":188,"column":8},"end":{"line":188,"column":64}},"92":{"start":{"line":189,"column":17},"end":{"line":192,"column":7}},"93":{"start":{"line":194,"column":6},"end":{"line":213,"column":7}},"94":{"start":{"line":195,"column":23},"end":{"line":201,"column":10}},"95":{"start":{"line":202,"column":28},"end":{"line":202,"column":49}},"96":{"start":{"line":203,"column":8},"end":{"line":210,"column":9}},"97":{"start":{"line":205,"column":10},"end":{"line":205,"column":42}},"98":{"start":{"line":208,"column":10},"end":{"line":208,"column":36}},"99":{"start":{"line":209,"column":10},"end":{"line":209,"column":22}},"100":{"start":{"line":212,"column":8},"end":{"line":212,"column":25}},"101":{"start":{"line":217,"column":31},"end":{"line":221,"column":3}},"102":{"start":{"line":218,"column":4},"end":{"line":218,"column":27}},"103":{"start":{"line":219,"column":4},"end":{"line":219,"column":24}},"104":{"start":{"line":220,"column":4},"end":{"line":220,"column":20}},"105":{"start":{"line":223,"column":19},"end":{"line":241,"column":3}},"106":{"start":{"line":224,"column":4},"end":{"line":224,"column":34}},"107":{"start":{"line":225,"column":14},"end":{"line":225,"column":41}},"108":{"start":{"line":226,"column":4},"end":{"line":239,"column":5}},"109":{"start":{"line":227,"column":6},"end":{"line":227,"column":28}},"110":{"start":{"line":228,"column":6},"end":{"line":234,"column":7}},"111":{"start":{"line":229,"column":8},"end":{"line":229,"column":37}},"112":{"start":{"line":230,"column":8},"end":{"line":230,"column":30}},"113":{"start":{"line":232,"column":8},"end":{"line":232,"column":38}},"114":{"start":{"line":233,"column":8},"end":{"line":233,"column":31}},"115":{"start":{"line":235,"column":6},"end":{"line":235,"column":39}},"116":{"start":{"line":236,"column":6},"end":{"line":236,"column":29}},"117":{"start":{"line":237,"column":6},"end":{"line":237,"column":27}},"118":{"start":{"line":238,"column":6},"end":{"line":238,"column":22}},"119":{"start":{"line":240,"column":4},"end":{"line":240,"column":35}},"120":{"start":{"line":243,"column":23},"end":{"line":251,"column":3}},"121":{"start":{"line":244,"column":4},"end":{"line":250,"column":5}},"122":{"start":{"line":245,"column":6},"end":{"line":249,"column":9}},"123":{"start":{"line":246,"column":8},"end":{"line":248,"column":15}},"124":{"start":{"line":253,"column":2},"end":{"line":443,"column":4}},"125":{"start":{"line":263,"column":42},"end":{"line":263,"column":95}},"126":{"start":{"line":277,"column":46},"end":{"line":277,"column":76}},"127":{"start":{"line":277,"column":77},"end":{"line":277,"column":86}},"128":{"start":{"line":280,"column":105},"end":{"line":280,"column":129}},"129":{"start":{"line":307,"column":25},"end":{"line":307,"column":44}},"130":{"start":{"line":332,"column":38},"end":{"line":332,"column":79}},"131":{"start":{"line":332,"column":80},"end":{"line":332,"column":89}},"132":{"start":{"line":339,"column":40},"end":{"line":339,"column":70}},"133":{"start":{"line":339,"column":71},"end":{"line":339,"column":80}},"134":{"start":{"line":344,"column":101},"end":{"line":344,"column":125}},"135":{"start":{"line":382,"column":10},"end":{"line":382,"column":28}},"136":{"start":{"line":387,"column":27},"end":{"line":387,"column":47}},"137":{"start":{"line":393,"column":14},"end":{"line":397,"column":16}},"138":{"start":{"line":404,"column":25},"end":{"line":404,"column":38}},"139":{"start":{"line":412,"column":27},"end":{"line":412,"column":49}},"140":{"start":{"line":427,"column":27},"end":{"line":427,"column":37}},"141":{"start":{"line":446,"column":15},"end":{"line":552,"column":2}}},"fnMap":{"0":{"name":"ObservationScreen","decl":{"start":{"line":27,"column":9},"end":{"line":27,"column":26}},"loc":{"start":{"line":27,"column":103},"end":{"line":444,"column":1}},"line":27},"1":{"name":"(anonymous_1)","decl":{"start":{"line":45,"column":33},"end":{"line":45,"column":34}},"loc":{"start":{"line":45,"column":39},"end":{"line":59,"column":3}},"line":45},"2":{"name":"(anonymous_2)","decl":{"start":{"line":46,"column":5},"end":{"line":46,"column":6}},"loc":{"start":{"line":46,"column":17},"end":{"line":49,"column":5}},"line":46},"3":{"name":"(anonymous_3)","decl":{"start":{"line":68,"column":50},"end":{"line":68,"column":51}},"loc":{"start":{"line":68,"column":73},"end":{"line":70,"column":3}},"line":68},"4":{"name":"(anonymous_4)","decl":{"start":{"line":72,"column":18},"end":{"line":72,"column":19}},"loc":{"start":{"line":72,"column":24},"end":{"line":86,"column":3}},"line":72},"5":{"name":"(anonymous_5)","decl":{"start":{"line":88,"column":25},"end":{"line":88,"column":26}},"loc":{"start":{"line":88,"column":37},"end":{"line":96,"column":3}},"line":88},"6":{"name":"(anonymous_6)","decl":{"start":{"line":98,"column":25},"end":{"line":98,"column":26}},"loc":{"start":{"line":98,"column":37},"end":{"line":106,"column":3}},"line":98},"7":{"name":"(anonymous_7)","decl":{"start":{"line":108,"column":19},"end":{"line":108,"column":20}},"loc":{"start":{"line":108,"column":46},"end":{"line":118,"column":3}},"line":108},"8":{"name":"(anonymous_8)","decl":{"start":{"line":120,"column":19},"end":{"line":120,"column":20}},"loc":{"start":{"line":120,"column":46},"end":{"line":126,"column":3}},"line":120},"9":{"name":"(anonymous_9)","decl":{"start":{"line":128,"column":20},"end":{"line":128,"column":21}},"loc":{"start":{"line":128,"column":59},"end":{"line":134,"column":3}},"line":128},"10":{"name":"(anonymous_10)","decl":{"start":{"line":136,"column":26},"end":{"line":136,"column":27}},"loc":{"start":{"line":136,"column":32},"end":{"line":160,"column":3}},"line":136},"11":{"name":"(anonymous_11)","decl":{"start":{"line":137,"column":27},"end":{"line":137,"column":28}},"loc":{"start":{"line":138,"column":6},"end":{"line":158,"column":13}},"line":138},"12":{"name":"(anonymous_12)","decl":{"start":{"line":141,"column":30},"end":{"line":141,"column":31}},"loc":{"start":{"line":141,"column":41},"end":{"line":141,"column":85}},"line":141},"13":{"name":"(anonymous_13)","decl":{"start":{"line":142,"column":28},"end":{"line":142,"column":29}},"loc":{"start":{"line":142,"column":39},"end":{"line":142,"column":78}},"line":142},"14":{"name":"(anonymous_14)","decl":{"start":{"line":146,"column":61},"end":{"line":146,"column":62}},"loc":{"start":{"line":146,"column":67},"end":{"line":146,"column":113}},"line":146},"15":{"name":"(anonymous_15)","decl":{"start":{"line":155,"column":64},"end":{"line":155,"column":65}},"loc":{"start":{"line":155,"column":70},"end":{"line":155,"column":116}},"line":155},"16":{"name":"(anonymous_16)","decl":{"start":{"line":162,"column":24},"end":{"line":162,"column":25}},"loc":{"start":{"line":162,"column":30},"end":{"line":170,"column":3}},"line":162},"17":{"name":"(anonymous_17)","decl":{"start":{"line":163,"column":27},"end":{"line":163,"column":28}},"loc":{"start":{"line":163,"column":34},"end":{"line":169,"column":5}},"line":163},"18":{"name":"(anonymous_18)","decl":{"start":{"line":172,"column":29},"end":{"line":172,"column":30}},"loc":{"start":{"line":172,"column":39},"end":{"line":174,"column":3}},"line":172},"19":{"name":"(anonymous_19)","decl":{"start":{"line":176,"column":22},"end":{"line":176,"column":23}},"loc":{"start":{"line":176,"column":34},"end":{"line":182,"column":3}},"line":176},"20":{"name":"(anonymous_20)","decl":{"start":{"line":184,"column":22},"end":{"line":184,"column":23}},"loc":{"start":{"line":184,"column":39},"end":{"line":215,"column":3}},"line":184},"21":{"name":"(anonymous_21)","decl":{"start":{"line":217,"column":31},"end":{"line":217,"column":32}},"loc":{"start":{"line":217,"column":37},"end":{"line":221,"column":3}},"line":217},"22":{"name":"(anonymous_22)","decl":{"start":{"line":223,"column":19},"end":{"line":223,"column":20}},"loc":{"start":{"line":223,"column":31},"end":{"line":241,"column":3}},"line":223},"23":{"name":"(anonymous_23)","decl":{"start":{"line":243,"column":23},"end":{"line":243,"column":24}},"loc":{"start":{"line":243,"column":29},"end":{"line":251,"column":3}},"line":243},"24":{"name":"(anonymous_24)","decl":{"start":{"line":245,"column":33},"end":{"line":245,"column":34}},"loc":{"start":{"line":246,"column":8},"end":{"line":248,"column":15
[...]
,"end":{"line":308,"column":233}},"type":"cond-expr","locations":[{"start":{"line":308,"column":187},"end":{"line":308,"column":208}},{"start":{"line":308,"column":211},"end":{"line":308,"column":233}}],"line":308},"27":{"loc":{"start":{"line":331,"column":10},"end":{"line":342,"column":19}},"type":"binary-expr","locations":[{"start":{"line":331,"column":10},"end":{"line":331,"column":29}},{"start":{"line":332,"column":12},"end":{"line":342,"column":19}}],"line":331},"28":{"loc":{"start":{"line":332,"column":161},"end":{"line":332,"column":192}},"type":"cond-expr","locations":[{"start":{"line":332,"column":187},"end":{"line":332,"column":188}},{"start":{"line":332,"column":191},"end":{"line":332,"column":192}}],"line":332},"29":{"loc":{"start":{"line":367,"column":27},"end":{"line":367,"column":71}},"type":"cond-expr","locations":[{"start":{"line":367,"column":45},"end":{"line":367,"column":60}},{"start":{"line":367,"column":63},"end":{"line":367,"column":71}}],"line":367},"30":{"loc":{"start":{"line":370,"column":11},"end":{"line":370,"column":103}},"type":"binary-expr","locations":[{"start":{"line":370,"column":11},"end":{"line":370,"column":28}},{"start":{"line":370,"column":32},"end":{"line":370,"column":103}}],"line":370},"31":{"loc":{"start":{"line":374,"column":9},"end":{"line":374,"column":151}},"type":"binary-expr","locations":[{"start":{"line":374,"column":9},"end":{"line":374,"column":24}},{"start":{"line":374,"column":28},"end":{"line":374,"column":151}}],"line":374},"32":{"loc":{"start":{"line":403,"column":9},"end":{"line":403,"column":210}},"type":"binary-expr","locations":[{"start":{"line":403,"column":9},"end":{"line":403,"column":24}},{"start":{"line":403,"column":27},"end":{"line":403,"column":210}}],"line":403},"33":{"loc":{"start":{"line":446,"column":9},"end":{"line":456,"column":15}},"type":"binary-expr","locations":[{"start":{"line":446,"column":9},"end":{"line":446,"column":26}},{"start":{"line":447,"column":8},"end":{"line":456,"column":15}}],"line":446}},"s":{"0":0,"1":0,"2":0,"3":0,"4":0,"5":0,"6":0,"7":0,"8":0,"9":0,"10":0,"11":0,"12":0,"13":0,"14":0,"15":0,"16":0,"17":0,"18":0,"19":0,"20":0,"21":0,"22":0,"23":0,"24":0,"25":0,"26":0,"27":0,"28":0,"29":0,"30":0,"31":0,"32":0,"33":0,"34":0,"35":0,"36":0,"37":0,"38":0,"39":0,"40":0,"41":0,"42":0,"43":0,"44":0,"45":0,"46":0,"47":0,"48":0,"49":0,"50":0,"51":0,"52":0,"53":0,"54":0,"55":0,"56":0,"57":0,"58":0,"59":0,"60":0,"61":0,"62":0,"63":0,"64":0,"65":0,"66":0,"67":0,"68":0,"69":0,"70":0,"71":0,"72":0,"73":0,"74":0,"75":0,"76":0,"77":0,"78":0,"79":0,"80":0,"81":0,"82":0,"83":0,"84":0,"85":0,"86":0,"87":0,"88":0,"89":0,"90":0,"91":0,"92":0,"93":0,"94":0,"95":0,"96":0,"97":0,"98":0,"99":0,"100":0,"101":0,"102":0,"103":0,"104":0,"105":0,"106":0,"107":0,"108":0,"109":0,"110":0,"111":0,"112":0,"113":0,"114":0,"115":0,"116":0,"117":0,"118":0,"119":0,"120":0,"121":0,"122":0,"123":0,"124":0,"125":0,"126":0,"127":0,"128":0,"129":0,"130":0,"131":0,"132":0,"133":0,"134":0,"135":0,"136":0,"137":0,"138":0,"139":0,"140":0},"f":{"0":0,"1":0,"2":0,"3":0,"4":0,"5":0,"6":0,"7":0,"8":0,"9":0,"10":0,"11":0,"12":0,"13":0,"14":0,"15":0,"16":0,"17":0,"18":0,"19":0,"20":0,"21":0,"22":0,"23":0,"24":0,"25":0,"26":0,"27":0,"28":0,"29":0,"30":0,"31":0,"32":0,"33":0,"34":0,"35":0,"36":0,"37":0,"38":0,"39":0,"40":0,"41":0,"42":0,"43":0,"44":0,"45":0,"46":0,"47":0,"48":0,"49":0,"50":0,"51":0},"b":{"0":[0,0],"1":[0],"2":[0,0],"3":[0,0],"4":[0,0],"5":[0,0],"6":[0,0],"7":[0,0],"8":[0,0],"9":[0,0],"10":[0,0],"11":[0,0],"12":[0,0],"13":[0,0],"14":[0,0],"15":[0,0],"16":[0,0],"17":[0,0],"18":[0,0],"19":[0,0],"20":[0,0],"21":[0,0],"22":[0,0],"23":[0,0],"24":[0,0],"25":[0,0],"26":[0,0],"27":[0,0],"28":[0,0],"29":[0,0],"30":[0,0],"31":[0,0],"32":[0,0],"33":[0,0]}}
,"C:\\Users\\larsb\\SheepTracker\\app\\screens\\ReportlistScreen.js": {"path":"C:\\Users\\larsb\\SheepTracker\\app\\screens\\ReportlistScreen.js","statementMap":{"0":{"start":{"line":17,"column":21},"end":{"line":17,"column":36}},"1":{"start":{"line":18,"column":38},"end":{"line":18,"column":53}},"2":{"start":{"line":19,"column":36},"end":{"line":19,"column":47}},"3":{"start":{"line":20,"column":36},"end":{"line":20,"column":46}},"4":{"start":{"line":21,"column":18},"end":{"line":21,"column":30}},"5":{"start":{"line":24,"column":17},"end":{"line":24,"column":26}},"6":{"start":{"line":25,"column":21},"end":{"line":25,"column":49}},"7":{"start":{"line":26,"column":22},"end":{"line":26,"column":50}},"8":{"start":{"line":28,"column":2},"end":{"line":30,"column":9}},"9":{"start":{"line":29,"column":4},"end":{"line":29,"column":21}},"10":{"start":{"line":32,"column":22},"end":{"line":63,"column":3}},"11":{"start":{"line":33,"column":4},"end":{"line":62,"column":7}},"12":{"start":{"line":34,"column":6},"end":{"line":61,"column":8}},"13":{"start":{"line":35,"column":8},"end":{"line":60,"column":9}},"14":{"start":{"line":36,"column":10},"end":{"line":59,"column":12}},"15":{"start":{"line":37,"column":28},"end":{"line":37,"column":63}},"16":{"start":{"line":39,"column":14},"end":{"line":39,"column":70}},"17":{"start":{"line":40,"column":23},"end":{"line":43,"column":13}},"18":{"start":{"line":44,"column":27},"end":{"line":50,"column":14}},"19":{"start":{"line":51,"column":32},"end":{"line":51,"column":53}},"20":{"start":{"line":52,"column":12},"end":{"line":58,"column":13}},"21":{"start":{"line":53,"column":14},"end":{"line":53,"column":52}},"22":{"start":{"line":54,"column":14},"end":{"line":54,"column":49}},"23":{"start":{"line":57,"column":14},"end":{"line":57,"column":41}},"24":{"start":{"line":65,"column":25},"end":{"line":74,"column":3}},"25":{"start":{"line":66,"column":4},"end":{"line":66,"column":42}},"26":{"start":{"line":67,"column":29},"end":{"line":67,"column":53}},"27":{"start":{"line":68,"column":23},"end":{"line":68,"column":90}},"28":{"start":{"line":69,"column":4},"end":{"line":72,"column":5}},"29":{"start":{"line":70,"column":6},"end":{"line":70,"column":42}},"30":{"start":{"line":71,"column":6},"end":{"line":71,"column":57}},"31":{"start":{"line":73,"column":4},"end":{"line":73,"column":54}},"32":{"start":{"line":76,"column":24},"end":{"line":88,"column":3}},"33":{"start":{"line":77,"column":4},"end":{"line":87,"column":5}},"34":{"start":{"line":78,"column":29},"end":{"line":78,"column":64}},"35":{"start":{"line":79,"column":6},"end":{"line":79,"column":81}},"36":{"start":{"line":79,"column":37},"end":{"line":79,"column":80}},"37":{"start":{"line":80,"column":6},"end":{"line":86,"column":9}},"38":{"start":{"line":81,"column":8},"end":{"line":85,"column":10}},"39":{"start":{"line":84,"column":26},"end":{"line":84,"column":73}},"40":{"start":{"line":91,"column":2},"end":{"line":133,"column":4}},"41":{"start":{"line":102,"column":27},"end":{"line":102,"column":43}},"42":{"start":{"line":115,"column":29},"end":{"line":115,"column":45}},"43":{"start":{"line":129,"column":123},"end":{"line":129,"column":150}},"44":{"start":{"line":136,"column":15},"end":{"line":157,"column":2}}},"fnMap":{"0":{"name":"ReportlistScreen","decl":{"start":{"line":16,"column":9},"end":{"line":16,"column":25}},"loc":{"start":{"line":16,"column":28},"end":{"line":134,"column":1}},"line":16},"1":{"name":"(anonymous_1)","decl":{"start":{"line":28,"column":13},"end":{"line":28,"column":14}},"loc":{"start":{"line":28,"column":19},"end":{"line":30,"column":3}},"line":28},"2":{"name":"(anonymous_2)","decl":{"start":{"line":32,"column":22},"end":{"line":32,"column":23}},"loc":{"start":{"line":32,"column":50},"end":{"line":63,"column":3}},"line":32},"3":{"name":"(anonymous_3)","decl":{"start":{"line":33,"column":30},"end":{"line":33,"column":31}},"loc":{"start":{"line":33,"column":35},"end":{"line":62,"column":5}},"line":33},"4":{"name":"(anonymous_4)","decl":{"start":{"line":34,"column":25},"end":{"line":34,"column":26}},"loc":{"start":{"line":34,"column":30},"end":{"line":61,"column":7}},"line":34},"5":{"name":"(anonymous_5)","decl":{"start":{"line":36,"column":28},"end":{"line":36,"column":29}},"loc":{"start":{"line":36,"column":41},"end":{"line":59,"column":11}},"line":36},"6":{"name":"(anonymous_6)","decl":{"start":{"line":65,"column":25},"end":{"line":65,"column":26}},"loc":{"start":{"line":65,"column":37},"end":{"line":74,"column":3}},"line":65},"7":{"name":"(anonymous_7)","decl":{"start":{"line":76,"column":24},"end":{"line":76,"column":25}},"loc":{"start":{"line":76,"column":30},"end":{"line":88,"column":3}},"line":76},"8":{"name":"(anonymous_8)","decl":{"start":{"line":79,"column":32},"end":{"line":79,"column":33}},"loc":{"start":{"line":79,"column":37},"end":{"line":79,"column":80}},"line":79},"9":{"name":"(anonymous_9)","decl":{"start":{"line":80,"column":53},"end":{"line":80,"column":54}},"loc":{"start":{"line":81,"column":8},"end":{"line":85,"column":10}},"line":81},"10":{"name":"(anonymous_10)","decl":{"start":{"line":84,"column":19},"end":{"line":84,"column":20}},"loc":{"start":{"line":84,"column":25},"end":{"line":84,"column":74}},"line":84},"11":{"name":"(anonymous_11)","decl":{"start":{"line":102,"column":21},"end":{"line":102,"column":22}},"loc":{"start":{"line":102,"column":27},"end":{"line":102,"column":43}},"line":102},"12":{"name":"(anonymous_12)","decl":{"start":{"line":115,"column":23},"end":{"line":115,"column":24}},"loc":{"start":{"line":115,"column":29},"end":{"line":115,"column":45}},"line":115},"13":{"name":"(anonymous_13)","decl":{"start":{"line":129,"column":117},"end":{"line":129,"column":118}},"loc":{"start":{"line":129,"column":123},"end":{"line":129,"column":150}},"line":129}},"branchMap":{"0":{"loc":{"start":{"line":35,"column":8},"end":{"line":60,"column":9}},"type":"if","locations":[{"start":{"line":35,"column":8},"end":{"line":60,"column":9}},{"start":{"line":35,"column":8},"end":{"line":60,"column":9}}],"line":35},"1":{"loc":{"start":{"line":52,"column":12},"end":{"line":58,"column":13}},"type":"if","locations":[{"start":{"line":52,"column":12},"end":{"line":58,"column":13}},{"start":{"line":52,"column":12},"end":{"line":58,"column":13}}],"line":52},"2":{"loc":{"start":{"line":68,"column":23},"end":{"line":68,"column":90}},"type":"binary-expr","locations":[{"start":{"line":68,"column":23},"end":{"line":68,"column":49}},{"start":{"line":68,"column":53},"end":{"line":68,"column":90}}],"line":68},"3":{"loc":{"start":{"line":69,"column":4},"end":{"line":72,"column":5}},"type":"if","locations":[{"start":{"line":69,"column":4},"end":{"line":72,"column":5}},{"start":{"line":69,"column":4},"end":{"line":72,"column":5}}],"line":69},"4":{"loc":{"start":{"line":69,"column":7},"end":{"line":69,"column":38}},"type":"binary-expr","locations":[{"start":{"line":69,"column":7},"end":{"line":69,"column":23}},{"start":{"line":69,"column":27},"end":{"line":69,"column":38}}],"line":69},"5":{"loc":{"start":{"line":77,"column":4},"end":{"line":87,"column":5}},"type":"if","locations":[{"start":{"line":77,"column":4},"end":{"line":87,"column":5}},{"start":{"line":77,"column":4},"end":{"line":87,"column":5}}],"line":77},"6":{"loc":{"start":{"line":93,"column":7},"end":{"line":93,"column":58}},"type":"binary-expr","locations":[{"start":{"line":93,"column":7},"end":{"line":93,"column":16}},{"start":{"line":93,"column":20},"end":{"line":93,"column":58}}],"line":93},"7":{"loc":{"start":{"line":94,"column":7},"end":{"line":108,"column":7}},"type":"binary-expr","locations":[{"start":{"line":94,"column":7},"end":{"line":94,"column":23}},{"start":{"line":95,"column":8},"end":{"line":107,"column":15}}],"line":94},"8":{"loc":{"start":{"line":120,"column":9},"end":{"line":127,"column":9}},"type":"binary-expr","locations":[{"start":{"line":120,"column":9},"end":{"line":120,"column":37}},{"start":{"line":121,"column":10},"end":{"line":126,"column":17}}],"line":120},"9":{"loc":{"start":{"line":128,"column":9},"end":{"line":130,"column":15}},"type":"binary-expr","locations":[{"start":{"line":128,"column":9},"end":{"line":128,"column":76}},{"start":{"line":128,"column":80},"end":{"line":130,"column":15}}],"line":128}},"s":{"0":0,"1":0,"2":0,"3":0,"4":0,"5":0,"6":0,"7":0,"8":0,"9":0,"10":0,"11":0,"12":0,"13":0,"14":0,"15":0,"16":0,"17":0,"18":0,"19":0,"20":0,"21":0,"22":0,"23":0,"24":0,"25":0,"26":0,"27":0,"28":0,"29":0,"30":0,"31":0,"32":0,"33":0,"34":0,"35":0,"36":0,"37":0,"38":0,"39":0,"40":0,"41":0,"42":0,"43":0,"44":0},"f":{"0":0,"1":0,"2":0,"3":0,"4":0,"5":0,"6":0,"7":0,"8":0,"9":0,"10":0,"11":0,"12":0,"13":0},"b":{"0":[0,0],"1":[0,0],"2":[0,0],"3":[0,0],"4":[0,0],"5":[0,0],"6":[0,0],"7":[0,0],"8":[0,0],"9":[0,0]}}
,"C:\\Users\\larsb\\SheepTracker\\app\\utility\\cache.js": {"path":"C:\\Users\\larsb\\SheepTracker\\app\\utility\\cache.js","statementMap":{"0":{"start":{"line":3,"column":0},"end":{"line":3,"column":20}},"1":{"start":{"line":5,"column":12},"end":{"line":14,"column":1}},"2":{"start":{"line":6,"column":2},"end":{"line":13,"column":3}},"3":{"start":{"line":7,"column":18},"end":{"line":7,"column":49}},"4":{"start":{"line":8,"column":17},"end":{"line":8,"column":34}},"5":{"start":{"line":9,"column":4},"end":{"line":9,"column":27}},"6":{"start":{"line":9,"column":15},"end":{"line":9,"column":27}},"7":{"start":{"line":10,"column":4},"end":{"line":10,"column":16}},"8":{"start":{"line":12,"column":4},"end":{"line":12,"column":23}},"9":{"start":{"line":16,"column":13},"end":{"line":28,"column":1}},"10":{"start":{"line":17,"column":2},"end":{"line":27,"column":3}},"11":{"start":{"line":18,"column":21},"end":{"line":18,"column":40}},"12":{"start":{"line":19,"column":4},"end":{"line":23,"column":5}},"13":{"start":{"line":20,"column":6},"end":{"line":20,"column":43}},"14":{"start":{"line":22,"column":6},"end":{"line":22,"column":30}},"15":{"start":{"line":24,"column":4},"end":{"line":24,"column":69}},"16":{"start":{"line":26,"column":4},"end":{"line":26,"column":60}},"17":{"start":{"line":30,"column":20},"end":{"line":34,"column":1}},"18":{"start":{"line":31,"column":20},"end":{"line":31,"column":31}},"19":{"start":{"line":32,"column":21},"end":{"line":32,"column":69}},"20":{"start":{"line":32,"column":43},"end":{"line":32,"column":68}},"21":{"start":{"line":33,"column":2},"end":{"line":33,"column":67}},"22":{"start":{"line":36,"column":21},"end":{"line":42,"column":1}},"23":{"start":{"line":37,"column":2},"end":{"line":41,"column":3}},"24":{"start":{"line":38,"column":4},"end":{"line":38,"column":77}},"25":{"start":{"line":40,"column":4},"end":{"line":40,"column":81}},"26":{"start":{"line":44,"column":19},"end":{"line":55,"column":1}},"27":{"start":{"line":45,"column":2},"end":{"line":54,"column":3}},"28":{"start":{"line":46,"column":22},"end":{"line":46,"column":33}},"29":{"start":{"line":47,"column":4},"end":{"line":47,"column":31}},"30":{"start":{"line":47,"column":19},"end":{"line":47,"column":31}},"31":{"start":{"line":48,"column":24},"end":{"line":48,"column":64}},"32":{"start":{"line":48,"column":51},"end":{"line":48,"column":63}},"33":{"start":{"line":49,"column":4},"end":{"line":49,"column":50}},"34":{"start":{"line":49,"column":31},"end":{"line":49,"column":50}},"35":{"start":{"line":50,"column":4},"end":{"line":50,"column":16}},"36":{"start":{"line":52,"column":4},"end":{"line":52,"column":56}},"37":{"start":{"line":53,"column":4},"end":{"line":53,"column":16}},"38":{"start":{"line":57,"column":31},"end":{"line":57,"column":41}},"39":{"start":{"line":58,"column":28},"end":{"line":65,"column":1}},"40":{"start":{"line":59,"column":2},"end":{"line":64,"column":3}},"41":{"start":{"line":60,"column":4},"end":{"line":60,"column":77}},"42":{"start":{"line":62,"column":4},"end":{"line":62,"column":65}},"43":{"start":{"line":67,"column":30},"end":{"line":75,"column":1}},"44":{"start":{"line":68,"column":2},"end":{"line":74,"column":3}},"45":{"start":{"line":69,"column":24},"end":{"line":69,"column":57}},"46":{"start":{"line":70,"column":4},"end":{"line":70,"column":39}},"47":{"start":{"line":70,"column":20},"end":{"line":70,"column":39}},"48":{"start":{"line":71,"column":4},"end":{"line":71,"column":14}},"49":{"start":{"line":73,"column":4},"end":{"line":73,"column":82}},"50":{"start":{"line":77,"column":32},"end":{"line":83,"column":1}},"51":{"start":{"line":78,"column":2},"end":{"line":82,"column":3}},"52":{"start":{"line":79,"column":4},"end":{"line":79,"column":58}},"53":{"start":{"line":81,"column":4},"end":{"line":81,"column":59}}},"fnMap":{"0":{"name":"(anonymous_0)","decl":{"start":{"line":5,"column":12},"end":{"line":5,"column":13}},"loc":{"start":{"line":5,"column":38},"end":{"line":14,"column":1}},"line":5},"1":{"name":"(anonymous_1)","decl":{"start":{"line":16,"column":13},"end":{"line":16,"column":14}},"loc":{"start":{"line":16,"column":29},"end":{"line":28,"column":1}},"line":16},"2":{"name":"(anonymous_2)","decl":{"start":{"line":30,"column":20},"end":{"line":30,"column":21}},"loc":{"start":{"line":30,"column":41},"end":{"line":34,"column":1}},"line":30},"3":{"name":"(anonymous_3)","decl":{"start":{"line":32,"column":38},"end":{"line":32,"column":39}},"loc":{"start":{"line":32,"column":43},"end":{"line":32,"column":68}},"line":32},"4":{"name":"(anonymous_4)","decl":{"start":{"line":36,"column":21},"end":{"line":36,"column":22}},"loc":{"start":{"line":36,"column":39},"end":{"line":42,"column":1}},"line":36},"5":{"name":"(anonymous_5)","decl":{"start":{"line":44,"column":19},"end":{"line":44,"column":20}},"loc":{"start":{"line":44,"column":31},"end":{"line":55,"column":1}},"line":44},"6":{"name":"(anonymous_6)","decl":{"start":{"line":48,"column":41},"end":{"line":48,"column":42}},"loc":{"start":{"line":48,"column":51},"end":{"line":48,"column":63}},"line":48},"7":{"name":"(anonymous_7)","decl":{"start":{"line":58,"column":28},"end":{"line":58,"column":29}},"loc":{"start":{"line":58,"column":44},"end":{"line":65,"column":1}},"line":58},"8":{"name":"(anonymous_8)","decl":{"start":{"line":67,"column":30},"end":{"line":67,"column":31}},"loc":{"start":{"line":67,"column":42},"end":{"line":75,"column":1}},"line":67},"9":{"name":"(anonymous_9)","decl":{"start":{"line":77,"column":32},"end":{"line":77,"column":33}},"loc":{"start":{"line":77,"column":44},"end":{"line":83,"column":1}},"line":77}},"branchMap":{"0":{"loc":{"start":{"line":5,"column":19},"end":{"line":5,"column":33}},"type":"default-arg","locations":[{"start":{"line":5,"column":25},"end":{"line":5,"column":33}}],"line":5},"1":{"loc":{"start":{"line":9,"column":4},"end":{"line":9,"column":27}},"type":"if","locations":[{"start":{"line":9,"column":4},"end":{"line":9,"column":27}},{"start":{"line":9,"column":4},"end":{"line":9,"column":27}}],"line":9},"2":{"loc":{"start":{"line":19,"column":4},"end":{"line":23,"column":5}},"type":"if","locations":[{"start":{"line":19,"column":4},"end":{"line":23,"column":5}},{"start":{"line":19,"column":4},"end":{"line":23,"column":5}}],"line":19},"3":{"loc":{"start":{"line":47,"column":4},"end":{"line":47,"column":31}},"type":"if","locations":[{"start":{"line":47,"column":4},"end":{"line":47,"column":31}},{"start":{"line":47,"column":4},"end":{"line":47,"column":31}}],"line":47},"4":{"loc":{"start":{"line":49,"column":4},"end":{"line":49,"column":50}},"type":"if","locations":[{"start":{"line":49,"column":4},"end":{"line":49,"column":50}},{"start":{"line":49,"column":4},"end":{"line":49,"column":50}}],"line":49},"5":{"loc":{"start":{"line":70,"column":4},"end":{"line":70,"column":39}},"type":"if","locations":[{"start":{"line":70,"column":4},"end":{"line":70,"column":39}},{"start":{"line":70,"column":4},"end":{"line":70,"column":39}}],"line":70}},"s":{"0":0,"1":0,"2":0,"3":0,"4":0,"5":0,"6":0,"7":0,"8":0,"9":0,"10":0,"11":0,"12":0,"13":0,"14":0,"15":0,"16":0,"17":0,"18":0,"19":0,"20":0,"21":0,"22":0,"23":0,"24":0,"25":0,"26":0,"27":0,"28":0,"29":0,"30":0,"31":0,"32":0,"33":0,"34":0,"35":0,"36":0,"37":0,"38":0,"39":0,"40":0,"41":0,"42":0,"43":0,"44":0,"45":0,"46":0,"47":0,"48":0,"49":0,"50":0,"51":0,"52":0,"53":0},"f":{"0":0,"1":0,"2":0,"3":0,"4":0,"5":0,"6":0,"7":0,"8":0,"9":0},"b":{"0":[0],"1":[0,0],"2":[0,0],"3":[0,0],"4":[0,0],"5":[0,0]}}
}
