TN:
SF:App.js
FN:10,App
FN:14,(anonymous_1)
FN:19,(anonymous_2)
FNF:3
FNH:0
FNDA:0,App
FNDA:0,(anonymous_1)
FNDA:0,(anonymous_2)
DA:11,0
DA:12,0
DA:14,0
DA:15,0
DA:16,0
DA:19,0
DA:21,0
LF:7
LH:0
BRDA:19,0,0,0
BRDA:19,0,1,0
BRDA:24,1,0,0
BRDA:24,1,1,0
BRF:4
BRH:0
end_of_record
TN:
SF:app\api\auth.js
FN:6,(anonymous_0)
FN:7,(anonymous_1)
FNF:2
FNH:0
FNDA:0,(anonymous_0)
FNDA:0,(anonymous_1)
DA:3,0
DA:4,0
DA:6,0
DA:7,0
LF:4
LH:0
BRF:0
BRH:0
end_of_record
TN:
SF:app\api\client.js
FN:15,(anonymous_0)
FN:25,(anonymous_1)
FN:32,(anonymous_2)
FN:35,(anonymous_3)
FN:35,(anonymous_4)
FN:35,(anonymous_5)
FN:49,(anonymous_6)
FNF:7
FNH:0
FNDA:0,(anonymous_0)
FNDA:0,(anonymous_1)
FNDA:0,(anonymous_2)
FNDA:0,(anonymous_3)
FNDA:0,(anonymous_4)
FNDA:0,(anonymous_5)
FNDA:0,(anonymous_6)
DA:5,0
DA:14,0
DA:15,0
DA:16,0
DA:17,0
DA:18,0
DA:19,0
DA:20,0
DA:22,0
DA:23,0
DA:24,0
DA:25,0
DA:27,0
DA:28,0
DA:31,0
DA:32,0
DA:33,0
DA:34,0
DA:35,0
DA:38,0
DA:40,0
DA:41,0
DA:42,0
DA:43,0
DA:45,0
DA:48,0
DA:49,0
DA:50,0
DA:51,0
DA:52,0
DA:53,0
LF:31
LH:0
BRDA:16,0,0,0
BRDA:16,0,1,0
BRDA:19,1,0,0
BRDA:19,1,1,0
BRDA:24,2,0,0
BRDA:24,2,1,0
BRDA:34,3,0,0
BRDA:34,3,1,0
BRDA:41,4,0,0
BRDA:41,4,1,0
BRDA:41,5,0,0
BRDA:41,5,1,0
BRDA:42,6,0,0
BRDA:42,6,1,0
BRF:14
BRH:0
end_of_record
TN:
SF:app\api\reports.js
FN:10,(anonymous_0)
FN:13,(anonymous_1)
FN:16,(anonymous_2)
FNF:3
FNH:0
FNDA:0,(anonymous_0)
FNDA:0,(anonymous_1)
FNDA:0,(anonymous_2)
DA:3,0
DA:5,0
DA:7,0
DA:10,0
DA:13,0
DA:16,0
LF:6
LH:0
BRDA:10,0,0,0
BRDA:13,1,0,0
BRF:2
BRH:0
end_of_record
TN:
SF:app\api\users.js
FN:5,(anonymous_0)
FNF:1
FNH:0
FNDA:0,(anonymous_0)
DA:3,0
DA:5,0
LF:2
LH:0
BRF:0
BRH:0
end_of_record
TN:
SF:app\auth\context.js
FNF:0
FNH:0
DA:3,0
LF:1
LH:0
BRF:0
BRH:0
end_of_record
TN:
SF:app\auth\storage.js
FN:6,(anonymous_0)
FN:14,(anonymous_1)
FN:22,(anonymous_2)
FN:27,(anonymous_3)
FNF:4
FNH:0
FNDA:0,(anonymous_0)
FNDA:0,(anonymous_1)
FNDA:0,(anonymous_2)
FNDA:0,(anonymous_3)
DA:4,0
DA:6,0
DA:7,0
DA:8,0
DA:10,0
DA:14,0
DA:15,0
DA:16,0
DA:18,0
DA:22,0
DA:23,0
DA:24,0
DA:27,0
DA:28,0
DA:29,0
DA:31,0
LF:16
LH:0
BRDA:24,0,0,0
BRDA:24,0,1,0
BRF:2
BRH:0
end_of_record
TN:
SF:app\auth\useAuth.js
FN:7,(anonymous_0)
FN:10,(anonymous_1)
FN:15,(anonymous_2)
FNF:3
FNH:0
FNDA:0,(anonymous_0)
FNDA:0,(anonymous_1)
FNDA:0,(anonymous_2)
DA:8,0
DA:10,0
DA:11,0
DA:12,0
DA:15,0
DA:16,0
DA:17,0
DA:20,0
LF:8
LH:0
BRF:0
BRH:0
end_of_record
TN:
SF:app\components\AppActivityIndicator.js
FN:7,AppActivityIndicator
FNF:1
FNH:0
FNDA:0,AppActivityIndicator
DA:8,0
DA:9,0
DA:22,0
LF:3
LH:0
BRDA:7,0,0,0
BRDA:8,1,0,0
BRDA:8,1,1,0
BRF:3
BRH:0
end_of_record
TN:
SF:app\components\AppButton.js
FN:8,AppButton
FNF:1
FNH:1
FNDA:1,AppButton
DA:21,1
DA:43,1
LF:2
LH:2
BRDA:19,0,0,1
BRDA:22,1,0,0
BRDA:22,1,1,1
BRDA:23,2,0,1
BRDA:23,2,1,0
BRDA:23,2,2,0
BRDA:26,3,0,1
BRDA:26,3,1,0
BRDA:30,4,0,0
BRDA:30,4,1,0
BRDA:31,5,0,0
BRDA:31,5,1,0
BRDA:36,6,0,1
BRDA:36,6,1,0
BRDA:36,6,2,0
BRF:15
BRH:5
end_of_record
TN:
SF:app\components\AppText.js
FN:6,Apptext
FNF:1
FNH:0
FNDA:0,Apptext
DA:7,0
DA:8,0
DA:17,0
DA:20,1
LF:4
LH:1
BRDA:7,0,0,0
BRDA:7,0,1,0
BRF:2
BRH:0
end_of_record
TN:
SF:app\components\AppTextInput.js
FN:7,AppTextInput
FN:20,(anonymous_1)
FN:42,(anonymous_2)
FNF:3
FNH:0
FNDA:0,AppTextInput
FNDA:0,(anonymous_1)
FNDA:0,(anonymous_2)
DA:18,0
DA:20,0
DA:21,0
DA:24,0
DA:42,0
DA:50,0
LF:6
LH:0
BRDA:10,0,0,0
BRDA:15,1,0,0
BRDA:25,2,0,0
BRDA:25,2,1,0
BRDA:26,3,0,0
BRDA:26,3,1,0
BRDA:42,4,0,0
BRDA:42,4,1,0
BRF:8
BRH:0
end_of_record
TN:
SF:app\components\BottomNav.js
FN:8,BottomNav
FN:19,(anonymous_1)
FN:46,(anonymous_2)
FNF:3
FNH:0
FNDA:0,BottomNav
FNDA:0,(anonymous_1)
FNDA:0,(anonymous_2)
DA:9,0
DA:11,0
DA:20,0
DA:21,0
DA:22,0
DA:47,0
DA:48,0
DA:49,0
DA:65,0
LF:9
LH:0
BRDA:30,0,0,0
BRDA:30,0,1,0
BRDA:57,1,0,0
BRDA:57,1,1,0
BRDA:87,2,0,0
BRDA:87,2,1,0
BRF:6
BRH:0
end_of_record
TN:
SF:app\components\Dialog.js
FN:8,Dialog
FNF:1
FNH:0
FNDA:0,Dialog
DA:20,0
DA:53,0
LF:2
LH:0
BRDA:23,0,0,0
BRDA:23,0,1,0
BRDA:34,1,0,0
BRDA:34,1,1,0
BRDA:41,2,0,0
BRDA:41,2,1,0
BRF:6
BRH:0
end_of_record
TN:
SF:app\components\Dropdown.js
FN:9,Dropdown
FN:19,(anonymous_1)
FN:23,(anonymous_2)
FN:31,(anonymous_3)
FN:33,(anonymous_4)
FN:34,(anonymous_5)
FN:46,(anonymous_6)
FNF:7
FNH:0
FNDA:0,Dropdown
FNDA:0,(anonymous_1)
FNDA:0,(anonymous_2)
FNDA:0,(anonymous_3)
FNDA:0,(anonymous_4)
FNDA:0,(anonymous_5)
FNDA:0,(anonymous_6)
DA:16,0
DA:17,0
DA:19,0
DA:20,0
DA:23,0
DA:24,0
DA:25,0
DA:26,0
DA:27,0
DA:31,0
DA:32,0
DA:33,0
DA:34,0
DA:41,0
DA:46,0
DA:59,0
LF:16
LH:0
BRDA:17,0,0,0
BRDA:17,0,1,0
BRDA:26,1,0,0
BRDA:26,1,1,0
BRDA:32,2,0,0
BRDA:32,2,1,0
BRDA:47,3,0,0
BRDA:47,3,1,0
BRDA:47,4,0,0
BRDA:47,4,1,0
BRDA:48,5,0,0
BRDA:48,5,1,0
BRDA:50,6,0,0
BRDA:50,6,1,0
BRF:14
BRH:0
end_of_record
TN:
SF:app\components\Header.js
FN:12,Header
FNF:1
FNH:0
FNDA:0,Header
DA:13,0
DA:15,0
DA:37,0
LF:3
LH:0
BRDA:12,0,0,0
BRDA:17,1,0,0
BRDA:17,1,1,0
BRDA:26,2,0,0
BRDA:26,2,1,0
BRF:5
BRH:0
end_of_record
TN:
SF:app\components\HeaderSubText.js
FN:7,HeaderSubText
FNF:1
FNH:0
FNDA:0,HeaderSubText
DA:8,0
DA:11,0
LF:2
LH:0
BRF:0
BRH:0
end_of_record
TN:
SF:app\components\HeaderText.js
FN:7,HeaderText
FNF:1
FNH:0
FNDA:0,HeaderText
DA:8,0
DA:11,0
LF:2
LH:0
BRF:0
BRH:0
end_of_record
TN:
SF:app\components\Icon.js
FN:7,Icon
FNF:1
FNH:0
FNDA:0,Icon
DA:14,0
DA:15,0
DA:21,0
LF:3
LH:0
BRDA:8,0,0,0
BRDA:9,1,0,0
BRDA:11,2,0,0
BRDA:14,3,0,0
BRDA:14,3,1,0
BRF:5
BRH:0
end_of_record
TN:
SF:app\components\InternetBar.js
FN:8,InternetBar
FNF:1
FNH:0
FNDA:0,InternetBar
DA:9,0
DA:11,0
DA:12,0
DA:22,0
DA:25,0
LF:5
LH:0
BRDA:11,0,0,0
BRDA:11,0,1,0
BRDA:11,1,0,0
BRDA:11,1,1,0
BRDA:14,2,0,0
BRDA:14,2,1,0
BRF:6
BRH:0
end_of_record
TN:
SF:app\components\Logo.js
FN:7,Logo
FNF:1
FNH:0
FNDA:0,Logo
DA:8,0
DA:18,0
LF:2
LH:0
BRF:0
BRH:0
end_of_record
TN:
SF:app\components\ReportItem.js
FN:9,ReportItem
FN:11,(anonymous_1)
FN:25,(anonymous_2)
FN:26,(anonymous_3)
FN:53,(anonymous_4)
FN:66,(anonymous_5)
FN:75,(anonymous_6)
FNF:7
FNH:0
FNDA:0,ReportItem
FNDA:0,(anonymous_1)
FNDA:0,(anonymous_2)
FNDA:0,(anonymous_3)
FNDA:0,(anonymous_4)
FNDA:0,(anonymous_5)
FNDA:0,(anonymous_6)
DA:11,0
DA:12,0
DA:13,0
DA:14,0
DA:15,0
DA:17,0
DA:25,0
DA:26,0
DA:27,0
DA:28,0
DA:29,0
DA:30,0
DA:31,0
DA:32,0
DA:33,0
DA:34,0
DA:35,0
DA:44,0
DA:53,0
DA:54,0
DA:55,0
DA:66,0
DA:67,0
DA:68,0
DA:69,0
DA:70,0
DA:71,0
DA:75,0
DA:76,0
DA:86,0
DA:91,0
DA:151,0
LF:32
LH:0
BRDA:13,0,0,0
BRDA:13,0,1,0
BRDA:15,1,0,0
BRDA:15,1,1,0
BRDA:38,2,0,0
BRDA:38,2,1,0
BRDA:39,3,0,0
BRDA:39,3,1,0
BRDA:54,4,0,0
BRDA:54,4,1,0
BRDA:67,5,0,0
BRDA:67,5,1,0
BRDA:70,6,0,0
BRDA:70,6,1,0
BRDA:79,7,0,0
BRDA:79,7,1,0
BRF:16
BRH:0
end_of_record
TN:
SF:app\components\ReportItemDeleteAction.js
FN:10,ReportItemDeleteAction
FN:14,(anonymous_1)
FN:38,(anonymous_2)
FN:55,(anonymous_3)
FNF:4
FNH:0
FNDA:0,ReportItemDeleteAction
FNDA:0,(anonymous_1)
FNDA:0,(anonymous_2)
FNDA:0,(anonymous_3)
DA:11,0
DA:12,0
DA:14,0
DA:15,0
DA:16,0
DA:28,0
DA:39,0
DA:49,0
DA:55,0
DA:61,0
LF:10
LH:0
BRDA:15,0,0,0
BRDA:15,0,1,0
BRDA:15,1,0,0
BRDA:15,1,1,0
BRF:4
BRH:0
end_of_record
TN:
SF:app\components\Screen.js
FN:7,Screen
FNF:1
FNH:0
FNDA:0,Screen
DA:8,0
DA:11,0
LF:2
LH:0
BRF:0
BRH:0
end_of_record
TN:
SF:app\components\forms\AppForm.js
FN:5,AppForm
FN:13,(anonymous_1)
FNF:2
FNH:0
FNDA:0,AppForm
FNDA:0,(anonymous_1)
DA:6,0
DA:13,0
LF:2
LH:0
BRF:0
BRH:0
end_of_record
TN:
SF:app\components\forms\AppFormField.js
FN:8,AppFormField
FN:20,(anonymous_1)
FN:21,(anonymous_2)
FNF:3
FNH:0
FNDA:0,AppFormField
FNDA:0,(anonymous_1)
FNDA:0,(anonymous_2)
DA:15,0
DA:17,0
DA:20,0
DA:21,0
LF:4
LH:0
BRF:0
BRH:0
end_of_record
TN:
SF:app\components\forms\ErrorMessage.js
FN:7,ErrorMessage
FNF:1
FNH:0
FNDA:0,ErrorMessage
DA:8,0
DA:10,0
DA:13,0
LF:3
LH:0
BRDA:8,0,0,0
BRDA:8,0,1,0
BRDA:8,1,0,0
BRDA:8,1,1,0
BRF:4
BRH:0
end_of_record
TN:
SF:app\components\forms\SubmitButton.js
FN:6,SubmitButton
FNF:1
FNH:0
FNDA:0,SubmitButton
DA:7,0
DA:8,0
LF:2
LH:0
BRF:0
BRH:0
end_of_record
TN:
SF:app\components\forms\index.js
FNF:0
FNH:0
LF:0
LH:0
BRF:0
BRH:0
end_of_record
TN:
SF:app\config\appColors.js
FNF:0
FNH:0
LF:0
LH:0
BRF:0
BRH:0
end_of_record
TN:
SF:app\config\appSizes.js
FNF:0
FNH:0
LF:0
LH:0
BRF:0
BRH:0
end_of_record
TN:
SF:app\config\appStyles.js
FNF:0
FNH:0
LF:0
LH:0
BRDA:4,0,0,0
BRDA:4,0,1,1
BRF:2
BRH:1
end_of_record
TN:
SF:app\config\index.js
FNF:0
FNH:0
LF:0
LH:0
BRF:0
BRH:0
end_of_record
TN:
SF:app\config\settings.js
FN:12,(anonymous_0)
FNF:1
FNH:0
FNDA:0,(anonymous_0)
DA:1,0
DA:12,0
DA:13,0
DA:14,0
LF:4
LH:0
BRDA:13,0,0,0
BRDA:13,0,1,0
BRF:2
BRH:0
end_of_record
TN:
SF:app\env\keys.js
FNF:0
FNH:0
DA:4,0
DA:5,0
DA:6,0
DA:7,0
DA:13,0
DA:14,0
DA:15,0
DA:16,0
LF:8
LH:0
BRF:0
BRH:0
end_of_record
TN:
SF:app\hooks\index.js
FNF:0
FNH:0
LF:0
LH:0
BRF:0
BRH:0
end_of_record
TN:
SF:app\hooks\useApi.js
FN:3,(anonymous_0)
FN:8,(anonymous_1)
FNF:2
FNH:0
FNDA:0,(anonymous_0)
FNDA:0,(anonymous_1)
DA:4,0
DA:5,0
DA:6,0
DA:8,0
DA:9,0
DA:10,0
DA:11,0
DA:12,0
DA:13,0
DA:14,0
DA:17,0
LF:11
LH:0
BRF:0
BRH:0
end_of_record
TN:
SF:app\hooks\useTimer.js
FN:4,(anonymous_0)
FN:9,(anonymous_1)
FN:10,(anonymous_2)
FN:14,(anonymous_3)
FN:19,(anonymous_4)
FN:21,(anonymous_5)
FNF:6
FNH:0
FNDA:0,(anonymous_0)
FNDA:0,(anonymous_1)
FNDA:0,(anonymous_2)
FNDA:0,(anonymous_3)
FNDA:0,(anonymous_4)
FNDA:0,(anonymous_5)
DA:5,0
DA:6,0
DA:9,0
DA:10,0
DA:11,0
DA:14,0
DA:15,0
DA:19,0
DA:21,0
DA:23,0
LF:10
LH:0
BRDA:11,0,0,0
BRDA:11,0,1,0
BRF:2
BRH:0
end_of_record
TN:
SF:app\hooks\useTitle.js
FN:3,(anonymous_0)
FNF:1
FNH:0
FNDA:0,(anonymous_0)
DA:4,0
DA:6,0
LF:2
LH:0
BRF:0
BRH:0
end_of_record
TN:
SF:app\navigation\AppNavigator.js
FN:9,(anonymous_0)
FNF:1
FNH:0
FNDA:0,(anonymous_0)
DA:7,0
DA:9,0
DA:10,0
LF:3
LH:0
BRF:0
BRH:0
end_of_record
TN:
SF:app\navigation\AuthNavigator.js
FN:9,(anonymous_0)
FNF:1
FNH:0
FNDA:0,(anonymous_0)
DA:7,0
DA:9,0
DA:10,0
LF:3
LH:0
BRF:0
BRH:0
end_of_record
TN:
SF:app\screens\AccountScreen.js
FN:9,AccountScreen
FN:22,(anonymous_1)
FNF:2
FNH:0
FNDA:0,AccountScreen
FNDA:0,(anonymous_1)
DA:10,0
DA:12,0
DA:22,0
DA:27,0
LF:4
LH:0
BRF:0
BRH:0
end_of_record
TN:
SF:app\screens\HomeScreen.js
FN:19,(anonymous_0)
FN:47,HomeScreen
FN:54,(anonymous_2)
FN:58,(anonymous_3)
FNF:4
FNH:0
FNDA:0,(anonymous_0)
FNDA:0,HomeScreen
FNDA:0,(anonymous_2)
FNDA:0,(anonymous_3)
DA:17,0
DA:19,0
DA:20,0
DA:48,0
DA:49,0
DA:50,0
DA:52,0
DA:54,0
DA:55,0
DA:58,0
DA:59,0
DA:60,0
DA:63,0
DA:89,0
LF:14
LH:0
BRF:0
BRH:0
end_of_record
TN:
SF:app\screens\LoginScreen.js
FN:23,LoginScreen
FN:32,(anonymous_1)
FN:41,(anonymous_2)
FN:47,(anonymous_3)
FN:107,(anonymous_4)
FNF:5
FNH:0
FNDA:0,LoginScreen
FNDA:0,(anonymous_1)
FNDA:0,(anonymous_2)
FNDA:0,(anonymous_3)
FNDA:0,(anonymous_4)
DA:19,0
DA:24,0
DA:25,0
DA:26,0
DA:27,0
DA:28,0
DA:29,0
DA:30,0
DA:32,0
DA:33,0
DA:34,0
DA:35,0
DA:37,0
DA:41,0
DA:42,0
DA:43,0
DA:44,0
DA:47,0
DA:48,0
DA:49,0
DA:53,0
DA:108,0
DA:109,0
DA:110,0
DA:120,0
LF:25
LH:0
BRDA:34,0,0,0
BRDA:34,0,1,0
BRDA:57,1,0,0
BRDA:57,1,1,0
BRDA:58,2,0,0
BRDA:58,2,1,0
BRDA:59,3,0,0
BRDA:59,3,1,0
BRDA:60,4,0,0
BRDA:60,4,1,0
BRDA:78,5,0,0
BRDA:78,5,1,0
BRDA:97,6,0,0
BRDA:97,6,1,0
BRDA:103,7,0,0
BRDA:103,7,1,0
BRF:16
BRH:0
end_of_record
TN:
SF:app\screens\ObservationScreen.js
FN:27,ObservationScreen
FN:45,(anonymous_1)
FN:46,(anonymous_2)
FN:68,(anonymous_3)
FN:72,(anonymous_4)
FN:88,(anonymous_5)
FN:98,(anonymous_6)
FN:108,(anonymous_7)
FN:120,(anonymous_8)
FN:128,(anonymous_9)
FN:136,(anonymous_10)
FN:137,(anonymous_11)
FN:141,(anonymous_12)
FN:142,(anonymous_13)
FN:146,(anonymous_14)
FN:155,(anonymous_15)
FN:162,(anonymous_16)
FN:163,(anonymous_17)
FN:172,(anonymous_18)
FN:176,(anonymous_19)
FN:184,(anonymous_20)
FN:217,(anonymous_21)
FN:223,(anonymous_22)
FN:243,(anonymous_23)
FN:245,(anonymous_24)
FN:263,(anonymous_25)
FN:277,(anonymous_26)
FN:280,(anonymous_27)
FN:307,(anonymous_28)
FN:332,(anonymous_29)
FN:339,(anonymous_30)
FN:344,(anonymous_31)
FN:381,(anonymous_32)
FN:387,(anonymous_33)
FN:392,(anonymous_34)
FN:404,(anonymous_35)
FN:412,(anonymous_36)
FN:427,(anonymous_37)
FNF:38
FNH:0
FNDA:0,ObservationScreen
FNDA:0,(anonymous_1)
FNDA:0,(anonymous_2)
FNDA:0,(anonymous_3)
FNDA:0,(anonymous_4)
FNDA:0,(anonymous_5)
FNDA:0,(anonymous_6)
FNDA:0,(anonymous_7)
FNDA:0,(anonymous_8)
FNDA:0,(anonymous_9)
FNDA:0,(anonymous_10)
FNDA:0,(anonymous_11)
FNDA:0,(anonymous_12)
FNDA:0,(anonymous_13)
FNDA:0,(anonymous_14)
FNDA:0,(anonymous_15)
FNDA:0,(anonymous_16)
FNDA:0,(anonymous_17)
FNDA:0,(anonymous_18)
FNDA:0,(anonymous_19)
FNDA:0,(anonymous_20)
FNDA:0,(anonymous_21)
FNDA:0,(anonymous_22)
FNDA:0,(anonymous_23)
FNDA:0,(anonymous_24)
FNDA:0,(anonymous_25)
FNDA:0,(anonymous_26)
FNDA:0,(anonymous_27)
FNDA:0,(anonymous_28)
FNDA:0,(anonymous_29)
FNDA:0,(anonymous_30)
FNDA:0,(anonymous_31)
FNDA:0,(anonymous_32)
FNDA:0,(anonymous_33)
FNDA:0,(anonymous_34)
FNDA:0,(anonymous_35)
FNDA:0,(anonymous_36)
FNDA:0,(anonymous_37)
DA:28,0
DA:29,0
DA:30,0
DA:31,0
DA:32,0
DA:33,0
DA:34,0
DA:37,0
DA:38,0
DA:39,0
DA:40,0
DA:41,0
DA:42,0
DA:43,0
DA:45,0
DA:46,0
DA:47,0
DA:48,0
DA:50,0
DA:51,0
DA:53,0
DA:54,0
DA:56,0
DA:57,0
DA:61,0
DA:68,0
DA:69,0
DA:72,0
DA:73,0
DA:74,0
DA:75,0
DA:77,0
DA:79,0
DA:80,0
DA:81,0
DA:83,0
DA:88,0
DA:89,0
DA:90,0
DA:91,0
DA:92,0
DA:94,0
DA:98,0
DA:99,0
DA:100,0
DA:101,0
DA:102,0
DA:104,0
DA:108,0
DA:109,0
DA:110,0
DA:111,0
DA:112,0
DA:114,0
DA:115,0
DA:116,0
DA:117,0
DA:120,0
DA:121,0
DA:122,0
DA:123,0
DA:124,0
DA:125,0
DA:128,0
DA:129,0
DA:130,0
DA:132,0
DA:136,0
DA:137,0
DA:138,0
DA:141,0
DA:142,0
DA:146,0
DA:155,0
DA:162,0
DA:163,0
DA:164,0
DA:165,0
DA:167,0
DA:172,0
DA:173,0
DA:176,0
DA:177,0
DA:178,0
DA:179,0
DA:180,0
DA:184,0
DA:185,0
DA:186,0
DA:188,0
DA:189,0
DA:194,0
DA:195,0
DA:202,0
DA:203,0
DA:205,0
DA:208,0
DA:209,0
DA:212,0
DA:217,0
DA:218,0
DA:219,0
DA:220,0
DA:223,0
DA:224,0
DA:225,0
DA:226,0
DA:227,0
DA:228,0
DA:229,0
DA:230,0
DA:232,0
DA:233,0
DA:235,0
DA:236,0
DA:237,0
DA:238,0
DA:240,0
DA:243,0
DA:244,0
DA:245,0
DA:246,0
DA:253,0
DA:263,0
DA:277,0
DA:280,0
DA:307,0
DA:332,0
DA:339,0
DA:344,0
DA:382,0
DA:387,0
DA:393,0
DA:404,0
DA:412,0
DA:427,0
DA:446,0
LF:137
LH:0
BRDA:50,0,0,0
BRDA:50,0,1,0
BRDA:53,1,0,0
BRDA:53,1,1,0
BRDA:56,2,0,0
BRDA:56,2,1,0
BRDA:73,3,0,0
BRDA:73,3,1,0
BRDA:74,4,0,0
BRDA:74,4,1,0
BRDA:74,5,0,0
BRDA:74,5,1,0
BRDA:74,5,2,0
BRDA:74,5,3,0
BRDA:74,5,4,0
BRDA:74,5,5,0
BRDA:79,6,0,0
BRDA:79,6,1,0
BRDA:80,7,0,0
BRDA:80,7,1,0
BRDA:80,8,0,0
BRDA:80,8,1,0
BRDA:109,9,0,0
BRDA:109,9,1,0
BRDA:121,10,0,0
BRDA:121,10,1,0
BRDA:122,11,0,0
BRDA:122,11,1,0
BRDA:129,12,0,0
BRDA:129,12,1,0
BRDA:150,13,0,0
BRDA:150,13,1,0
BRDA:164,14,0,0
BRDA:164,14,1,0
BRDA:177,15,0,0
BRDA:177,15,1,0
BRDA:185,16,0,0
BRDA:185,16,1,0
BRDA:194,17,0,0
BRDA:194,17,1,0
BRDA:203,18,0,0
BRDA:203,18,1,0
BRDA:226,19,0,0
BRDA:226,19,1,0
BRDA:228,20,0,0
BRDA:228,20,1,0
BRDA:244,21,0,0
BRDA:244,21,1,0
BRDA:256,22,0,0
BRDA:256,22,1,0
BRDA:258,23,0,0
BRDA:258,23,1,0
BRDA:267,24,0,0
BRDA:267,24,1,0
BRDA:270,25,0,0
BRDA:270,25,1,0
BRDA:303,26,0,0
BRDA:303,26,1,0
BRDA:303,26,2,0
BRDA:309,27,0,0
BRDA:309,27,1,0
BRDA:309,28,0,0
BRDA:309,28,1,0
BRDA:311,29,0,0
BRDA:311,29,1,0
BRDA:311,29,2,0
BRDA:319,30,0,0
BRDA:319,30,1,0
BRDA:319,31,0,0
BRDA:319,31,1,0
BRDA:325,32,0,0
BRDA:325,32,1,0
BRDA:371,33,0,0
BRDA:371,33,1,0
BRDA:371,34,0,0
BRDA:371,34,1,0
BRDA:378,35,0,0
BRDA:378,35,1,0
BRDA:394,36,0,0
BRDA:394,36,1,0
BRDA:408,37,0,0
BRDA:408,37,1,0
BRDA:425,38,0,0
BRDA:425,38,1,0
BRF:84
BRH:0
end_of_record
TN:
SF:app\screens\RecordScreen.js
FN:28,RecordScreen
FN:50,(anonymous_1)
FN:51,(anonymous_2)
FN:74,(anonymous_3)
FN:79,(anonymous_4)
FN:82,(anonymous_5)
FN:87,(anonymous_6)
FN:89,(anonymous_7)
FN:101,(anonymous_8)
FN:127,(anonymous_9)
FN:134,(anonymous_10)
FN:141,(anonymous_11)
FN:146,(anonymous_12)
FN:150,(anonymous_13)
FN:166,(anonymous_14)
FN:174,(anonymous_15)
FN:175,(anonymous_16)
FN:176,(anonymous_17)
FN:177,(anonymous_18)
FN:178,(anonymous_19)
FN:191,(anonymous_20)
FN:200,(anonymous_21)
FN:214,(anonymous_22)
FN:217,(anonymous_23)
FN:221,(anonymous_24)
FN:244,(anonymous_25)
FN:247,(anonymous_26)
FN:256,(anonymous_27)
FN:264,(anonymous_28)
FN:266,(anonymous_29)
FN:266,(anonymous_30)
FN:280,(anonymous_31)
FN:283,(anonymous_32)
FN:298,(anonymous_33)
FN:308,(anonymous_34)
FN:317,(anonymous_35)
FN:328,(anonymous_36)
FN:329,(anonymous_37)
FN:339,(anonymous_38)
FN:347,(anonymous_39)
FN:356,(anonymous_40)
FN:362,(anonymous_41)
FN:370,(anonymous_42)
FN:373,(anonymous_43)
FN:386,(anonymous_44)
FN:387,(anonymous_45)
FN:389,(anonymous_46)
FN:402,(anonymous_47)
FN:413,(anonymous_48)
FN:473,(anonymous_49)
FNF:50
FNH:0
FNDA:0,RecordScreen
FNDA:0,(anonymous_1)
FNDA:0,(anonymous_2)
FNDA:0,(anonymous_3)
FNDA:0,(anonymous_4)
FNDA:0,(anonymous_5)
FNDA:0,(anonymous_6)
FNDA:0,(anonymous_7)
FNDA:0,(anonymous_8)
FNDA:0,(anonymous_9)
FNDA:0,(anonymous_10)
FNDA:0,(anonymous_11)
FNDA:0,(anonymous_12)
FNDA:0,(anonymous_13)
FNDA:0,(anonymous_14)
FNDA:0,(anonymous_15)
FNDA:0,(anonymous_16)
FNDA:0,(anonymous_17)
FNDA:0,(anonymous_18)
FNDA:0,(anonymous_19)
FNDA:0,(anonymous_20)
FNDA:0,(anonymous_21)
FNDA:0,(anonymous_22)
FNDA:0,(anonymous_23)
FNDA:0,(anonymous_24)
FNDA:0,(anonymous_25)
FNDA:0,(anonymous_26)
FNDA:0,(anonymous_27)
FNDA:0,(anonymous_28)
FNDA:0,(anonymous_29)
FNDA:0,(anonymous_30)
FNDA:0,(anonymous_31)
FNDA:0,(anonymous_32)
FNDA:0,(anonymous_33)
FNDA:0,(anonymous_34)
FNDA:0,(anonymous_35)
FNDA:0,(anonymous_36)
FNDA:0,(anonymous_37)
FNDA:0,(anonymous_38)
FNDA:0,(anonymous_39)
FNDA:0,(anonymous_40)
FNDA:0,(anonymous_41)
FNDA:0,(anonymous_42)
FNDA:0,(anonymous_43)
FNDA:0,(anonymous_44)
FNDA:0,(anonymous_45)
FNDA:0,(anonymous_46)
FNDA:0,(anonymous_47)
FNDA:0,(anonymous_48)
FNDA:0,(anonymous_49)
DA:25,0
DA:26,0
DA:29,0
DA:30,0
DA:31,0
DA:32,0
DA:33,0
DA:34,0
DA:35,0
DA:36,0
DA:37,0
DA:38,0
DA:39,0
DA:40,0
DA:41,0
DA:42,0
DA:43,0
DA:44,0
DA:45,0
DA:46,0
DA:47,0
DA:48,0
DA:50,0
DA:51,0
DA:52,0
DA:53,0
DA:54,0
DA:55,0
DA:57,0
DA:58,0
DA:65,0
DA:74,0
DA:75,0
DA:76,0
DA:78,0
DA:79,0
DA:82,0
DA:83,0
DA:87,0
DA:88,0
DA:89,0
DA:90,0
DA:91,0
DA:92,0
DA:101,0
DA:102,0
DA:103,0
DA:104,0
DA:105,0
DA:106,0
DA:107,0
DA:108,0
DA:109,0
DA:119,0
DA:120,0
DA:122,0
DA:123,0
DA:128,0
DA:134,0
DA:135,0
DA:141,0
DA:146,0
DA:151,0
DA:152,0
DA:153,0
DA:154,0
DA:155,0
DA:157,0
DA:166,0
DA:167,0
DA:168,0
DA:169,0
DA:170,0
DA:171,0
DA:172,0
DA:173,0
DA:174,0
DA:175,0
DA:176,0
DA:177,0
DA:178,0
DA:179,0
DA:180,0
DA:181,0
DA:182,0
DA:183,0
DA:184,0
DA:185,0
DA:187,0
DA:188,0
DA:191,0
DA:192,0
DA:193,0
DA:194,0
DA:196,0
DA:200,0
DA:201,0
DA:202,0
DA:203,0
DA:204,0
DA:205,0
DA:212,0
DA:213,0
DA:214,0
DA:217,0
DA:221,0
DA:222,0
DA:223,0
DA:224,0
DA:225,0
DA:226,0
DA:227,0
DA:228,0
DA:229,0
DA:230,0
DA:231,0
DA:232,0
DA:233,0
DA:234,0
DA:235,0
DA:236,0
DA:237,0
DA:238,0
DA:239,0
DA:240,0
DA:241,0
DA:242,0
DA:243,0
DA:244,0
DA:247,0
DA:248,0
DA:249,0
DA:250,0
DA:251,0
DA:252,0
DA:253,0
DA:256,0
DA:257,0
DA:258,0
DA:259,0
DA:260,0
DA:261,0
DA:264,0
DA:265,0
DA:266,0
DA:267,0
DA:277,0
DA:280,0
DA:281,0
DA:282,0
DA:283,0
DA:284,0
DA:298,0
DA:299,0
DA:300,0
DA:308,0
DA:309,0
DA:312,0
DA:317,0
DA:328,0
DA:329,0
DA:339,0
DA:347,0
DA:356,0
DA:362,0
DA:370,0
DA:373,0
DA:386,0
DA:387,0
DA:390,0
DA:402,0
DA:413,0
DA:423,0
DA:473,0
DA:474,0
DA:475,0
DA:476,0
DA:478,0
DA:479,0
DA:480,0
DA:481,0
DA:482,0
DA:483,0
DA:484,0
DA:486,0
DA:487,0
LF:186
LH:0
BRDA:53,0,0,0
BRDA:53,0,1,0
BRDA:76,1,0,0
BRDA:76,1,1,0
BRDA:78,2,0,0
BRDA:78,2,1,0
BRDA:102,3,0,0
BRDA:102,3,1,0
BRDA:104,4,0,0
BRDA:104,4,1,0
BRDA:107,5,0,0
BRDA:107,5,1,0
BRDA:122,6,0,0
BRDA:122,6,1,0
BRDA:151,7,0,0
BRDA:151,7,1,0
BRDA:152,8,0,0
BRDA:152,8,1,0
BRDA:179,9,0,0
BRDA:179,9,1,0
BRDA:192,10,0,0
BRDA:192,10,1,0
BRDA:212,11,0,0
BRDA:212,11,1,0
BRDA:213,12,0,0
BRDA:213,12,1,0
BRDA:265,13,0,0
BRDA:265,13,1,0
BRDA:281,14,0,0
BRDA:281,14,1,0
BRDA:282,15,0,0
BRDA:282,15,1,0
BRDA:299,16,0,0
BRDA:299,16,1,0
BRDA:315,17,0,0
BRDA:315,17,1,0
BRDA:329,18,0,0
BRDA:329,18,1,0
BRDA:336,19,0,0
BRDA:336,19,1,0
BRDA:336,19,2,0
BRDA:344,20,0,0
BRDA:344,20,1,0
BRDA:344,20,2,0
BRDA:353,21,0,0
BRDA:353,21,1,0
BRDA:353,21,2,0
BRDA:360,22,0,0
BRDA:360,22,1,0
BRDA:408,23,0,0
BRDA:408,23,1,0
BRDA:409,24,0,0
BRDA:409,24,1,0
BRDA:411,25,0,0
BRDA:411,25,1,0
BRDA:474,26,0,0
BRDA:474,26,1,0
BRDA:478,27,0,0
BRDA:478,27,1,0
BRDA:480,28,0,0
BRDA:480,28,1,0
BRF:61
BRH:0
end_of_record
TN:
SF:app\screens\RegisterScreen.js
FN:24,RegistrationScreen
FN:31,(anonymous_1)
FN:57,(anonymous_2)
FNF:3
FNH:0
FNDA:0,RegistrationScreen
FNDA:0,(anonymous_1)
FNDA:0,(anonymous_2)
DA:17,0
DA:25,0
DA:26,0
DA:27,0
DA:28,0
DA:29,0
DA:31,0
DA:32,0
DA:33,0
DA:34,0
DA:35,0
DA:36,0
DA:37,0
DA:39,0
DA:41,0
DA:43,0
DA:44,0
DA:48,0
DA:51,0
DA:57,0
DA:103,0
LF:21
LH:0
BRDA:35,0,0,0
BRDA:35,0,1,0
BRDA:35,1,0,0
BRDA:35,1,1,0
BRDA:37,2,0,0
BRDA:37,2,1,0
BRDA:96,3,0,0
BRDA:96,3,1,0
BRF:8
BRH:0
end_of_record
TN:
SF:app\screens\ReportScreen.js
FN:16,ReportScreen
FN:33,(anonymous_1)
FN:41,(anonymous_2)
FN:55,(anonymous_3)
FN:56,(anonymous_4)
FN:83,(anonymous_5)
FN:88,(anonymous_6)
FN:90,(anonymous_7)
FN:91,(anonymous_8)
FN:106,(anonymous_9)
FN:118,(anonymous_10)
FN:120,(anonymous_11)
FN:121,(anonymous_12)
FN:129,(anonymous_13)
FN:143,(anonymous_14)
FN:150,(anonymous_15)
FN:162,(anonymous_16)
FN:169,(anonymous_17)
FN:175,(anonymous_18)
FN:184,(anonymous_19)
FN:193,(anonymous_20)
FN:201,(anonymous_21)
FN:214,(anonymous_22)
FN:217,(anonymous_23)
FN:218,(anonymous_24)
FN:228,(anonymous_25)
FN:231,(anonymous_26)
FN:242,(anonymous_27)
FN:243,(anonymous_28)
FN:250,(anonymous_29)
FN:252,(anonymous_30)
FN:255,(anonymous_31)
FN:265,(anonymous_32)
FN:272,(anonymous_33)
FN:272,(anonymous_34)
FN:305,(anonymous_35)
FN:307,(anonymous_36)
FN:317,(anonymous_37)
FN:321,(anonymous_38)
FN:321,(anonymous_39)
FN:322,(anonymous_40)
FN:322,(anonymous_41)
FN:323,(anonymous_42)
FN:323,(anonymous_43)
FN:324,(anonymous_44)
FN:324,(anonymous_45)
FN:327,(anonymous_46)
FN:350,(anonymous_47)
FN:359,(anonymous_48)
FN:374,(anonymous_49)
FN:403,(anonymous_50)
FN:455,(anonymous_51)
FNF:52
FNH:0
FNDA:0,ReportScreen
FNDA:0,(anonymous_1)
FNDA:0,(anonymous_2)
FNDA:0,(anonymous_3)
FNDA:0,(anonymous_4)
FNDA:0,(anonymous_5)
FNDA:0,(anonymous_6)
FNDA:0,(anonymous_7)
FNDA:0,(anonymous_8)
FNDA:0,(anonymous_9)
FNDA:0,(anonymous_10)
FNDA:0,(anonymous_11)
FNDA:0,(anonymous_12)
FNDA:0,(anonymous_13)
FNDA:0,(anonymous_14)
FNDA:0,(anonymous_15)
FNDA:0,(anonymous_16)
FNDA:0,(anonymous_17)
FNDA:0,(anonymous_18)
FNDA:0,(anonymous_19)
FNDA:0,(anonymous_20)
FNDA:0,(anonymous_21)
FNDA:0,(anonymous_22)
FNDA:0,(anonymous_23)
FNDA:0,(anonymous_24)
FNDA:0,(anonymous_25)
FNDA:0,(anonymous_26)
FNDA:0,(anonymous_27)
FNDA:0,(anonymous_28)
FNDA:0,(anonymous_29)
FNDA:0,(anonymous_30)
FNDA:0,(anonymous_31)
FNDA:0,(anonymous_32)
FNDA:0,(anonymous_33)
FNDA:0,(anonymous_34)
FNDA:0,(anonymous_35)
FNDA:0,(anonymous_36)
FNDA:0,(anonymous_37)
FNDA:0,(anonymous_38)
FNDA:0,(anonymous_39)
FNDA:0,(anonymous_40)
FNDA:0,(anonymous_41)
FNDA:0,(anonymous_42)
FNDA:0,(anonymous_43)
FNDA:0,(anonymous_44)
FNDA:0,(anonymous_45)
FNDA:0,(anonymous_46)
FNDA:0,(anonymous_47)
FNDA:0,(anonymous_48)
FNDA:0,(anonymous_49)
FNDA:0,(anonymous_50)
FNDA:0,(anonymous_51)
DA:17,0
DA:18,0
DA:19,0
DA:20,0
DA:21,0
DA:22,0
DA:23,0
DA:24,0
DA:25,0
DA:26,0
DA:27,0
DA:28,0
DA:29,0
DA:30,0
DA:31,0
DA:33,0
DA:34,0
DA:35,0
DA:36,0
DA:37,0
DA:41,0
DA:42,0
DA:43,0
DA:44,0
DA:45,0
DA:47,0
DA:55,0
DA:56,0
DA:57,0
DA:58,0
DA:59,0
DA:60,0
DA:61,0
DA:62,0
DA:63,0
DA:64,0
DA:65,0
DA:74,0
DA:83,0
DA:84,0
DA:85,0
DA:88,0
DA:89,0
DA:90,0
DA:92,0
DA:106,0
DA:107,0
DA:108,0
DA:118,0
DA:119,0
DA:120,0
DA:121,0
DA:122,0
DA:130,0
DA:131,0
DA:133,0
DA:134,0
DA:140,0
DA:143,0
DA:144,0
DA:145,0
DA:146,0
DA:150,0
DA:151,0
DA:162,0
DA:163,0
DA:164,0
DA:165,0
DA:169,0
DA:170,0
DA:171,0
DA:172,0
DA:175,0
DA:177,0
DA:184,0
DA:186,0
DA:193,0
DA:194,0
DA:201,0
DA:203,0
DA:204,0
DA:205,0
DA:206,0
DA:207,0
DA:210,0
DA:214,0
DA:215,0
DA:216,0
DA:217,0
DA:218,0
DA:223,0
DA:228,0
DA:229,0
DA:230,0
DA:231,0
DA:232,0
DA:237,0
DA:242,0
DA:243,0
DA:244,0
DA:250,0
DA:252,0
DA:256,0
DA:265,0
DA:272,0
DA:273,0
DA:305,0
DA:306,0
DA:307,0
DA:308,0
DA:313,0
DA:317,0
DA:321,0
DA:322,0
DA:323,0
DA:324,0
DA:327,0
DA:328,0
DA:329,0
DA:330,0
DA:345,0
DA:350,0
DA:351,0
DA:352,0
DA:355,0
DA:359,0
DA:374,0
DA:403,0
DA:455,0
DA:462,0
LF:130
LH:0
BRDA:35,0,0,0
BRDA:35,0,1,0
BRDA:41,1,0,0
BRDA:43,2,0,0
BRDA:43,2,1,0
BRDA:45,3,0,0
BRDA:45,3,1,0
BRDA:68,4,0,0
BRDA:68,4,1,0
BRDA:68,5,0,0
BRDA:68,5,1,0
BRDA:69,6,0,0
BRDA:69,6,1,0
BRDA:69,7,0,0
BRDA:69,7,1,0
BRDA:89,8,0,0
BRDA:89,8,1,0
BRDA:107,9,0,0
BRDA:107,9,1,0
BRDA:119,10,0,0
BRDA:119,10,1,0
BRDA:123,11,0,0
BRDA:123,11,1,0
BRDA:123,12,0,0
BRDA:123,12,1,0
BRDA:123,13,0,0
BRDA:123,13,1,0
BRDA:130,14,0,0
BRDA:130,14,1,0
BRDA:144,15,0,0
BRDA:144,15,1,0
BRDA:145,16,0,0
BRDA:145,16,1,0
BRDA:152,17,0,0
BRDA:152,17,1,0
BRDA:215,18,0,0
BRDA:215,18,1,0
BRDA:229,19,0,0
BRDA:229,19,1,0
BRDA:268,20,0,0
BRDA:268,20,1,0
BRDA:275,21,0,0
BRDA:275,21,1,0
BRDA:284,22,0,0
BRDA:284,22,1,0
BRDA:306,23,0,0
BRDA:306,23,1,0
BRDA:308,24,0,0
BRDA:308,24,1,0
BRDA:308,25,0,0
BRDA:308,25,1,0
BRDA:308,26,0,0
BRDA:308,26,1,0
BRDA:331,27,0,0
BRDA:331,27,1,0
BRDA:332,28,0,0
BRDA:332,28,1,0
BRDA:367,29,0,0
BRDA:367,29,1,0
BRDA:370,30,0,0
BRDA:370,30,1,0
BRDA:374,31,0,0
BRDA:374,31,1,0
BRDA:403,32,0,0
BRDA:403,32,1,0
BRDA:446,33,0,0
BRDA:446,33,1,0
BRF:67
BRH:0
end_of_record
TN:
SF:app\screens\ReportlistScreen.js
FN:16,ReportlistScreen
FN:28,(anonymous_1)
FN:32,(anonymous_2)
FN:33,(anonymous_3)
FN:34,(anonymous_4)
FN:36,(anonymous_5)
FN:65,(anonymous_6)
FN:76,(anonymous_7)
FN:79,(anonymous_8)
FN:80,(anonymous_9)
FN:84,(anonymous_10)
FN:102,(anonymous_11)
FN:115,(anonymous_12)
FN:129,(anonymous_13)
FNF:14
FNH:0
FNDA:0,ReportlistScreen
FNDA:0,(anonymous_1)
FNDA:0,(anonymous_2)
FNDA:0,(anonymous_3)
FNDA:0,(anonymous_4)
FNDA:0,(anonymous_5)
FNDA:0,(anonymous_6)
FNDA:0,(anonymous_7)
FNDA:0,(anonymous_8)
FNDA:0,(anonymous_9)
FNDA:0,(anonymous_10)
FNDA:0,(anonymous_11)
FNDA:0,(anonymous_12)
FNDA:0,(anonymous_13)
DA:17,0
DA:18,0
DA:19,0
DA:20,0
DA:21,0
DA:24,0
DA:25,0
DA:26,0
DA:28,0
DA:29,0
DA:32,0
DA:33,0
DA:34,0
DA:35,0
DA:36,0
DA:37,0
DA:39,0
DA:40,0
DA:44,0
DA:51,0
DA:52,0
DA:53,0
DA:54,0
DA:57,0
DA:65,0
DA:66,0
DA:67,0
DA:68,0
DA:69,0
DA:70,0
DA:71,0
DA:73,0
DA:76,0
DA:77,0
DA:78,0
DA:79,0
DA:80,0
DA:81,0
DA:84,0
DA:91,0
DA:102,0
DA:115,0
DA:129,0
DA:136,0
LF:44
LH:0
BRDA:35,0,0,0
BRDA:35,0,1,0
BRDA:52,1,0,0
BRDA:52,1,1,0
BRDA:68,2,0,0
BRDA:68,2,1,0
BRDA:69,3,0,0
BRDA:69,3,1,0
BRDA:69,4,0,0
BRDA:69,4,1,0
BRDA:77,5,0,0
BRDA:77,5,1,0
BRDA:93,6,0,0
BRDA:93,6,1,0
BRDA:94,7,0,0
BRDA:94,7,1,0
BRDA:120,8,0,0
BRDA:120,8,1,0
BRDA:128,9,0,0
BRDA:128,9,1,0
BRF:20
BRH:0
end_of_record
TN:
SF:app\utility\cache.js
FN:5,(anonymous_0)
FN:16,(anonymous_1)
FN:30,(anonymous_2)
FN:32,(anonymous_3)
FN:36,(anonymous_4)
FN:44,(anonymous_5)
FN:48,(anonymous_6)
FN:58,(anonymous_7)
FN:67,(anonymous_8)
FN:77,(anonymous_9)
FNF:10
FNH:0
FNDA:0,(anonymous_0)
FNDA:0,(anonymous_1)
FNDA:0,(anonymous_2)
FNDA:0,(anonymous_3)
FNDA:0,(anonymous_4)
FNDA:0,(anonymous_5)
FNDA:0,(anonymous_6)
FNDA:0,(anonymous_7)
FNDA:0,(anonymous_8)
FNDA:0,(anonymous_9)
DA:3,0
DA:5,0
DA:6,0
DA:7,0
DA:8,0
DA:9,0
DA:10,0
DA:12,0
DA:16,0
DA:17,0
DA:18,0
DA:19,0
DA:20,0
DA:22,0
DA:24,0
DA:26,0
DA:30,0
DA:31,0
DA:32,0
DA:33,0
DA:36,0
DA:37,0
DA:38,0
DA:40,0
DA:44,0
DA:45,0
DA:46,0
DA:47,0
DA:48,0
DA:49,0
DA:50,0
DA:52,0
DA:53,0
DA:57,0
DA:58,0
DA:59,0
DA:60,0
DA:62,0
DA:67,0
DA:68,0
DA:69,0
DA:70,0
DA:71,0
DA:73,0
DA:77,0
DA:78,0
DA:79,0
DA:81,0
LF:48
LH:0
BRDA:5,0,0,0
BRDA:9,1,0,0
BRDA:9,1,1,0
BRDA:19,2,0,0
BRDA:19,2,1,0
BRDA:47,3,0,0
BRDA:47,3,1,0
BRDA:49,4,0,0
BRDA:49,4,1,0
BRDA:70,5,0,0
BRDA:70,5,1,0
BRF:11
BRH:0
end_of_record
